<test-run id="2" testcasecount="114" result="Passed" start-time="2026-03-13 21:05:32.728660" end-time="2026-03-13 21:06:58.668384" duration="85" total="114" passed="114" failed="0" inconclusive="0" skipped="0" asserts="0" clr-version="3.12.7 | packaged by Anaconda, Inc. | (main, Oct  4 2024, 08:22:19) [Clang 14.0.6 ]" engine-version="3.6.2"><command-line>/opt/homebrew/anaconda3/lib/python3.12/site-packages/pytest/__main__.py tests/ -v</command-line><filter><test re="0">tests/</test></filter><test-suite id="tests/test_environment.py::TestRegulatorIntegration" name="tests/test_environment.py::TestRegulatorIntegration" fullname="tests/test_environment.py::TestRegulatorIntegration" methodname="" classname="" runstate="Runnable" type="Assembly" testcasecount="2" result="Passed" label="" start-time="2026-03-13 21:05:35.996872" end-time="2026-03-13 21:05:35.998570" duration="0.001698" asserts="0" total="2" passed="2" failed="0" warnings="0" inconclusive="0" skipped="0"><properties><property name="python_version" value="3.12.7 | packaged by Anaconda, Inc. | (main, Oct  4 2024, 08:22:19) [Clang 14.0.6 ]" /></properties><test-case id="146" name="tests/test_environment.py::TestRegulatorIntegration::test_regulator_update_called_on_step" fullname="tests/test_environment.py::TestRegulatorIntegration::test_regulator_update_called_on_step" methodname="test_regulator_update_called_on_step" classname="TestRegulatorIntegration" runstate="Runnable" seed="1" result="Passed" label="EnergyEnv calls regulator.update after each step." start-time="2026-03-13 21:05:35.996872" end-time="2026-03-13 21:05:35.997463" duration="0.000591" asserts="0"><properties><property name="python-version" value="3.12.7 | packaged by Anaconda, Inc. | (main, Oct  4 2024, 08:22:19) [Clang 14.0.6 ]" /><property name="fspath" value="tests/test_environment.py" /></properties><environment framework-version="3.6.2" clr-version="3.12.7 | packaged by Anaconda, Inc. | (main, Oct  4 2024, 08:22:19) [Clang 14.0.6 ]" os-version="25.2.0" platform="Darwin" cwd="/Users/georgelevis/Projects/Smart-Home-P2P-Energy-Trading-RL" machine-name="arm64" user="" user-domain="" culture="en_US" uiculture="en_US" os-architecture="64bit" /><failure><message><![CDATA[]]></message><stack-trace><![CDATA[None]]></stack-trace></failure><reason><message><![CDATA[]]></message></reason><output><![CDATA[]]></output></test-case><test-case id="147" name="tests/test_environment.py::TestRegulatorIntegration::test_regulator_receives_selling_prices" fullname="tests/test_environment.py::TestRegulatorIntegration::test_regulator_receives_selling_prices" methodname="test_regulator_receives_selling_prices" classname="TestRegulatorIntegration" runstate="Runnable" seed="1" result="Passed" label="Regulator update receives the selling-price column (index 2) of actions." start-time="2026-03-13 21:05:35.997597" end-time="2026-03-13 21:05:35.998570" duration="0.000973" asserts="0"><properties><property name="python-version" value="3.12.7 | packaged by Anaconda, Inc. | (main, Oct  4 2024, 08:22:19) [Clang 14.0.6 ]" /><property name="fspath" value="tests/test_environment.py" /></properties><environment framework-version="3.6.2" clr-version="3.12.7 | packaged by Anaconda, Inc. | (main, Oct  4 2024, 08:22:19) [Clang 14.0.6 ]" os-version="25.2.0" platform="Darwin" cwd="/Users/georgelevis/Projects/Smart-Home-P2P-Energy-Trading-RL" machine-name="arm64" user="" user-domain="" culture="en_US" uiculture="en_US" os-architecture="64bit" /><failure><message><![CDATA[]]></message><stack-trace><![CDATA[None]]></stack-trace></failure><reason><message><![CDATA[]]></message></reason><output><![CDATA[]]></output></test-case><environment framework-version="3.6.2" clr-version="3.12.7 | packaged by Anaconda, Inc. | (main, Oct  4 2024, 08:22:19) [Clang 14.0.6 ]" os-version="25.2.0" platform="Darwin" cwd="/Users/georgelevis/Projects/Smart-Home-P2P-Energy-Trading-RL" machine-name="arm64" user="" user-domain="" culture="en_US" uiculture="en_US" os-architecture="64bit" /></test-suite><test-suite id="tests/test_plotting.py" name="tests/test_plotting.py" fullname="tests/test_plotting.py" methodname="" classname="" runstate="Runnable" type="Assembly" testcasecount="10" result="Passed" label="Tests for plotting utilities — TikZ export and matplotlib quick-look plots." start-time="2026-03-13 21:06:58.228121" end-time="2026-03-13 21:06:58.600245" duration="0.372124" asserts="0" total="10" passed="10" failed="0" warnings="0" inconclusive="0" skipped="0"><properties><property name="python_version" value="3.12.7 | packaged by Anaconda, Inc. | (main, Oct  4 2024, 08:22:19) [Clang 14.0.6 ]" /></properties><test-case id="189" name="tests/test_plotting.py::test_palette_has_required_colors" fullname="tests/test_plotting.py::test_palette_has_required_colors" methodname="test_palette_has_required_colors" classname="tests/test_plotting.py" runstate="Runnable" seed="1" result="Passed" label="" start-time="2026-03-13 21:06:58.228121" end-time="2026-03-13 21:06:58.228289" duration="0.000168" asserts="0"><properties><property name="python-version" value="3.12.7 | packaged by Anaconda, Inc. | (main, Oct  4 2024, 08:22:19) [Clang 14.0.6 ]" /><property name="fspath" value="tests/test_plotting.py" /></properties><environment framework-version="3.6.2" clr-version="3.12.7 | packaged by Anaconda, Inc. | (main, Oct  4 2024, 08:22:19) [Clang 14.0.6 ]" os-version="25.2.0" platform="Darwin" cwd="/Users/georgelevis/Projects/Smart-Home-P2P-Energy-Trading-RL" machine-name="arm64" user="" user-domain="" culture="en_US" uiculture="en_US" os-architecture="64bit" /><failure><message><![CDATA[]]></message><stack-trace><![CDATA[None]]></stack-trace></failure><reason><message><![CDATA[]]></message></reason><output><![CDATA[]]></output></test-case><test-case id="190" name="tests/test_plotting.py::test_agent_colors_keys" fullname="tests/test_plotting.py::test_agent_colors_keys" methodname="test_agent_colors_keys" classname="tests/test_plotting.py" runstate="Runnable" seed="1" result="Passed" label="" start-time="2026-03-13 21:06:58.228419" end-time="2026-03-13 21:06:58.228561" duration="0.000142" asserts="0"><properties><property name="python-version" value="3.12.7 | packaged by Anaconda, Inc. | (main, Oct  4 2024, 08:22:19) [Clang 14.0.6 ]" /><property name="fspath" value="tests/test_plotting.py" /></properties><environment framework-version="3.6.2" clr-version="3.12.7 | packaged by Anaconda, Inc. | (main, Oct  4 2024, 08:22:19) [Clang 14.0.6 ]" os-version="25.2.0" platform="Darwin" cwd="/Users/georgelevis/Projects/Smart-Home-P2P-Energy-Trading-RL" machine-name="arm64" user="" user-domain="" culture="en_US" uiculture="en_US" os-architecture="64bit" /><failure><message><![CDATA[]]></message><stack-trace><![CDATA[None]]></stack-trace></failure><reason><message><![CDATA[]]></message></reason><output><![CDATA[]]></output></test-case><test-case id="191" name="tests/test_plotting.py::test_tikz_convergence_generates_tex" fullname="tests/test_plotting.py::test_tikz_convergence_generates_tex" methodname="test_tikz_convergence_generates_tex" classname="tests/test_plotting.py" runstate="Runnable" seed="1" result="Passed" label="" start-time="2026-03-13 21:06:58.228670" end-time="2026-03-13 21:06:58.229518" duration="0.000848" asserts="0"><properties><property name="python-version" value="3.12.7 | packaged by Anaconda, Inc. | (main, Oct  4 2024, 08:22:19) [Clang 14.0.6 ]" /><property name="fspath" value="tests/test_plotting.py" /></properties><environment framework-version="3.6.2" clr-version="3.12.7 | packaged by Anaconda, Inc. | (main, Oct  4 2024, 08:22:19) [Clang 14.0.6 ]" os-version="25.2.0" platform="Darwin" cwd="/Users/georgelevis/Projects/Smart-Home-P2P-Energy-Trading-RL" machine-name="arm64" user="" user-domain="" culture="en_US" uiculture="en_US" os-architecture="64bit" /><failure><message><![CDATA[]]></message><stack-trace><![CDATA[None]]></stack-trace></failure><reason><message><![CDATA[]]></message></reason><output><![CDATA[]]></output></test-case><test-case id="192" name="tests/test_plotting.py::test_tikz_convergence_writes_file" fullname="tests/test_plotting.py::test_tikz_convergence_writes_file" methodname="test_tikz_convergence_writes_file" classname="tests/test_plotting.py" runstate="Runnable" seed="1" result="Passed" label="" start-time="2026-03-13 21:06:58.231983" end-time="2026-03-13 21:06:58.233511" duration="0.001528" asserts="0"><properties><property name="python-version" value="3.12.7 | packaged by Anaconda, Inc. | (main, Oct  4 2024, 08:22:19) [Clang 14.0.6 ]" /><property name="fspath" value="tests/test_plotting.py" /></properties><environment framework-version="3.6.2" clr-version="3.12.7 | packaged by Anaconda, Inc. | (main, Oct  4 2024, 08:22:19) [Clang 14.0.6 ]" os-version="25.2.0" platform="Darwin" cwd="/Users/georgelevis/Projects/Smart-Home-P2P-Energy-Trading-RL" machine-name="arm64" user="" user-domain="" culture="en_US" uiculture="en_US" os-architecture="64bit" /><failure><message><![CDATA[]]></message><stack-trace><![CDATA[None]]></stack-trace></failure><reason><message><![CDATA[]]></message></reason><output><![CDATA[]]></output></test-case><test-case id="193" name="tests/test_plotting.py::test_tikz_bar_chart" fullname="tests/test_plotting.py::test_tikz_bar_chart" methodname="test_tikz_bar_chart" classname="tests/test_plotting.py" runstate="Runnable" seed="1" result="Passed" label="" start-time="2026-03-13 21:06:58.234227" end-time="2026-03-13 21:06:58.235644" duration="0.001417" asserts="0"><properties><property name="python-version" value="3.12.7 | packaged by Anaconda, Inc. | (main, Oct  4 2024, 08:22:19) [Clang 14.0.6 ]" /><property name="fspath" value="tests/test_plotting.py" /></properties><environment framework-version="3.6.2" clr-version="3.12.7 | packaged by Anaconda, Inc. | (main, Oct  4 2024, 08:22:19) [Clang 14.0.6 ]" os-version="25.2.0" platform="Darwin" cwd="/Users/georgelevis/Projects/Smart-Home-P2P-Energy-Trading-RL" machine-name="arm64" user="" user-domain="" culture="en_US" uiculture="en_US" os-architecture="64bit" /><failure><message><![CDATA[]]></message><stack-trace><![CDATA[None]]></stack-trace></failure><reason><message><![CDATA[]]></message></reason><output><![CDATA[]]></output></test-case><test-case id="194" name="tests/test_plotting.py::test_tikz_heatmap" fullname="tests/test_plotting.py::test_tikz_heatmap" methodname="test_tikz_heatmap" classname="tests/test_plotting.py" runstate="Runnable" seed="1" result="Passed" label="" start-time="2026-03-13 21:06:58.237367" end-time="2026-03-13 21:06:58.240208" duration="0.002841" asserts="0"><properties><property name="python-version" value="3.12.7 | packaged by Anaconda, Inc. | (main, Oct  4 2024, 08:22:19) [Clang 14.0.6 ]" /><property name="fspath" value="tests/test_plotting.py" /></properties><environment framework-version="3.6.2" clr-version="3.12.7 | packaged by Anaconda, Inc. | (main, Oct  4 2024, 08:22:19) [Clang 14.0.6 ]" os-version="25.2.0" platform="Darwin" cwd="/Users/georgelevis/Projects/Smart-Home-P2P-Energy-Trading-RL" machine-name="arm64" user="" user-domain="" culture="en_US" uiculture="en_US" os-architecture="64bit" /><failure><message><![CDATA[]]></message><stack-trace><![CDATA[None]]></stack-trace></failure><reason><message><![CDATA[]]></message></reason><output><![CDATA[]]></output></test-case><test-case id="195" name="tests/test_plotting.py::test_tikz_significance_table" fullname="tests/test_plotting.py::test_tikz_significance_table" methodname="test_tikz_significance_table" classname="tests/test_plotting.py" runstate="Runnable" seed="1" result="Passed" label="" start-time="2026-03-13 21:06:58.240694" end-time="2026-03-13 21:06:58.240999" duration="0.000305" asserts="0"><properties><property name="python-version" value="3.12.7 | packaged by Anaconda, Inc. | (main, Oct  4 2024, 08:22:19) [Clang 14.0.6 ]" /><property name="fspath" value="tests/test_plotting.py" /></properties><environment framework-version="3.6.2" clr-version="3.12.7 | packaged by Anaconda, Inc. | (main, Oct  4 2024, 08:22:19) [Clang 14.0.6 ]" os-version="25.2.0" platform="Darwin" cwd="/Users/georgelevis/Projects/Smart-Home-P2P-Energy-Trading-RL" machine-name="arm64" user="" user-domain="" culture="en_US" uiculture="en_US" os-architecture="64bit" /><failure><message><![CDATA[]]></message><stack-trace><![CDATA[None]]></stack-trace></failure><reason><message><![CDATA[]]></message></reason><output><![CDATA[]]></output></test-case><test-case id="196" name="tests/test_plotting.py::test_matplotlib_convergence_saves_png" fullname="tests/test_plotting.py::test_matplotlib_convergence_saves_png" methodname="test_matplotlib_convergence_saves_png" classname="tests/test_plotting.py" runstate="Runnable" seed="1" result="Passed" label="" start-time="2026-03-13 21:06:58.241420" end-time="2026-03-13 21:06:58.487024" duration="0.245604" asserts="0"><properties><property name="python-version" value="3.12.7 | packaged by Anaconda, Inc. | (main, Oct  4 2024, 08:22:19) [Clang 14.0.6 ]" /><property name="fspath" value="tests/test_plotting.py" /></properties><environment framework-version="3.6.2" clr-version="3.12.7 | packaged by Anaconda, Inc. | (main, Oct  4 2024, 08:22:19) [Clang 14.0.6 ]" os-version="25.2.0" platform="Darwin" cwd="/Users/georgelevis/Projects/Smart-Home-P2P-Energy-Trading-RL" machine-name="arm64" user="" user-domain="" culture="en_US" uiculture="en_US" os-architecture="64bit" /><failure><message><![CDATA[]]></message><stack-trace><![CDATA[None]]></stack-trace></failure><reason><message><![CDATA[]]></message></reason><output><![CDATA[]]></output></test-case><test-case id="197" name="tests/test_plotting.py::test_matplotlib_bar_saves_png" fullname="tests/test_plotting.py::test_matplotlib_bar_saves_png" methodname="test_matplotlib_bar_saves_png" classname="tests/test_plotting.py" runstate="Runnable" seed="1" result="Passed" label="" start-time="2026-03-13 21:06:58.487751" end-time="2026-03-13 21:06:58.537022" duration="0.049271" asserts="0"><properties><property name="python-version" value="3.12.7 | packaged by Anaconda, Inc. | (main, Oct  4 2024, 08:22:19) [Clang 14.0.6 ]" /><property name="fspath" value="tests/test_plotting.py" /></properties><environment framework-version="3.6.2" clr-version="3.12.7 | packaged by Anaconda, Inc. | (main, Oct  4 2024, 08:22:19) [Clang 14.0.6 ]" os-version="25.2.0" platform="Darwin" cwd="/Users/georgelevis/Projects/Smart-Home-P2P-Energy-Trading-RL" machine-name="arm64" user="" user-domain="" culture="en_US" uiculture="en_US" os-architecture="64bit" /><failure><message><![CDATA[]]></message><stack-trace><![CDATA[None]]></stack-trace></failure><reason><message><![CDATA[]]></message></reason><output><![CDATA[]]></output></test-case><test-case id="198" name="tests/test_plotting.py::test_matplotlib_heatmap_saves_png" fullname="tests/test_plotting.py::test_matplotlib_heatmap_saves_png" methodname="test_matplotlib_heatmap_saves_png" classname="tests/test_plotting.py" runstate="Runnable" seed="1" result="Passed" label="" start-time="2026-03-13 21:06:58.537615" end-time="2026-03-13 21:06:58.600245" duration="0.06263" asserts="0"><properties><property name="python-version" value="3.12.7 | packaged by Anaconda, Inc. | (main, Oct  4 2024, 08:22:19) [Clang 14.0.6 ]" /><property name="fspath" value="tests/test_plotting.py" /></properties><environment framework-version="3.6.2" clr-version="3.12.7 | packaged by Anaconda, Inc. | (main, Oct  4 2024, 08:22:19) [Clang 14.0.6 ]" os-version="25.2.0" platform="Darwin" cwd="/Users/georgelevis/Projects/Smart-Home-P2P-Energy-Trading-RL" machine-name="arm64" user="" user-domain="" culture="en_US" uiculture="en_US" os-architecture="64bit" /><failure><message><![CDATA[]]></message><stack-trace><![CDATA[None]]></stack-trace></failure><reason><message><![CDATA[]]></message></reason><output><![CDATA[]]></output></test-case><environment framework-version="3.6.2" clr-version="3.12.7 | packaged by Anaconda, Inc. | (main, Oct  4 2024, 08:22:19) [Clang 14.0.6 ]" os-version="25.2.0" platform="Darwin" cwd="/Users/georgelevis/Projects/Smart-Home-P2P-Energy-Trading-RL" machine-name="arm64" user="" user-domain="" culture="en_US" uiculture="en_US" os-architecture="64bit" /></test-suite><test-suite id="tests/test_environment.py::TestStepInterface" name="tests/test_environment.py::TestStepInterface" fullname="tests/test_environment.py::TestStepInterface" methodname="" classname="" runstate="Runnable" type="Assembly" testcasecount="10" result="Passed" label="" start-time="2026-03-13 21:05:35.983692" end-time="2026-03-13 21:05:35.989582" duration="0.00589" asserts="0" total="10" passed="10" failed="0" warnings="0" inconclusive="0" skipped="0"><properties><property name="python_version" value="3.12.7 | packaged by Anaconda, Inc. | (main, Oct  4 2024, 08:22:19) [Clang 14.0.6 ]" /></properties><test-case id="124" name="tests/test_environment.py::TestStepInterface::test_step_returns_four_tuple" fullname="tests/test_environment.py::TestStepInterface::test_step_returns_four_tuple" methodname="test_step_returns_four_tuple" classname="TestStepInterface" runstate="Runnable" seed="1" result="Passed" label="" start-time="2026-03-13 21:05:35.983692" end-time="2026-03-13 21:05:35.984136" duration="0.000444" asserts="0"><properties><property name="python-version" value="3.12.7 | packaged by Anaconda, Inc. | (main, Oct  4 2024, 08:22:19) [Clang 14.0.6 ]" /><property name="fspath" value="tests/test_environment.py" /></properties><environment framework-version="3.6.2" clr-version="3.12.7 | packaged by Anaconda, Inc. | (main, Oct  4 2024, 08:22:19) [Clang 14.0.6 ]" os-version="25.2.0" platform="Darwin" cwd="/Users/georgelevis/Projects/Smart-Home-P2P-Energy-Trading-RL" machine-name="arm64" user="" user-domain="" culture="en_US" uiculture="en_US" os-architecture="64bit" /><failure><message><![CDATA[]]></message><stack-trace><![CDATA[None]]></stack-trace></failure><reason><message><![CDATA[]]></message></reason><output><![CDATA[]]></output></test-case><test-case id="125" name="tests/test_environment.py::TestStepInterface::test_step_next_state_shape" fullname="tests/test_environment.py::TestStepInterface::test_step_next_state_shape" methodname="test_step_next_state_shape" classname="TestStepInterface" runstate="Runnable" seed="1" result="Passed" label="" start-time="2026-03-13 21:05:35.984256" end-time="2026-03-13 21:05:35.984630" duration="0.000374" asserts="0"><properties><property name="python-version" value="3.12.7 | packaged by Anaconda, Inc. | (main, Oct  4 2024, 08:22:19) [Clang 14.0.6 ]" /><property name="fspath" value="tests/test_environment.py" /></properties><environment framework-version="3.6.2" clr-version="3.12.7 | packaged by Anaconda, Inc. | (main, Oct  4 2024, 08:22:19) [Clang 14.0.6 ]" os-version="25.2.0" platform="Darwin" cwd="/Users/georgelevis/Projects/Smart-Home-P2P-Energy-Trading-RL" machine-name="arm64" user="" user-domain="" culture="en_US" uiculture="en_US" os-architecture="64bit" /><failure><message><![CDATA[]]></message><stack-trace><![CDATA[None]]></stack-trace></failure><reason><message><![CDATA[]]></message></reason><output><![CDATA[]]></output></test-case><test-case id="126" name="tests/test_environment.py::TestStepInterface::test_step_rewards_shape" fullname="tests/test_environment.py::TestStepInterface::test_step_rewards_shape" methodname="test_step_rewards_shape" classname="TestStepInterface" runstate="Runnable" seed="1" result="Passed" label="" start-time="2026-03-13 21:05:35.984750" end-time="2026-03-13 21:05:35.985239" duration="0.000489" asserts="0"><properties><property name="python-version" value="3.12.7 | packaged by Anaconda, Inc. | (main, Oct  4 2024, 08:22:19) [Clang 14.0.6 ]" /><property name="fspath" value="tests/test_environment.py" /></properties><environment framework-version="3.6.2" clr-version="3.12.7 | packaged by Anaconda, Inc. | (main, Oct  4 2024, 08:22:19) [Clang 14.0.6 ]" os-version="25.2.0" platform="Darwin" cwd="/Users/georgelevis/Projects/Smart-Home-P2P-Energy-Trading-RL" machine-name="arm64" user="" user-domain="" culture="en_US" uiculture="en_US" os-architecture="64bit" /><failure><message><![CDATA[]]></message><stack-trace><![CDATA[None]]></stack-trace></failure><reason><message><![CDATA[]]></message></reason><output><![CDATA[]]></output></test-case><test-case id="127" name="tests/test_environment.py::TestStepInterface::test_step_next_state_dtype_float32" fullname="tests/test_environment.py::TestStepInterface::test_step_next_state_dtype_float32" methodname="test_step_next_state_dtype_float32" classname="TestStepInterface" runstate="Runnable" seed="1" result="Passed" label="" start-time="2026-03-13 21:05:35.985369" end-time="2026-03-13 21:05:35.985930" duration="0.000561" asserts="0"><properties><property name="python-version" value="3.12.7 | packaged by Anaconda, Inc. | (main, Oct  4 2024, 08:22:19) [Clang 14.0.6 ]" /><property name="fspath" value="tests/test_environment.py" /></properties><environment framework-version="3.6.2" clr-version="3.12.7 | packaged by Anaconda, Inc. | (main, Oct  4 2024, 08:22:19) [Clang 14.0.6 ]" os-version="25.2.0" platform="Darwin" cwd="/Users/georgelevis/Projects/Smart-Home-P2P-Energy-Trading-RL" machine-name="arm64" user="" user-domain="" culture="en_US" uiculture="en_US" os-architecture="64bit" /><failure><message><![CDATA[]]></message><stack-trace><![CDATA[None]]></stack-trace></failure><reason><message><![CDATA[]]></message></reason><output><![CDATA[]]></output></test-case><test-case id="128" name="tests/test_environment.py::TestStepInterface::test_step_rewards_dtype_float32" fullname="tests/test_environment.py::TestStepInterface::test_step_rewards_dtype_float32" methodname="test_step_rewards_dtype_float32" classname="TestStepInterface" runstate="Runnable" seed="1" result="Passed" label="" start-time="2026-03-13 21:05:35.986127" end-time="2026-03-13 21:05:35.986712" duration="0.000585" asserts="0"><properties><property name="python-version" value="3.12.7 | packaged by Anaconda, Inc. | (main, Oct  4 2024, 08:22:19) [Clang 14.0.6 ]" /><property name="fspath" value="tests/test_environment.py" /></properties><environment framework-version="3.6.2" clr-version="3.12.7 | packaged by Anaconda, Inc. | (main, Oct  4 2024, 08:22:19) [Clang 14.0.6 ]" os-version="25.2.0" platform="Darwin" cwd="/Users/georgelevis/Projects/Smart-Home-P2P-Energy-Trading-RL" machine-name="arm64" user="" user-domain="" culture="en_US" uiculture="en_US" os-architecture="64bit" /><failure><message><![CDATA[]]></message><stack-trace><![CDATA[None]]></stack-trace></failure><reason><message><![CDATA[]]></message></reason><output><![CDATA[]]></output></test-case><test-case id="129" name="tests/test_environment.py::TestStepInterface::test_step_done_is_bool" fullname="tests/test_environment.py::TestStepInterface::test_step_done_is_bool" methodname="test_step_done_is_bool" classname="TestStepInterface" runstate="Runnable" seed="1" result="Passed" label="" start-time="2026-03-13 21:05:35.986851" end-time="2026-03-13 21:05:35.987275" duration="0.000424" asserts="0"><properties><property name="python-version" value="3.12.7 | packaged by Anaconda, Inc. | (main, Oct  4 2024, 08:22:19) [Clang 14.0.6 ]" /><property name="fspath" value="tests/test_environment.py" /></properties><environment framework-version="3.6.2" clr-version="3.12.7 | packaged by Anaconda, Inc. | (main, Oct  4 2024, 08:22:19) [Clang 14.0.6 ]" os-version="25.2.0" platform="Darwin" cwd="/Users/georgelevis/Projects/Smart-Home-P2P-Energy-Trading-RL" machine-name="arm64" user="" user-domain="" culture="en_US" uiculture="en_US" os-architecture="64bit" /><failure><message><![CDATA[]]></message><stack-trace><![CDATA[None]]></stack-trace></failure><reason><message><![CDATA[]]></message></reason><output><![CDATA[]]></output></test-case><test-case id="130" name="tests/test_environment.py::TestStepInterface::test_step_info_is_dict" fullname="tests/test_environment.py::TestStepInterface::test_step_info_is_dict" methodname="test_step_info_is_dict" classname="TestStepInterface" runstate="Runnable" seed="1" result="Passed" label="" start-time="2026-03-13 21:05:35.987401" end-time="2026-03-13 21:05:35.987855" duration="0.000454" asserts="0"><properties><property name="python-version" value="3.12.7 | packaged by Anaconda, Inc. | (main, Oct  4 2024, 08:22:19) [Clang 14.0.6 ]" /><property name="fspath" value="tests/test_environment.py" /></properties><environment framework-version="3.6.2" clr-version="3.12.7 | packaged by Anaconda, Inc. | (main, Oct  4 2024, 08:22:19) [Clang 14.0.6 ]" os-version="25.2.0" platform="Darwin" cwd="/Users/georgelevis/Projects/Smart-Home-P2P-Energy-Trading-RL" machine-name="arm64" user="" user-domain="" culture="en_US" uiculture="en_US" os-architecture="64bit" /><failure><message><![CDATA[]]></message><stack-trace><![CDATA[None]]></stack-trace></failure><reason><message><![CDATA[]]></message></reason><output><![CDATA[]]></output></test-case><test-case id="131" name="tests/test_environment.py::TestStepInterface::test_step_done_true_when_episode_ends" fullname="tests/test_environment.py::TestStepInterface::test_step_done_true_when_episode_ends" methodname="test_step_done_true_when_episode_ends" classname="TestStepInterface" runstate="Runnable" seed="1" result="Passed" label="" start-time="2026-03-13 21:05:35.987982" end-time="2026-03-13 21:05:35.988517" duration="0.000535" asserts="0"><properties><property name="python-version" value="3.12.7 | packaged by Anaconda, Inc. | (main, Oct  4 2024, 08:22:19) [Clang 14.0.6 ]" /><property name="fspath" value="tests/test_environment.py" /></properties><environment framework-version="3.6.2" clr-version="3.12.7 | packaged by Anaconda, Inc. | (main, Oct  4 2024, 08:22:19) [Clang 14.0.6 ]" os-version="25.2.0" platform="Darwin" cwd="/Users/georgelevis/Projects/Smart-Home-P2P-Energy-Trading-RL" machine-name="arm64" user="" user-domain="" culture="en_US" uiculture="en_US" os-architecture="64bit" /><failure><message><![CDATA[]]></message><stack-trace><![CDATA[None]]></stack-trace></failure><reason><message><![CDATA[]]></message></reason><output><![CDATA[]]></output></test-case><test-case id="132" name="tests/test_environment.py::TestStepInterface::test_step_calls_legacy_step" fullname="tests/test_environment.py::TestStepInterface::test_step_calls_legacy_step" methodname="test_step_calls_legacy_step" classname="TestStepInterface" runstate="Runnable" seed="1" result="Passed" label="" start-time="2026-03-13 21:05:35.988636" end-time="2026-03-13 21:05:35.989017" duration="0.000381" asserts="0"><properties><property name="python-version" value="3.12.7 | packaged by Anaconda, Inc. | (main, Oct  4 2024, 08:22:19) [Clang 14.0.6 ]" /><property name="fspath" value="tests/test_environment.py" /></properties><environment framework-version="3.6.2" clr-version="3.12.7 | packaged by Anaconda, Inc. | (main, Oct  4 2024, 08:22:19) [Clang 14.0.6 ]" os-version="25.2.0" platform="Darwin" cwd="/Users/georgelevis/Projects/Smart-Home-P2P-Energy-Trading-RL" machine-name="arm64" user="" user-domain="" culture="en_US" uiculture="en_US" os-architecture="64bit" /><failure><message><![CDATA[]]></message><stack-trace><![CDATA[None]]></stack-trace></failure><reason><message><![CDATA[]]></message></reason><output><![CDATA[]]></output></test-case><test-case id="133" name="tests/test_environment.py::TestStepInterface::test_step_negative_reward_sign" fullname="tests/test_environment.py::TestStepInterface::test_step_negative_reward_sign" methodname="test_step_negative_reward_sign" classname="TestStepInterface" runstate="Runnable" seed="1" result="Passed" label="Legacy environment returns costs — rewards should be negative." start-time="2026-03-13 21:05:35.989138" end-time="2026-03-13 21:05:35.989582" duration="0.000444" asserts="0"><properties><property name="python-version" value="3.12.7 | packaged by Anaconda, Inc. | (main, Oct  4 2024, 08:22:19) [Clang 14.0.6 ]" /><property name="fspath" value="tests/test_environment.py" /></properties><environment framework-version="3.6.2" clr-version="3.12.7 | packaged by Anaconda, Inc. | (main, Oct  4 2024, 08:22:19) [Clang 14.0.6 ]" os-version="25.2.0" platform="Darwin" cwd="/Users/georgelevis/Projects/Smart-Home-P2P-Energy-Trading-RL" machine-name="arm64" user="" user-domain="" culture="en_US" uiculture="en_US" os-architecture="64bit" /><failure><message><![CDATA[]]></message><stack-trace><![CDATA[None]]></stack-trace></failure><reason><message><![CDATA[]]></message></reason><output><![CDATA[]]></output></test-case><environment framework-version="3.6.2" clr-version="3.12.7 | packaged by Anaconda, Inc. | (main, Oct  4 2024, 08:22:19) [Clang 14.0.6 ]" os-version="25.2.0" platform="Darwin" cwd="/Users/georgelevis/Projects/Smart-Home-P2P-Energy-Trading-RL" machine-name="arm64" user="" user-domain="" culture="en_US" uiculture="en_US" os-architecture="64bit" /></test-suite><test-suite id="tests/test_experiment.py" name="tests/test_experiment.py" fullname="tests/test_experiment.py" methodname="" classname="" runstate="Runnable" type="Assembly" testcasecount="7" result="Passed" label="Tests for experiment registry, versioning, and batch matrix expansion." start-time="2026-03-13 21:05:36.116314" end-time="2026-03-13 21:05:36.137634" duration="0.02132" asserts="0" total="7" passed="7" failed="0" warnings="0" inconclusive="0" skipped="0"><properties><property name="python_version" value="3.12.7 | packaged by Anaconda, Inc. | (main, Oct  4 2024, 08:22:19) [Clang 14.0.6 ]" /></properties><test-case id="156" name="tests/test_experiment.py::test_registry_register_and_query" fullname="tests/test_experiment.py::test_registry_register_and_query" methodname="test_registry_register_and_query" classname="tests/test_experiment.py" runstate="Runnable" seed="1" result="Passed" label="" start-time="2026-03-13 21:05:36.116314" end-time="2026-03-13 21:05:36.121783" duration="0.005469" asserts="0"><properties><property name="python-version" value="3.12.7 | packaged by Anaconda, Inc. | (main, Oct  4 2024, 08:22:19) [Clang 14.0.6 ]" /><property name="fspath" value="tests/test_experiment.py" /></properties><environment framework-version="3.6.2" clr-version="3.12.7 | packaged by Anaconda, Inc. | (main, Oct  4 2024, 08:22:19) [Clang 14.0.6 ]" os-version="25.2.0" platform="Darwin" cwd="/Users/georgelevis/Projects/Smart-Home-P2P-Energy-Trading-RL" machine-name="arm64" user="" user-domain="" culture="en_US" uiculture="en_US" os-architecture="64bit" /><failure><message><![CDATA[]]></message><stack-trace><![CDATA[None]]></stack-trace></failure><reason><message><![CDATA[]]></message></reason><output><![CDATA[]]></output></test-case><test-case id="157" name="tests/test_experiment.py::test_registry_update_status" fullname="tests/test_experiment.py::test_registry_update_status" methodname="test_registry_update_status" classname="tests/test_experiment.py" runstate="Runnable" seed="1" result="Passed" label="" start-time="2026-03-13 21:05:36.122228" end-time="2026-03-13 21:05:36.125767" duration="0.003539" asserts="0"><properties><property name="python-version" value="3.12.7 | packaged by Anaconda, Inc. | (main, Oct  4 2024, 08:22:19) [Clang 14.0.6 ]" /><property name="fspath" value="tests/test_experiment.py" /></properties><environment framework-version="3.6.2" clr-version="3.12.7 | packaged by Anaconda, Inc. | (main, Oct  4 2024, 08:22:19) [Clang 14.0.6 ]" os-version="25.2.0" platform="Darwin" cwd="/Users/georgelevis/Projects/Smart-Home-P2P-Energy-Trading-RL" machine-name="arm64" user="" user-domain="" culture="en_US" uiculture="en_US" os-architecture="64bit" /><failure><message><![CDATA[]]></message><stack-trace><![CDATA[None]]></stack-trace></failure><reason><message><![CDATA[]]></message></reason><output><![CDATA[]]></output></test-case><test-case id="158" name="tests/test_experiment.py::test_registry_best_run" fullname="tests/test_experiment.py::test_registry_best_run" methodname="test_registry_best_run" classname="tests/test_experiment.py" runstate="Runnable" seed="1" result="Passed" label="" start-time="2026-03-13 21:05:36.126170" end-time="2026-03-13 21:05:36.131326" duration="0.005156" asserts="0"><properties><property name="python-version" value="3.12.7 | packaged by Anaconda, Inc. | (main, Oct  4 2024, 08:22:19) [Clang 14.0.6 ]" /><property name="fspath" value="tests/test_experiment.py" /></properties><environment framework-version="3.6.2" clr-version="3.12.7 | packaged by Anaconda, Inc. | (main, Oct  4 2024, 08:22:19) [Clang 14.0.6 ]" os-version="25.2.0" platform="Darwin" cwd="/Users/georgelevis/Projects/Smart-Home-P2P-Energy-Trading-RL" machine-name="arm64" user="" user-domain="" culture="en_US" uiculture="en_US" os-architecture="64bit" /><failure><message><![CDATA[]]></message><stack-trace><![CDATA[None]]></stack-trace></failure><reason><message><![CDATA[]]></message></reason><output><![CDATA[]]></output></test-case><test-case id="159" name="tests/test_experiment.py::test_versioner_creates_dir" fullname="tests/test_experiment.py::test_versioner_creates_dir" methodname="test_versioner_creates_dir" classname="tests/test_experiment.py" runstate="Runnable" seed="1" result="Passed" label="" start-time="2026-03-13 21:05:36.131846" end-time="2026-03-13 21:05:36.132154" duration="0.000308" asserts="0"><properties><property name="python-version" value="3.12.7 | packaged by Anaconda, Inc. | (main, Oct  4 2024, 08:22:19) [Clang 14.0.6 ]" /><property name="fspath" value="tests/test_experiment.py" /></properties><environment framework-version="3.6.2" clr-version="3.12.7 | packaged by Anaconda, Inc. | (main, Oct  4 2024, 08:22:19) [Clang 14.0.6 ]" os-version="25.2.0" platform="Darwin" cwd="/Users/georgelevis/Projects/Smart-Home-P2P-Energy-Trading-RL" machine-name="arm64" user="" user-domain="" culture="en_US" uiculture="en_US" os-architecture="64bit" /><failure><message><![CDATA[]]></message><stack-trace><![CDATA[None]]></stack-trace></failure><reason><message><![CDATA[]]></message></reason><output><![CDATA[]]></output></test-case><test-case id="160" name="tests/test_experiment.py::test_versioner_config_snapshot" fullname="tests/test_experiment.py::test_versioner_config_snapshot" methodname="test_versioner_config_snapshot" classname="tests/test_experiment.py" runstate="Runnable" seed="1" result="Passed" label="" start-time="2026-03-13 21:05:36.132546" end-time="2026-03-13 21:05:36.134336" duration="0.00179" asserts="0"><properties><property name="python-version" value="3.12.7 | packaged by Anaconda, Inc. | (main, Oct  4 2024, 08:22:19) [Clang 14.0.6 ]" /><property name="fspath" value="tests/test_experiment.py" /></properties><environment framework-version="3.6.2" clr-version="3.12.7 | packaged by Anaconda, Inc. | (main, Oct  4 2024, 08:22:19) [Clang 14.0.6 ]" os-version="25.2.0" platform="Darwin" cwd="/Users/georgelevis/Projects/Smart-Home-P2P-Energy-Trading-RL" machine-name="arm64" user="" user-domain="" culture="en_US" uiculture="en_US" os-architecture="64bit" /><failure><message><![CDATA[]]></message><stack-trace><![CDATA[None]]></stack-trace></failure><reason><message><![CDATA[]]></message></reason><output><![CDATA[]]></output></test-case><test-case id="161" name="tests/test_experiment.py::test_versioner_summary" fullname="tests/test_experiment.py::test_versioner_summary" methodname="test_versioner_summary" classname="tests/test_experiment.py" runstate="Runnable" seed="1" result="Passed" label="" start-time="2026-03-13 21:05:36.134744" end-time="2026-03-13 21:05:36.135261" duration="0.000517" asserts="0"><properties><property name="python-version" value="3.12.7 | packaged by Anaconda, Inc. | (main, Oct  4 2024, 08:22:19) [Clang 14.0.6 ]" /><property name="fspath" value="tests/test_experiment.py" /></properties><environment framework-version="3.6.2" clr-version="3.12.7 | packaged by Anaconda, Inc. | (main, Oct  4 2024, 08:22:19) [Clang 14.0.6 ]" os-version="25.2.0" platform="Darwin" cwd="/Users/georgelevis/Projects/Smart-Home-P2P-Energy-Trading-RL" machine-name="arm64" user="" user-domain="" culture="en_US" uiculture="en_US" os-architecture="64bit" /><failure><message><![CDATA[]]></message><stack-trace><![CDATA[None]]></stack-trace></failure><reason><message><![CDATA[]]></message></reason><output><![CDATA[]]></output></test-case><test-case id="162" name="tests/test_experiment.py::test_batch_matrix_expansion" fullname="tests/test_experiment.py::test_batch_matrix_expansion" methodname="test_batch_matrix_expansion" classname="tests/test_experiment.py" runstate="Runnable" seed="1" result="Passed" label="" start-time="2026-03-13 21:05:36.135799" end-time="2026-03-13 21:05:36.137634" duration="0.001835" asserts="0"><properties><property name="python-version" value="3.12.7 | packaged by Anaconda, Inc. | (main, Oct  4 2024, 08:22:19) [Clang 14.0.6 ]" /><property name="fspath" value="tests/test_experiment.py" /></properties><environment framework-version="3.6.2" clr-version="3.12.7 | packaged by Anaconda, Inc. | (main, Oct  4 2024, 08:22:19) [Clang 14.0.6 ]" os-version="25.2.0" platform="Darwin" cwd="/Users/georgelevis/Projects/Smart-Home-P2P-Energy-Trading-RL" machine-name="arm64" user="" user-domain="" culture="en_US" uiculture="en_US" os-architecture="64bit" /><failure><message><![CDATA[]]></message><stack-trace><![CDATA[None]]></stack-trace></failure><reason><message><![CDATA[]]></message></reason><output><![CDATA[]]></output></test-case><environment framework-version="3.6.2" clr-version="3.12.7 | packaged by Anaconda, Inc. | (main, Oct  4 2024, 08:22:19) [Clang 14.0.6 ]" os-version="25.2.0" platform="Darwin" cwd="/Users/georgelevis/Projects/Smart-Home-P2P-Energy-Trading-RL" machine-name="arm64" user="" user-domain="" culture="en_US" uiculture="en_US" os-architecture="64bit" /></test-suite><test-suite id="tests/test_reproducibility.py" name="tests/test_reproducibility.py" fullname="tests/test_reproducibility.py" methodname="" classname="" runstate="Runnable" type="Assembly" testcasecount="3" result="Passed" label="Verify that same seed + config produces identical agent outputs." start-time="2026-03-13 21:06:58.600514" end-time="2026-03-13 21:06:58.656161" duration="0.055647" asserts="0" total="3" passed="3" failed="0" warnings="0" inconclusive="0" skipped="0"><properties><property name="python_version" value="3.12.7 | packaged by Anaconda, Inc. | (main, Oct  4 2024, 08:22:19) [Clang 14.0.6 ]" /></properties><test-case id="199" name="tests/test_reproducibility.py::test_sac_deterministic_same_seed" fullname="tests/test_reproducibility.py::test_sac_deterministic_same_seed" methodname="test_sac_deterministic_same_seed" classname="tests/test_reproducibility.py" runstate="Runnable" seed="1" result="Passed" label="" start-time="2026-03-13 21:06:58.600514" end-time="2026-03-13 21:06:58.623363" duration="0.022849" asserts="0"><properties><property name="python-version" value="3.12.7 | packaged by Anaconda, Inc. | (main, Oct  4 2024, 08:22:19) [Clang 14.0.6 ]" /><property name="fspath" value="tests/test_reproducibility.py" /></properties><environment framework-version="3.6.2" clr-version="3.12.7 | packaged by Anaconda, Inc. | (main, Oct  4 2024, 08:22:19) [Clang 14.0.6 ]" os-version="25.2.0" platform="Darwin" cwd="/Users/georgelevis/Projects/Smart-Home-P2P-Energy-Trading-RL" machine-name="arm64" user="" user-domain="" culture="en_US" uiculture="en_US" os-architecture="64bit" /><failure><message><![CDATA[]]></message><stack-trace><![CDATA[None]]></stack-trace></failure><reason><message><![CDATA[]]></message></reason><output><![CDATA[]]></output></test-case><test-case id="200" name="tests/test_reproducibility.py::test_sac_different_seeds_differ" fullname="tests/test_reproducibility.py::test_sac_different_seeds_differ" methodname="test_sac_different_seeds_differ" classname="tests/test_reproducibility.py" runstate="Runnable" seed="1" result="Passed" label="" start-time="2026-03-13 21:06:58.623565" end-time="2026-03-13 21:06:58.635721" duration="0.012156" asserts="0"><properties><property name="python-version" value="3.12.7 | packaged by Anaconda, Inc. | (main, Oct  4 2024, 08:22:19) [Clang 14.0.6 ]" /><property name="fspath" value="tests/test_reproducibility.py" /></properties><environment framework-version="3.6.2" clr-version="3.12.7 | packaged by Anaconda, Inc. | (main, Oct  4 2024, 08:22:19) [Clang 14.0.6 ]" os-version="25.2.0" platform="Darwin" cwd="/Users/georgelevis/Projects/Smart-Home-P2P-Energy-Trading-RL" machine-name="arm64" user="" user-domain="" culture="en_US" uiculture="en_US" os-architecture="64bit" /><failure><message><![CDATA[]]></message><stack-trace><![CDATA[None]]></stack-trace></failure><reason><message><![CDATA[]]></message></reason><output><![CDATA[]]></output></test-case><test-case id="201" name="tests/test_reproducibility.py::test_ddpg_deterministic_same_seed" fullname="tests/test_reproducibility.py::test_ddpg_deterministic_same_seed" methodname="test_ddpg_deterministic_same_seed" classname="tests/test_reproducibility.py" runstate="Runnable" seed="1" result="Passed" label="" start-time="2026-03-13 21:06:58.635895" end-time="2026-03-13 21:06:58.656161" duration="0.020266" asserts="0"><properties><property name="python-version" value="3.12.7 | packaged by Anaconda, Inc. | (main, Oct  4 2024, 08:22:19) [Clang 14.0.6 ]" /><property name="fspath" value="tests/test_reproducibility.py" /></properties><environment framework-version="3.6.2" clr-version="3.12.7 | packaged by Anaconda, Inc. | (main, Oct  4 2024, 08:22:19) [Clang 14.0.6 ]" os-version="25.2.0" platform="Darwin" cwd="/Users/georgelevis/Projects/Smart-Home-P2P-Energy-Trading-RL" machine-name="arm64" user="" user-domain="" culture="en_US" uiculture="en_US" os-architecture="64bit" /><failure><message><![CDATA[]]></message><stack-trace><![CDATA[None]]></stack-trace></failure><reason><message><![CDATA[]]></message></reason><output><![CDATA[]]></output></test-case><environment framework-version="3.6.2" clr-version="3.12.7 | packaged by Anaconda, Inc. | (main, Oct  4 2024, 08:22:19) [Clang 14.0.6 ]" os-version="25.2.0" platform="Darwin" cwd="/Users/georgelevis/Projects/Smart-Home-P2P-Energy-Trading-RL" machine-name="arm64" user="" user-domain="" culture="en_US" uiculture="en_US" os-architecture="64bit" /></test-suite><test-suite id="tests/test_market.py" name="tests/test_market.py" fullname="tests/test_market.py" methodname="" classname="" runstate="Runnable" type="Assembly" testcasecount="9" result="Passed" label="Tests for market regulators." start-time="2026-03-13 21:06:58.206811" end-time="2026-03-13 21:06:58.218848" duration="0.012037" asserts="0" total="9" passed="9" failed="0" warnings="0" inconclusive="0" skipped="0"><properties><property name="python_version" value="3.12.7 | packaged by Anaconda, Inc. | (main, Oct  4 2024, 08:22:19) [Clang 14.0.6 ]" /></properties><test-case id="174" name="tests/test_market.py::test_detection_no_penalty_without_history" fullname="tests/test_market.py::test_detection_no_penalty_without_history" methodname="test_detection_no_penalty_without_history" classname="tests/test_market.py" runstate="Runnable" seed="1" result="Passed" label="" start-time="2026-03-13 21:06:58.206811" end-time="2026-03-13 21:06:58.207047" duration="0.000236" asserts="0"><properties><property name="python-version" value="3.12.7 | packaged by Anaconda, Inc. | (main, Oct  4 2024, 08:22:19) [Clang 14.0.6 ]" /><property name="fspath" value="tests/test_market.py" /></properties><environment framework-version="3.6.2" clr-version="3.12.7 | packaged by Anaconda, Inc. | (main, Oct  4 2024, 08:22:19) [Clang 14.0.6 ]" os-version="25.2.0" platform="Darwin" cwd="/Users/georgelevis/Projects/Smart-Home-P2P-Energy-Trading-RL" machine-name="arm64" user="" user-domain="" culture="en_US" uiculture="en_US" os-architecture="64bit" /><failure><message><![CDATA[]]></message><stack-trace><![CDATA[None]]></stack-trace></failure><reason><message><![CDATA[]]></message></reason><output><![CDATA[]]></output></test-case><test-case id="175" name="tests/test_market.py::test_detection_penalises_similar_prices" fullname="tests/test_market.py::test_detection_penalises_similar_prices" methodname="test_detection_penalises_similar_prices" classname="tests/test_market.py" runstate="Runnable" seed="1" result="Passed" label="" start-time="2026-03-13 21:06:58.207208" end-time="2026-03-13 21:06:58.211596" duration="0.004388" asserts="0"><properties><property name="python-version" value="3.12.7 | packaged by Anaconda, Inc. | (main, Oct  4 2024, 08:22:19) [Clang 14.0.6 ]" /><property name="fspath" value="tests/test_market.py" /></properties><environment framework-version="3.6.2" clr-version="3.12.7 | packaged by Anaconda, Inc. | (main, Oct  4 2024, 08:22:19) [Clang 14.0.6 ]" os-version="25.2.0" platform="Darwin" cwd="/Users/georgelevis/Projects/Smart-Home-P2P-Energy-Trading-RL" machine-name="arm64" user="" user-domain="" culture="en_US" uiculture="en_US" os-architecture="64bit" /><failure><message><![CDATA[]]></message><stack-trace><![CDATA[None]]></stack-trace></failure><reason><message><![CDATA[]]></message></reason><output><![CDATA[]]></output></test-case><test-case id="176" name="tests/test_market.py::test_ceiling_price" fullname="tests/test_market.py::test_ceiling_price" methodname="test_ceiling_price" classname="tests/test_market.py" runstate="Runnable" seed="1" result="Passed" label="" start-time="2026-03-13 21:06:58.211787" end-time="2026-03-13 21:06:58.211988" duration="0.000201" asserts="0"><properties><property name="python-version" value="3.12.7 | packaged by Anaconda, Inc. | (main, Oct  4 2024, 08:22:19) [Clang 14.0.6 ]" /><property name="fspath" value="tests/test_market.py" /></properties><environment framework-version="3.6.2" clr-version="3.12.7 | packaged by Anaconda, Inc. | (main, Oct  4 2024, 08:22:19) [Clang 14.0.6 ]" os-version="25.2.0" platform="Darwin" cwd="/Users/georgelevis/Projects/Smart-Home-P2P-Energy-Trading-RL" machine-name="arm64" user="" user-domain="" culture="en_US" uiculture="en_US" os-architecture="64bit" /><failure><message><![CDATA[]]></message><stack-trace><![CDATA[None]]></stack-trace></failure><reason><message><![CDATA[]]></message></reason><output><![CDATA[]]></output></test-case><test-case id="177" name="tests/test_market.py::test_ceiling_penalty_for_above" fullname="tests/test_market.py::test_ceiling_penalty_for_above" methodname="test_ceiling_penalty_for_above" classname="tests/test_market.py" runstate="Runnable" seed="1" result="Passed" label="" start-time="2026-03-13 21:06:58.212259" end-time="2026-03-13 21:06:58.212444" duration="0.000185" asserts="0"><properties><property name="python-version" value="3.12.7 | packaged by Anaconda, Inc. | (main, Oct  4 2024, 08:22:19) [Clang 14.0.6 ]" /><property name="fspath" value="tests/test_market.py" /></properties><environment framework-version="3.6.2" clr-version="3.12.7 | packaged by Anaconda, Inc. | (main, Oct  4 2024, 08:22:19) [Clang 14.0.6 ]" os-version="25.2.0" platform="Darwin" cwd="/Users/georgelevis/Projects/Smart-Home-P2P-Energy-Trading-RL" machine-name="arm64" user="" user-domain="" culture="en_US" uiculture="en_US" os-architecture="64bit" /><failure><message><![CDATA[]]></message><stack-trace><![CDATA[None]]></stack-trace></failure><reason><message><![CDATA[]]></message></reason><output><![CDATA[]]></output></test-case><test-case id="178" name="tests/test_market.py::test_no_penalty_below_ceiling" fullname="tests/test_market.py::test_no_penalty_below_ceiling" methodname="test_no_penalty_below_ceiling" classname="tests/test_market.py" runstate="Runnable" seed="1" result="Passed" label="" start-time="2026-03-13 21:06:58.212575" end-time="2026-03-13 21:06:58.212734" duration="0.000159" asserts="0"><properties><property name="python-version" value="3.12.7 | packaged by Anaconda, Inc. | (main, Oct  4 2024, 08:22:19) [Clang 14.0.6 ]" /><property name="fspath" value="tests/test_market.py" /></properties><environment framework-version="3.6.2" clr-version="3.12.7 | packaged by Anaconda, Inc. | (main, Oct  4 2024, 08:22:19) [Clang 14.0.6 ]" os-version="25.2.0" platform="Darwin" cwd="/Users/georgelevis/Projects/Smart-Home-P2P-Energy-Trading-RL" machine-name="arm64" user="" user-domain="" culture="en_US" uiculture="en_US" os-architecture="64bit" /><failure><message><![CDATA[]]></message><stack-trace><![CDATA[None]]></stack-trace></failure><reason><message><![CDATA[]]></message></reason><output><![CDATA[]]></output></test-case><test-case id="179" name="tests/test_market.py::test_null_regulator_no_penalties" fullname="tests/test_market.py::test_null_regulator_no_penalties" methodname="test_null_regulator_no_penalties" classname="tests/test_market.py" runstate="Runnable" seed="1" result="Passed" label="" start-time="2026-03-13 21:06:58.212862" end-time="2026-03-13 21:06:58.213010" duration="0.000148" asserts="0"><properties><property name="python-version" value="3.12.7 | packaged by Anaconda, Inc. | (main, Oct  4 2024, 08:22:19) [Clang 14.0.6 ]" /><property name="fspath" value="tests/test_market.py" /></properties><environment framework-version="3.6.2" clr-version="3.12.7 | packaged by Anaconda, Inc. | (main, Oct  4 2024, 08:22:19) [Clang 14.0.6 ]" os-version="25.2.0" platform="Darwin" cwd="/Users/georgelevis/Projects/Smart-Home-P2P-Energy-Trading-RL" machine-name="arm64" user="" user-domain="" culture="en_US" uiculture="en_US" os-architecture="64bit" /><failure><message><![CDATA[]]></message><stack-trace><![CDATA[None]]></stack-trace></failure><reason><message><![CDATA[]]></message></reason><output><![CDATA[]]></output></test-case><test-case id="180" name="tests/test_market.py::test_adaptive_threshold_convergence" fullname="tests/test_market.py::test_adaptive_threshold_convergence" methodname="test_adaptive_threshold_convergence" classname="tests/test_market.py" runstate="Runnable" seed="1" result="Passed" label="" start-time="2026-03-13 21:06:58.213128" end-time="2026-03-13 21:06:58.218055" duration="0.004927" asserts="0"><properties><property name="python-version" value="3.12.7 | packaged by Anaconda, Inc. | (main, Oct  4 2024, 08:22:19) [Clang 14.0.6 ]" /><property name="fspath" value="tests/test_market.py" /></properties><environment framework-version="3.6.2" clr-version="3.12.7 | packaged by Anaconda, Inc. | (main, Oct  4 2024, 08:22:19) [Clang 14.0.6 ]" os-version="25.2.0" platform="Darwin" cwd="/Users/georgelevis/Projects/Smart-Home-P2P-Energy-Trading-RL" machine-name="arm64" user="" user-domain="" culture="en_US" uiculture="en_US" os-architecture="64bit" /><failure><message><![CDATA[]]></message><stack-trace><![CDATA[None]]></stack-trace></failure><reason><message><![CDATA[]]></message></reason><output><![CDATA[]]></output></test-case><test-case id="181" name="tests/test_market.py::test_create_regulator_detection" fullname="tests/test_market.py::test_create_regulator_detection" methodname="test_create_regulator_detection" classname="tests/test_market.py" runstate="Runnable" seed="1" result="Passed" label="" start-time="2026-03-13 21:06:58.218344" end-time="2026-03-13 21:06:58.218535" duration="0.000191" asserts="0"><properties><property name="python-version" value="3.12.7 | packaged by Anaconda, Inc. | (main, Oct  4 2024, 08:22:19) [Clang 14.0.6 ]" /><property name="fspath" value="tests/test_market.py" /></properties><environment framework-version="3.6.2" clr-version="3.12.7 | packaged by Anaconda, Inc. | (main, Oct  4 2024, 08:22:19) [Clang 14.0.6 ]" os-version="25.2.0" platform="Darwin" cwd="/Users/georgelevis/Projects/Smart-Home-P2P-Energy-Trading-RL" machine-name="arm64" user="" user-domain="" culture="en_US" uiculture="en_US" os-architecture="64bit" /><failure><message><![CDATA[]]></message><stack-trace><![CDATA[None]]></stack-trace></failure><reason><message><![CDATA[]]></message></reason><output><![CDATA[]]></output></test-case><test-case id="182" name="tests/test_market.py::test_create_regulator_adaptive" fullname="tests/test_market.py::test_create_regulator_adaptive" methodname="test_create_regulator_adaptive" classname="tests/test_market.py" runstate="Runnable" seed="1" result="Passed" label="" start-time="2026-03-13 21:06:58.218683" end-time="2026-03-13 21:06:58.218848" duration="0.000165" asserts="0"><properties><property name="python-version" value="3.12.7 | packaged by Anaconda, Inc. | (main, Oct  4 2024, 08:22:19) [Clang 14.0.6 ]" /><property name="fspath" value="tests/test_market.py" /></properties><environment framework-version="3.6.2" clr-version="3.12.7 | packaged by Anaconda, Inc. | (main, Oct  4 2024, 08:22:19) [Clang 14.0.6 ]" os-version="25.2.0" platform="Darwin" cwd="/Users/georgelevis/Projects/Smart-Home-P2P-Energy-Trading-RL" machine-name="arm64" user="" user-domain="" culture="en_US" uiculture="en_US" os-architecture="64bit" /><failure><message><![CDATA[]]></message><stack-trace><![CDATA[None]]></stack-trace></failure><reason><message><![CDATA[]]></message></reason><output><![CDATA[]]></output></test-case><environment framework-version="3.6.2" clr-version="3.12.7 | packaged by Anaconda, Inc. | (main, Oct  4 2024, 08:22:19) [Clang 14.0.6 ]" os-version="25.2.0" platform="Darwin" cwd="/Users/georgelevis/Projects/Smart-Home-P2P-Energy-Trading-RL" machine-name="arm64" user="" user-domain="" culture="en_US" uiculture="en_US" os-architecture="64bit" /></test-suite><test-suite id="tests/test_agents.py" name="tests/test_agents.py" fullname="tests/test_agents.py" methodname="" classname="" runstate="Runnable" type="Assembly" testcasecount="5" result="Passed" label="Smoke tests: construct each agent, forward pass, 10-transition update cycle." start-time="2026-03-13 21:05:35.207257" end-time="2026-03-13 21:05:35.964090" duration="0.756833" asserts="0" total="5" passed="5" failed="0" warnings="0" inconclusive="0" skipped="0"><properties><property name="python_version" value="3.12.7 | packaged by Anaconda, Inc. | (main, Oct  4 2024, 08:22:19) [Clang 14.0.6 ]" /></properties><test-case id="100" name="tests/test_agents.py::test_ddpg_smoke" fullname="tests/test_agents.py::test_ddpg_smoke" methodname="test_ddpg_smoke" classname="tests/test_agents.py" runstate="Runnable" seed="1" result="Passed" label="" start-time="2026-03-13 21:05:35.207257" end-time="2026-03-13 21:05:35.900820" duration="0.693563" asserts="0"><properties><property name="python-version" value="3.12.7 | packaged by Anaconda, Inc. | (main, Oct  4 2024, 08:22:19) [Clang 14.0.6 ]" /><property name="fspath" value="tests/test_agents.py" /></properties><environment framework-version="3.6.2" clr-version="3.12.7 | packaged by Anaconda, Inc. | (main, Oct  4 2024, 08:22:19) [Clang 14.0.6 ]" os-version="25.2.0" platform="Darwin" cwd="/Users/georgelevis/Projects/Smart-Home-P2P-Energy-Trading-RL" machine-name="arm64" user="" user-domain="" culture="en_US" uiculture="en_US" os-architecture="64bit" /><failure><message><![CDATA[]]></message><stack-trace><![CDATA[None]]></stack-trace></failure><reason><message><![CDATA[]]></message></reason><output><![CDATA[]]></output></test-case><test-case id="101" name="tests/test_agents.py::test_sac_smoke" fullname="tests/test_agents.py::test_sac_smoke" methodname="test_sac_smoke" classname="tests/test_agents.py" runstate="Runnable" seed="1" result="Passed" label="" start-time="2026-03-13 21:05:35.901073" end-time="2026-03-13 21:05:35.921368" duration="0.020295" asserts="0"><properties><property name="python-version" value="3.12.7 | packaged by Anaconda, Inc. | (main, Oct  4 2024, 08:22:19) [Clang 14.0.6 ]" /><property name="fspath" value="tests/test_agents.py" /></properties><environment framework-version="3.6.2" clr-version="3.12.7 | packaged by Anaconda, Inc. | (main, Oct  4 2024, 08:22:19) [Clang 14.0.6 ]" os-version="25.2.0" platform="Darwin" cwd="/Users/georgelevis/Projects/Smart-Home-P2P-Energy-Trading-RL" machine-name="arm64" user="" user-domain="" culture="en_US" uiculture="en_US" os-architecture="64bit" /><failure><message><![CDATA[]]></message><stack-trace><![CDATA[None]]></stack-trace></failure><reason><message><![CDATA[]]></message></reason><output><![CDATA[]]></output></test-case><test-case id="102" name="tests/test_agents.py::test_td3_smoke" fullname="tests/test_agents.py::test_td3_smoke" methodname="test_td3_smoke" classname="tests/test_agents.py" runstate="Runnable" seed="1" result="Passed" label="" start-time="2026-03-13 21:05:35.921570" end-time="2026-03-13 21:05:35.929703" duration="0.008133" asserts="0"><properties><property name="python-version" value="3.12.7 | packaged by Anaconda, Inc. | (main, Oct  4 2024, 08:22:19) [Clang 14.0.6 ]" /><property name="fspath" value="tests/test_agents.py" /></properties><environment framework-version="3.6.2" clr-version="3.12.7 | packaged by Anaconda, Inc. | (main, Oct  4 2024, 08:22:19) [Clang 14.0.6 ]" os-version="25.2.0" platform="Darwin" cwd="/Users/georgelevis/Projects/Smart-Home-P2P-Energy-Trading-RL" machine-name="arm64" user="" user-domain="" culture="en_US" uiculture="en_US" os-architecture="64bit" /><failure><message><![CDATA[]]></message><stack-trace><![CDATA[None]]></stack-trace></failure><reason><message><![CDATA[]]></message></reason><output><![CDATA[]]></output></test-case><test-case id="103" name="tests/test_agents.py::test_ppo_smoke" fullname="tests/test_agents.py::test_ppo_smoke" methodname="test_ppo_smoke" classname="tests/test_agents.py" runstate="Runnable" seed="1" result="Passed" label="" start-time="2026-03-13 21:05:35.929873" end-time="2026-03-13 21:05:35.943062" duration="0.013189" asserts="0"><properties><property name="python-version" value="3.12.7 | packaged by Anaconda, Inc. | (main, Oct  4 2024, 08:22:19) [Clang 14.0.6 ]" /><property name="fspath" value="tests/test_agents.py" /></properties><environment framework-version="3.6.2" clr-version="3.12.7 | packaged by Anaconda, Inc. | (main, Oct  4 2024, 08:22:19) [Clang 14.0.6 ]" os-version="25.2.0" platform="Darwin" cwd="/Users/georgelevis/Projects/Smart-Home-P2P-Energy-Trading-RL" machine-name="arm64" user="" user-domain="" culture="en_US" uiculture="en_US" os-architecture="64bit" /><failure><message><![CDATA[]]></message><stack-trace><![CDATA[None]]></stack-trace></failure><reason><message><![CDATA[]]></message></reason><output><![CDATA[]]></output></test-case><test-case id="104" name="tests/test_agents.py::test_agent_save_load" fullname="tests/test_agents.py::test_agent_save_load" methodname="test_agent_save_load" classname="tests/test_agents.py" runstate="Runnable" seed="1" result="Passed" label="" start-time="2026-03-13 21:05:35.944629" end-time="2026-03-13 21:05:35.964090" duration="0.019461" asserts="0"><properties><property name="python-version" value="3.12.7 | packaged by Anaconda, Inc. | (main, Oct  4 2024, 08:22:19) [Clang 14.0.6 ]" /><property name="fspath" value="tests/test_agents.py" /></properties><environment framework-version="3.6.2" clr-version="3.12.7 | packaged by Anaconda, Inc. | (main, Oct  4 2024, 08:22:19) [Clang 14.0.6 ]" os-version="25.2.0" platform="Darwin" cwd="/Users/georgelevis/Projects/Smart-Home-P2P-Energy-Trading-RL" machine-name="arm64" user="" user-domain="" culture="en_US" uiculture="en_US" os-architecture="64bit" /><failure><message><![CDATA[]]></message><stack-trace><![CDATA[None]]></stack-trace></failure><reason><message><![CDATA[]]></message></reason><output><![CDATA[]]></output></test-case><environment framework-version="3.6.2" clr-version="3.12.7 | packaged by Anaconda, Inc. | (main, Oct  4 2024, 08:22:19) [Clang 14.0.6 ]" os-version="25.2.0" platform="Darwin" cwd="/Users/georgelevis/Projects/Smart-Home-P2P-Energy-Trading-RL" machine-name="arm64" user="" user-domain="" culture="en_US" uiculture="en_US" os-architecture="64bit" /></test-suite><test-suite id="tests/test_config.py" name="tests/test_config.py" fullname="tests/test_config.py" methodname="" classname="" runstate="Runnable" type="Assembly" testcasecount="8" result="Passed" label="Tests for Pydantic config system." start-time="2026-03-13 21:05:35.972827" end-time="2026-03-13 21:05:35.979570" duration="0.006743" asserts="0" total="8" passed="8" failed="0" warnings="0" inconclusive="0" skipped="0"><properties><property name="python_version" value="3.12.7 | packaged by Anaconda, Inc. | (main, Oct  4 2024, 08:22:19) [Clang 14.0.6 ]" /></properties><test-case id="111" name="tests/test_config.py::test_env_config_defaults" fullname="tests/test_config.py::test_env_config_defaults" methodname="test_env_config_defaults" classname="tests/test_config.py" runstate="Runnable" seed="1" result="Passed" label="" start-time="2026-03-13 21:05:35.972827" end-time="2026-03-13 21:05:35.973188" duration="0.000361" asserts="0"><properties><property name="python-version" value="3.12.7 | packaged by Anaconda, Inc. | (main, Oct  4 2024, 08:22:19) [Clang 14.0.6 ]" /><property name="fspath" value="tests/test_config.py" /></properties><environment framework-version="3.6.2" clr-version="3.12.7 | packaged by Anaconda, Inc. | (main, Oct  4 2024, 08:22:19) [Clang 14.0.6 ]" os-version="25.2.0" platform="Darwin" cwd="/Users/georgelevis/Projects/Smart-Home-P2P-Energy-Trading-RL" machine-name="arm64" user="" user-domain="" culture="en_US" uiculture="en_US" os-architecture="64bit" /><failure><message><![CDATA[]]></message><stack-trace><![CDATA[None]]></stack-trace></failure><reason><message><![CDATA[]]></message></reason><output><![CDATA[]]></output></test-case><test-case id="112" name="tests/test_config.py::test_market_config_frozen" fullname="tests/test_config.py::test_market_config_frozen" methodname="test_market_config_frozen" classname="tests/test_config.py" runstate="Runnable" seed="1" result="Passed" label="" start-time="2026-03-13 21:05:35.973355" end-time="2026-03-13 21:05:35.973749" duration="0.000394" asserts="0"><properties><property name="python-version" value="3.12.7 | packaged by Anaconda, Inc. | (main, Oct  4 2024, 08:22:19) [Clang 14.0.6 ]" /><property name="fspath" value="tests/test_config.py" /></properties><environment framework-version="3.6.2" clr-version="3.12.7 | packaged by Anaconda, Inc. | (main, Oct  4 2024, 08:22:19) [Clang 14.0.6 ]" os-version="25.2.0" platform="Darwin" cwd="/Users/georgelevis/Projects/Smart-Home-P2P-Energy-Trading-RL" machine-name="arm64" user="" user-domain="" culture="en_US" uiculture="en_US" os-architecture="64bit" /><failure><message><![CDATA[]]></message><stack-trace><![CDATA[None]]></stack-trace></failure><reason><message><![CDATA[]]></message></reason><output><![CDATA[]]></output></test-case><test-case id="113" name="tests/test_config.py::test_ddpg_config" fullname="tests/test_config.py::test_ddpg_config" methodname="test_ddpg_config" classname="tests/test_config.py" runstate="Runnable" seed="1" result="Passed" label="" start-time="2026-03-13 21:05:35.973874" end-time="2026-03-13 21:05:35.974021" duration="0.000147" asserts="0"><properties><property name="python-version" value="3.12.7 | packaged by Anaconda, Inc. | (main, Oct  4 2024, 08:22:19) [Clang 14.0.6 ]" /><property name="fspath" value="tests/test_config.py" /></properties><environment framework-version="3.6.2" clr-version="3.12.7 | packaged by Anaconda, Inc. | (main, Oct  4 2024, 08:22:19) [Clang 14.0.6 ]" os-version="25.2.0" platform="Darwin" cwd="/Users/georgelevis/Projects/Smart-Home-P2P-Energy-Trading-RL" machine-name="arm64" user="" user-domain="" culture="en_US" uiculture="en_US" os-architecture="64bit" /><failure><message><![CDATA[]]></message><stack-trace><![CDATA[None]]></stack-trace></failure><reason><message><![CDATA[]]></message></reason><output><![CDATA[]]></output></test-case><test-case id="114" name="tests/test_config.py::test_sac_config" fullname="tests/test_config.py::test_sac_config" methodname="test_sac_config" classname="tests/test_config.py" runstate="Runnable" seed="1" result="Passed" label="" start-time="2026-03-13 21:05:35.974133" end-time="2026-03-13 21:05:35.974270" duration="0.000137" asserts="0"><properties><property name="python-version" value="3.12.7 | packaged by Anaconda, Inc. | (main, Oct  4 2024, 08:22:19) [Clang 14.0.6 ]" /><property name="fspath" value="tests/test_config.py" /></properties><environment framework-version="3.6.2" clr-version="3.12.7 | packaged by Anaconda, Inc. | (main, Oct  4 2024, 08:22:19) [Clang 14.0.6 ]" os-version="25.2.0" platform="Darwin" cwd="/Users/georgelevis/Projects/Smart-Home-P2P-Energy-Trading-RL" machine-name="arm64" user="" user-domain="" culture="en_US" uiculture="en_US" os-architecture="64bit" /><failure><message><![CDATA[]]></message><stack-trace><![CDATA[None]]></stack-trace></failure><reason><message><![CDATA[]]></message></reason><output><![CDATA[]]></output></test-case><test-case id="115" name="tests/test_config.py::test_td3_config" fullname="tests/test_config.py::test_td3_config" methodname="test_td3_config" classname="tests/test_config.py" runstate="Runnable" seed="1" result="Passed" label="" start-time="2026-03-13 21:05:35.974374" end-time="2026-03-13 21:05:35.974506" duration="0.000132" asserts="0"><properties><property name="python-version" value="3.12.7 | packaged by Anaconda, Inc. | (main, Oct  4 2024, 08:22:19) [Clang 14.0.6 ]" /><property name="fspath" value="tests/test_config.py" /></properties><environment framework-version="3.6.2" clr-version="3.12.7 | packaged by Anaconda, Inc. | (main, Oct  4 2024, 08:22:19) [Clang 14.0.6 ]" os-version="25.2.0" platform="Darwin" cwd="/Users/georgelevis/Projects/Smart-Home-P2P-Energy-Trading-RL" machine-name="arm64" user="" user-domain="" culture="en_US" uiculture="en_US" os-architecture="64bit" /><failure><message><![CDATA[]]></message><stack-trace><![CDATA[None]]></stack-trace></failure><reason><message><![CDATA[]]></message></reason><output><![CDATA[]]></output></test-case><test-case id="116" name="tests/test_config.py::test_ppo_config" fullname="tests/test_config.py::test_ppo_config" methodname="test_ppo_config" classname="tests/test_config.py" runstate="Runnable" seed="1" result="Passed" label="" start-time="2026-03-13 21:05:35.974610" end-time="2026-03-13 21:05:35.974743" duration="0.000133" asserts="0"><properties><property name="python-version" value="3.12.7 | packaged by Anaconda, Inc. | (main, Oct  4 2024, 08:22:19) [Clang 14.0.6 ]" /><property name="fspath" value="tests/test_config.py" /></properties><environment framework-version="3.6.2" clr-version="3.12.7 | packaged by Anaconda, Inc. | (main, Oct  4 2024, 08:22:19) [Clang 14.0.6 ]" os-version="25.2.0" platform="Darwin" cwd="/Users/georgelevis/Projects/Smart-Home-P2P-Energy-Trading-RL" machine-name="arm64" user="" user-domain="" culture="en_US" uiculture="en_US" os-architecture="64bit" /><failure><message><![CDATA[]]></message><stack-trace><![CDATA[None]]></stack-trace></failure><reason><message><![CDATA[]]></message></reason><output><![CDATA[]]></output></test-case><test-case id="117" name="tests/test_config.py::test_experiment_config_agent_dispatch" fullname="tests/test_config.py::test_experiment_config_agent_dispatch" methodname="test_experiment_config_agent_dispatch" classname="tests/test_config.py" runstate="Runnable" seed="1" result="Passed" label="" start-time="2026-03-13 21:05:35.974845" end-time="2026-03-13 21:05:35.975032" duration="0.000187" asserts="0"><properties><property name="python-version" value="3.12.7 | packaged by Anaconda, Inc. | (main, Oct  4 2024, 08:22:19) [Clang 14.0.6 ]" /><property name="fspath" value="tests/test_config.py" /></properties><environment framework-version="3.6.2" clr-version="3.12.7 | packaged by Anaconda, Inc. | (main, Oct  4 2024, 08:22:19) [Clang 14.0.6 ]" os-version="25.2.0" platform="Darwin" cwd="/Users/georgelevis/Projects/Smart-Home-P2P-Energy-Trading-RL" machine-name="arm64" user="" user-domain="" culture="en_US" uiculture="en_US" os-architecture="64bit" /><failure><message><![CDATA[]]></message><stack-trace><![CDATA[None]]></stack-trace></failure><reason><message><![CDATA[]]></message></reason><output><![CDATA[]]></output></test-case><test-case id="118" name="tests/test_config.py::test_experiment_config_yaml_roundtrip" fullname="tests/test_config.py::test_experiment_config_yaml_roundtrip" methodname="test_experiment_config_yaml_roundtrip" classname="tests/test_config.py" runstate="Runnable" seed="1" result="Passed" label="" start-time="2026-03-13 21:05:35.975513" end-time="2026-03-13 21:05:35.979570" duration="0.004057" asserts="0"><properties><property name="python-version" value="3.12.7 | packaged by Anaconda, Inc. | (main, Oct  4 2024, 08:22:19) [Clang 14.0.6 ]" /><property name="fspath" value="tests/test_config.py" /></properties><environment framework-version="3.6.2" clr-version="3.12.7 | packaged by Anaconda, Inc. | (main, Oct  4 2024, 08:22:19) [Clang 14.0.6 ]" os-version="25.2.0" platform="Darwin" cwd="/Users/georgelevis/Projects/Smart-Home-P2P-Energy-Trading-RL" machine-name="arm64" user="" user-domain="" culture="en_US" uiculture="en_US" os-architecture="64bit" /><failure><message><![CDATA[]]></message><stack-trace><![CDATA[None]]></stack-trace></failure><reason><message><![CDATA[]]></message></reason><output><![CDATA[]]></output></test-case><environment framework-version="3.6.2" clr-version="3.12.7 | packaged by Anaconda, Inc. | (main, Oct  4 2024, 08:22:19) [Clang 14.0.6 ]" os-version="25.2.0" platform="Darwin" cwd="/Users/georgelevis/Projects/Smart-Home-P2P-Energy-Trading-RL" machine-name="arm64" user="" user-domain="" culture="en_US" uiculture="en_US" os-architecture="64bit" /></test-suite><test-suite id="tests/test_buffers.py" name="tests/test_buffers.py" fullname="tests/test_buffers.py" methodname="" classname="" runstate="Runnable" type="Assembly" testcasecount="6" result="Passed" label="Tests for replay and rollout buffers." start-time="2026-03-13 21:05:35.964327" end-time="2026-03-13 21:05:35.972641" duration="0.008314" asserts="0" total="6" passed="6" failed="0" warnings="0" inconclusive="0" skipped="0"><properties><property name="python_version" value="3.12.7 | packaged by Anaconda, Inc. | (main, Oct  4 2024, 08:22:19) [Clang 14.0.6 ]" /></properties><test-case id="105" name="tests/test_buffers.py::test_replay_push_sample" fullname="tests/test_buffers.py::test_replay_push_sample" methodname="test_replay_push_sample" classname="tests/test_buffers.py" runstate="Runnable" seed="1" result="Passed" label="" start-time="2026-03-13 21:05:35.964327" end-time="2026-03-13 21:05:35.965516" duration="0.001189" asserts="0"><properties><property name="python-version" value="3.12.7 | packaged by Anaconda, Inc. | (main, Oct  4 2024, 08:22:19) [Clang 14.0.6 ]" /><property name="fspath" value="tests/test_buffers.py" /></properties><environment framework-version="3.6.2" clr-version="3.12.7 | packaged by Anaconda, Inc. | (main, Oct  4 2024, 08:22:19) [Clang 14.0.6 ]" os-version="25.2.0" platform="Darwin" cwd="/Users/georgelevis/Projects/Smart-Home-P2P-Energy-Trading-RL" machine-name="arm64" user="" user-domain="" culture="en_US" uiculture="en_US" os-architecture="64bit" /><failure><message><![CDATA[]]></message><stack-trace><![CDATA[None]]></stack-trace></failure><reason><message><![CDATA[]]></message></reason><output><![CDATA[]]></output></test-case><test-case id="106" name="tests/test_buffers.py::test_replay_overwrite" fullname="tests/test_buffers.py::test_replay_overwrite" methodname="test_replay_overwrite" classname="tests/test_buffers.py" runstate="Runnable" seed="1" result="Passed" label="" start-time="2026-03-13 21:05:35.965669" end-time="2026-03-13 21:05:35.966267" duration="0.000598" asserts="0"><properties><property name="python-version" value="3.12.7 | packaged by Anaconda, Inc. | (main, Oct  4 2024, 08:22:19) [Clang 14.0.6 ]" /><property name="fspath" value="tests/test_buffers.py" /></properties><environment framework-version="3.6.2" clr-version="3.12.7 | packaged by Anaconda, Inc. | (main, Oct  4 2024, 08:22:19) [Clang 14.0.6 ]" os-version="25.2.0" platform="Darwin" cwd="/Users/georgelevis/Projects/Smart-Home-P2P-Energy-Trading-RL" machine-name="arm64" user="" user-domain="" culture="en_US" uiculture="en_US" os-architecture="64bit" /><failure><message><![CDATA[]]></message><stack-trace><![CDATA[None]]></stack-trace></failure><reason><message><![CDATA[]]></message></reason><output><![CDATA[]]></output></test-case><test-case id="107" name="tests/test_buffers.py::test_replay_raises_if_too_few" fullname="tests/test_buffers.py::test_replay_raises_if_too_few" methodname="test_replay_raises_if_too_few" classname="tests/test_buffers.py" runstate="Runnable" seed="1" result="Passed" label="" start-time="2026-03-13 21:05:35.966394" end-time="2026-03-13 21:05:35.966691" duration="0.000297" asserts="0"><properties><property name="python-version" value="3.12.7 | packaged by Anaconda, Inc. | (main, Oct  4 2024, 08:22:19) [Clang 14.0.6 ]" /><property name="fspath" value="tests/test_buffers.py" /></properties><environment framework-version="3.6.2" clr-version="3.12.7 | packaged by Anaconda, Inc. | (main, Oct  4 2024, 08:22:19) [Clang 14.0.6 ]" os-version="25.2.0" platform="Darwin" cwd="/Users/georgelevis/Projects/Smart-Home-P2P-Energy-Trading-RL" machine-name="arm64" user="" user-domain="" culture="en_US" uiculture="en_US" os-architecture="64bit" /><failure><message><![CDATA[]]></message><stack-trace><![CDATA[None]]></stack-trace></failure><reason><message><![CDATA[]]></message></reason><output><![CDATA[]]></output></test-case><test-case id="108" name="tests/test_buffers.py::test_prioritized_buffer" fullname="tests/test_buffers.py::test_prioritized_buffer" methodname="test_prioritized_buffer" classname="tests/test_buffers.py" runstate="Runnable" seed="1" result="Passed" label="" start-time="2026-03-13 21:05:35.966812" end-time="2026-03-13 21:05:35.969118" duration="0.002306" asserts="0"><properties><property name="python-version" value="3.12.7 | packaged by Anaconda, Inc. | (main, Oct  4 2024, 08:22:19) [Clang 14.0.6 ]" /><property name="fspath" value="tests/test_buffers.py" /></properties><environment framework-version="3.6.2" clr-version="3.12.7 | packaged by Anaconda, Inc. | (main, Oct  4 2024, 08:22:19) [Clang 14.0.6 ]" os-version="25.2.0" platform="Darwin" cwd="/Users/georgelevis/Projects/Smart-Home-P2P-Energy-Trading-RL" machine-name="arm64" user="" user-domain="" culture="en_US" uiculture="en_US" os-architecture="64bit" /><failure><message><![CDATA[]]></message><stack-trace><![CDATA[None]]></stack-trace></failure><reason><message><![CDATA[]]></message></reason><output><![CDATA[]]></output></test-case><test-case id="109" name="tests/test_buffers.py::test_rollout_buffer_gae" fullname="tests/test_buffers.py::test_rollout_buffer_gae" methodname="test_rollout_buffer_gae" classname="tests/test_buffers.py" runstate="Runnable" seed="1" result="Passed" label="" start-time="2026-03-13 21:05:35.969242" end-time="2026-03-13 21:05:35.972051" duration="0.002809" asserts="0"><properties><property name="python-version" value="3.12.7 | packaged by Anaconda, Inc. | (main, Oct  4 2024, 08:22:19) [Clang 14.0.6 ]" /><property name="fspath" value="tests/test_buffers.py" /></properties><environment framework-version="3.6.2" clr-version="3.12.7 | packaged by Anaconda, Inc. | (main, Oct  4 2024, 08:22:19) [Clang 14.0.6 ]" os-version="25.2.0" platform="Darwin" cwd="/Users/georgelevis/Projects/Smart-Home-P2P-Energy-Trading-RL" machine-name="arm64" user="" user-domain="" culture="en_US" uiculture="en_US" os-architecture="64bit" /><failure><message><![CDATA[]]></message><stack-trace><![CDATA[None]]></stack-trace></failure><reason><message><![CDATA[]]></message></reason><output><![CDATA[]]></output></test-case><test-case id="110" name="tests/test_buffers.py::test_rollout_buffer_clear" fullname="tests/test_buffers.py::test_rollout_buffer_clear" methodname="test_rollout_buffer_clear" classname="tests/test_buffers.py" runstate="Runnable" seed="1" result="Passed" label="" start-time="2026-03-13 21:05:35.972197" end-time="2026-03-13 21:05:35.972641" duration="0.000444" asserts="0"><properties><property name="python-version" value="3.12.7 | packaged by Anaconda, Inc. | (main, Oct  4 2024, 08:22:19) [Clang 14.0.6 ]" /><property name="fspath" value="tests/test_buffers.py" /></properties><environment framework-version="3.6.2" clr-version="3.12.7 | packaged by Anaconda, Inc. | (main, Oct  4 2024, 08:22:19) [Clang 14.0.6 ]" os-version="25.2.0" platform="Darwin" cwd="/Users/georgelevis/Projects/Smart-Home-P2P-Energy-Trading-RL" machine-name="arm64" user="" user-domain="" culture="en_US" uiculture="en_US" os-architecture="64bit" /><failure><message><![CDATA[]]></message><stack-trace><![CDATA[None]]></stack-trace></failure><reason><message><![CDATA[]]></message></reason><output><![CDATA[]]></output></test-case><environment framework-version="3.6.2" clr-version="3.12.7 | packaged by Anaconda, Inc. | (main, Oct  4 2024, 08:22:19) [Clang 14.0.6 ]" os-version="25.2.0" platform="Darwin" cwd="/Users/georgelevis/Projects/Smart-Home-P2P-Energy-Trading-RL" machine-name="arm64" user="" user-domain="" culture="en_US" uiculture="en_US" os-architecture="64bit" /></test-suite><test-suite id="tests/test_environment.py::TestProperties" name="tests/test_environment.py::TestProperties" fullname="tests/test_environment.py::TestProperties" methodname="" classname="" runstate="Runnable" type="Assembly" testcasecount="6" result="Passed" label="" start-time="2026-03-13 21:05:35.989703" end-time="2026-03-13 21:05:35.993022" duration="0.003319" asserts="0" total="6" passed="6" failed="0" warnings="0" inconclusive="0" skipped="0"><properties><property name="python_version" value="3.12.7 | packaged by Anaconda, Inc. | (main, Oct  4 2024, 08:22:19) [Clang 14.0.6 ]" /></properties><test-case id="134" name="tests/test_environment.py::TestProperties::test_state_dim_property" fullname="tests/test_environment.py::TestProperties::test_state_dim_property" methodname="test_state_dim_property" classname="TestProperties" runstate="Runnable" seed="1" result="Passed" label="" start-time="2026-03-13 21:05:35.989703" end-time="2026-03-13 21:05:35.990047" duration="0.000344" asserts="0"><properties><property name="python-version" value="3.12.7 | packaged by Anaconda, Inc. | (main, Oct  4 2024, 08:22:19) [Clang 14.0.6 ]" /><property name="fspath" value="tests/test_environment.py" /></properties><environment framework-version="3.6.2" clr-version="3.12.7 | packaged by Anaconda, Inc. | (main, Oct  4 2024, 08:22:19) [Clang 14.0.6 ]" os-version="25.2.0" platform="Darwin" cwd="/Users/georgelevis/Projects/Smart-Home-P2P-Energy-Trading-RL" machine-name="arm64" user="" user-domain="" culture="en_US" uiculture="en_US" os-architecture="64bit" /><failure><message><![CDATA[]]></message><stack-trace><![CDATA[None]]></stack-trace></failure><reason><message><![CDATA[]]></message></reason><output><![CDATA[]]></output></test-case><test-case id="135" name="tests/test_environment.py::TestProperties::test_action_dim_property" fullname="tests/test_environment.py::TestProperties::test_action_dim_property" methodname="test_action_dim_property" classname="TestProperties" runstate="Runnable" seed="1" result="Passed" label="" start-time="2026-03-13 21:05:35.990163" end-time="2026-03-13 21:05:35.990561" duration="0.000398" asserts="0"><properties><property name="python-version" value="3.12.7 | packaged by Anaconda, Inc. | (main, Oct  4 2024, 08:22:19) [Clang 14.0.6 ]" /><property name="fspath" value="tests/test_environment.py" /></properties><environment framework-version="3.6.2" clr-version="3.12.7 | packaged by Anaconda, Inc. | (main, Oct  4 2024, 08:22:19) [Clang 14.0.6 ]" os-version="25.2.0" platform="Darwin" cwd="/Users/georgelevis/Projects/Smart-Home-P2P-Energy-Trading-RL" machine-name="arm64" user="" user-domain="" culture="en_US" uiculture="en_US" os-architecture="64bit" /><failure><message><![CDATA[]]></message><stack-trace><![CDATA[None]]></stack-trace></failure><reason><message><![CDATA[]]></message></reason><output><![CDATA[]]></output></test-case><test-case id="136" name="tests/test_environment.py::TestProperties::test_num_houses_property" fullname="tests/test_environment.py::TestProperties::test_num_houses_property" methodname="test_num_houses_property" classna
[...]
026-03-13 21:06:58.656438" end-time="2026-03-13 21:06:58.656623" duration="0.000185" asserts="0"><properties><property name="python-version" value="3.12.7 | packaged by Anaconda, Inc. | (main, Oct  4 2024, 08:22:19) [Clang 14.0.6 ]" /><property name="fspath" value="tests/test_scenarios.py" /></properties><environment framework-version="3.6.2" clr-version="3.12.7 | packaged by Anaconda, Inc. | (main, Oct  4 2024, 08:22:19) [Clang 14.0.6 ]" os-version="25.2.0" platform="Darwin" cwd="/Users/georgelevis/Projects/Smart-Home-P2P-Energy-Trading-RL" machine-name="arm64" user="" user-domain="" culture="en_US" uiculture="en_US" os-architecture="64bit" /><failure><message><![CDATA[]]></message><stack-trace><![CDATA[None]]></stack-trace></failure><reason><message><![CDATA[]]></message></reason><output><![CDATA[]]></output></test-case><test-case id="203" name="tests/test_scenarios.py::test_normal_scenario_no_modifiers" fullname="tests/test_scenarios.py::test_normal_scenario_no_modifiers" methodname="test_normal_scenario_no_modifiers" classname="tests/test_scenarios.py" runstate="Runnable" seed="1" result="Passed" label="" start-time="2026-03-13 21:06:58.656766" end-time="2026-03-13 21:06:58.657152" duration="0.000386" asserts="0"><properties><property name="python-version" value="3.12.7 | packaged by Anaconda, Inc. | (main, Oct  4 2024, 08:22:19) [Clang 14.0.6 ]" /><property name="fspath" value="tests/test_scenarios.py" /></properties><environment framework-version="3.6.2" clr-version="3.12.7 | packaged by Anaconda, Inc. | (main, Oct  4 2024, 08:22:19) [Clang 14.0.6 ]" os-version="25.2.0" platform="Darwin" cwd="/Users/georgelevis/Projects/Smart-Home-P2P-Energy-Trading-RL" machine-name="arm64" user="" user-domain="" culture="en_US" uiculture="en_US" os-architecture="64bit" /><failure><message><![CDATA[]]></message><stack-trace><![CDATA[None]]></stack-trace></failure><reason><message><![CDATA[]]></message></reason><output><![CDATA[]]></output></test-case><test-case id="204" name="tests/test_scenarios.py::test_combined_crisis_all_active" fullname="tests/test_scenarios.py::test_combined_crisis_all_active" methodname="test_combined_crisis_all_active" classname="tests/test_scenarios.py" runstate="Runnable" seed="1" result="Passed" label="" start-time="2026-03-13 21:06:58.657357" end-time="2026-03-13 21:06:58.657534" duration="0.000177" asserts="0"><properties><property name="python-version" value="3.12.7 | packaged by Anaconda, Inc. | (main, Oct  4 2024, 08:22:19) [Clang 14.0.6 ]" /><property name="fspath" value="tests/test_scenarios.py" /></properties><environment framework-version="3.6.2" clr-version="3.12.7 | packaged by Anaconda, Inc. | (main, Oct  4 2024, 08:22:19) [Clang 14.0.6 ]" os-version="25.2.0" platform="Darwin" cwd="/Users/georgelevis/Projects/Smart-Home-P2P-Energy-Trading-RL" machine-name="arm64" user="" user-domain="" culture="en_US" uiculture="en_US" os-architecture="64bit" /><failure><message><![CDATA[]]></message><stack-trace><![CDATA[None]]></stack-trace></failure><reason><message><![CDATA[]]></message></reason><output><![CDATA[]]></output></test-case><test-case id="205" name="tests/test_scenarios.py::test_scenario_frozen" fullname="tests/test_scenarios.py::test_scenario_frozen" methodname="test_scenario_frozen" classname="tests/test_scenarios.py" runstate="Runnable" seed="1" result="Passed" label="" start-time="2026-03-13 21:06:58.657672" end-time="2026-03-13 21:06:58.657899" duration="0.000227" asserts="0"><properties><property name="python-version" value="3.12.7 | packaged by Anaconda, Inc. | (main, Oct  4 2024, 08:22:19) [Clang 14.0.6 ]" /><property name="fspath" value="tests/test_scenarios.py" /></properties><environment framework-version="3.6.2" clr-version="3.12.7 | packaged by Anaconda, Inc. | (main, Oct  4 2024, 08:22:19) [Clang 14.0.6 ]" os-version="25.2.0" platform="Darwin" cwd="/Users/georgelevis/Projects/Smart-Home-P2P-Energy-Trading-RL" machine-name="arm64" user="" user-domain="" culture="en_US" uiculture="en_US" os-architecture="64bit" /><failure><message><![CDATA[]]></message><stack-trace><![CDATA[None]]></stack-trace></failure><reason><message><![CDATA[]]></message></reason><output><![CDATA[]]></output></test-case><test-case id="206" name="tests/test_scenarios.py::test_scenario_custom" fullname="tests/test_scenarios.py::test_scenario_custom" methodname="test_scenario_custom" classname="tests/test_scenarios.py" runstate="Runnable" seed="1" result="Passed" label="" start-time="2026-03-13 21:06:58.658034" end-time="2026-03-13 21:06:58.658196" duration="0.000162" asserts="0"><properties><property name="python-version" value="3.12.7 | packaged by Anaconda, Inc. | (main, Oct  4 2024, 08:22:19) [Clang 14.0.6 ]" /><property name="fspath" value="tests/test_scenarios.py" /></properties><environment framework-version="3.6.2" clr-version="3.12.7 | packaged by Anaconda, Inc. | (main, Oct  4 2024, 08:22:19) [Clang 14.0.6 ]" os-version="25.2.0" platform="Darwin" cwd="/Users/georgelevis/Projects/Smart-Home-P2P-Energy-Trading-RL" machine-name="arm64" user="" user-domain="" culture="en_US" uiculture="en_US" os-architecture="64bit" /><failure><message><![CDATA[]]></message><stack-trace><![CDATA[None]]></stack-trace></failure><reason><message><![CDATA[]]></message></reason><output><![CDATA[]]></output></test-case><environment framework-version="3.6.2" clr-version="3.12.7 | packaged by Anaconda, Inc. | (main, Oct  4 2024, 08:22:19) [Clang 14.0.6 ]" os-version="25.2.0" platform="Darwin" cwd="/Users/georgelevis/Projects/Smart-Home-P2P-Energy-Trading-RL" machine-name="arm64" user="" user-domain="" culture="en_US" uiculture="en_US" os-architecture="64bit" /></test-suite><test-suite id="tests/test_integration.py" name="tests/test_integration.py" fullname="tests/test_integration.py" methodname="" classname="" runstate="Runnable" type="Assembly" testcasecount="11" result="Passed" label="10-episode smoke training runs for SAC and DDPG agents.&#10;&#10;All tests are marked `integration` and require the CSV data files under data/.&#10;They are skipped automatically when data is absent.&#10;&#10;Each test follows the same pattern:&#10;1. Build ExperimentConfig for the target agent.&#10;2. Instantiate EnergyEnv.&#10;3. Create the agent via create_agent().&#10;4. Run Trainer.train(10).&#10;5. Assert result.total_episodes == 10 and sanity-check reward types." start-time="2026-03-13 21:05:36.137837" end-time="2026-03-13 21:06:58.206490" duration="82.068653" asserts="0" total="11" passed="11" failed="0" warnings="0" inconclusive="0" skipped="0"><properties><property name="python_version" value="3.12.7 | packaged by Anaconda, Inc. | (main, Oct  4 2024, 08:22:19) [Clang 14.0.6 ]" /></properties><test-case id="163" name="tests/test_integration.py::test_sac_10_episode_smoke" fullname="tests/test_integration.py::test_sac_10_episode_smoke" methodname="test_sac_10_episode_smoke" classname="tests/test_integration.py" runstate="Runnable" seed="1" result="Passed" label="" start-time="2026-03-13 21:05:36.137837" end-time="2026-03-13 21:05:42.023507" duration="5.88567" asserts="0"><properties><property name="python-version" value="3.12.7 | packaged by Anaconda, Inc. | (main, Oct  4 2024, 08:22:19) [Clang 14.0.6 ]" /><property name="fspath" value="tests/test_integration.py" /></properties><environment framework-version="3.6.2" clr-version="3.12.7 | packaged by Anaconda, Inc. | (main, Oct  4 2024, 08:22:19) [Clang 14.0.6 ]" os-version="25.2.0" platform="Darwin" cwd="/Users/georgelevis/Projects/Smart-Home-P2P-Energy-Trading-RL" machine-name="arm64" user="" user-domain="" culture="en_US" uiculture="en_US" os-architecture="64bit" /><failure><message><![CDATA[]]></message><stack-trace><![CDATA[None]]></stack-trace></failure><reason><message><![CDATA[]]></message></reason><output><![CDATA[]]></output></test-case><test-case id="164" name="tests/test_integration.py::test_sac_episode_rewards_recorded" fullname="tests/test_integration.py::test_sac_episode_rewards_recorded" methodname="test_sac_episode_rewards_recorded" classname="tests/test_integration.py" runstate="Runnable" seed="1" result="Passed" label="" start-time="2026-03-13 21:05:42.023752" end-time="2026-03-13 21:05:47.893275" duration="5.869523" asserts="0"><properties><property name="python-version" value="3.12.7 | packaged by Anaconda, Inc. | (main, Oct  4 2024, 08:22:19) [Clang 14.0.6 ]" /><property name="fspath" value="tests/test_integration.py" /></properties><environment framework-version="3.6.2" clr-version="3.12.7 | packaged by Anaconda, Inc. | (main, Oct  4 2024, 08:22:19) [Clang 14.0.6 ]" os-version="25.2.0" platform="Darwin" cwd="/Users/georgelevis/Projects/Smart-Home-P2P-Energy-Trading-RL" machine-name="arm64" user="" user-domain="" culture="en_US" uiculture="en_US" os-architecture="64bit" /><failure><message><![CDATA[]]></message><stack-trace><![CDATA[None]]></stack-trace></failure><reason><message><![CDATA[]]></message></reason><output><![CDATA[]]></output></test-case><test-case id="165" name="tests/test_integration.py::test_sac_episode_rewards_are_finite" fullname="tests/test_integration.py::test_sac_episode_rewards_are_finite" methodname="test_sac_episode_rewards_are_finite" classname="tests/test_integration.py" runstate="Runnable" seed="1" result="Passed" label="" start-time="2026-03-13 21:05:47.893504" end-time="2026-03-13 21:05:54.065616" duration="6.172112" asserts="0"><properties><property name="python-version" value="3.12.7 | packaged by Anaconda, Inc. | (main, Oct  4 2024, 08:22:19) [Clang 14.0.6 ]" /><property name="fspath" value="tests/test_integration.py" /></properties><environment framework-version="3.6.2" clr-version="3.12.7 | packaged by Anaconda, Inc. | (main, Oct  4 2024, 08:22:19) [Clang 14.0.6 ]" os-version="25.2.0" platform="Darwin" cwd="/Users/georgelevis/Projects/Smart-Home-P2P-Energy-Trading-RL" machine-name="arm64" user="" user-domain="" culture="en_US" uiculture="en_US" os-architecture="64bit" /><failure><message><![CDATA[]]></message><stack-trace><![CDATA[None]]></stack-trace></failure><reason><message><![CDATA[]]></message></reason><output><![CDATA[]]></output></test-case><test-case id="166" name="tests/test_integration.py::test_sac_mean_reward_property" fullname="tests/test_integration.py::test_sac_mean_reward_property" methodname="test_sac_mean_reward_property" classname="tests/test_integration.py" runstate="Runnable" seed="1" result="Passed" label="" start-time="2026-03-13 21:05:54.065870" end-time="2026-03-13 21:06:00.471980" duration="6.40611" asserts="0"><properties><property name="python-version" value="3.12.7 | packaged by Anaconda, Inc. | (main, Oct  4 2024, 08:22:19) [Clang 14.0.6 ]" /><property name="fspath" value="tests/test_integration.py" /></properties><environment framework-version="3.6.2" clr-version="3.12.7 | packaged by Anaconda, Inc. | (main, Oct  4 2024, 08:22:19) [Clang 14.0.6 ]" os-version="25.2.0" platform="Darwin" cwd="/Users/georgelevis/Projects/Smart-Home-P2P-Energy-Trading-RL" machine-name="arm64" user="" user-domain="" culture="en_US" uiculture="en_US" os-architecture="64bit" /><failure><message><![CDATA[]]></message><stack-trace><![CDATA[None]]></stack-trace></failure><reason><message><![CDATA[]]></message></reason><output><![CDATA[]]></output></test-case><test-case id="167" name="tests/test_integration.py::test_ddpg_10_episode_smoke" fullname="tests/test_integration.py::test_ddpg_10_episode_smoke" methodname="test_ddpg_10_episode_smoke" classname="tests/test_integration.py" runstate="Runnable" seed="1" result="Passed" label="" start-time="2026-03-13 21:06:00.472220" end-time="2026-03-13 21:06:07.150562" duration="6.678342" asserts="0"><properties><property name="python-version" value="3.12.7 | packaged by Anaconda, Inc. | (main, Oct  4 2024, 08:22:19) [Clang 14.0.6 ]" /><property name="fspath" value="tests/test_integration.py" /></properties><environment framework-version="3.6.2" clr-version="3.12.7 | packaged by Anaconda, Inc. | (main, Oct  4 2024, 08:22:19) [Clang 14.0.6 ]" os-version="25.2.0" platform="Darwin" cwd="/Users/georgelevis/Projects/Smart-Home-P2P-Energy-Trading-RL" machine-name="arm64" user="" user-domain="" culture="en_US" uiculture="en_US" os-architecture="64bit" /><failure><message><![CDATA[]]></message><stack-trace><![CDATA[None]]></stack-trace></failure><reason><message><![CDATA[]]></message></reason><output><![CDATA[]]></output></test-case><test-case id="168" name="tests/test_integration.py::test_ddpg_episode_rewards_recorded" fullname="tests/test_integration.py::test_ddpg_episode_rewards_recorded" methodname="test_ddpg_episode_rewards_recorded" classname="tests/test_integration.py" runstate="Runnable" seed="1" result="Passed" label="" start-time="2026-03-13 21:06:07.150793" end-time="2026-03-13 21:06:14.747970" duration="7.597177" asserts="0"><properties><property name="python-version" value="3.12.7 | packaged by Anaconda, Inc. | (main, Oct  4 2024, 08:22:19) [Clang 14.0.6 ]" /><property name="fspath" value="tests/test_integration.py" /></properties><environment framework-version="3.6.2" clr-version="3.12.7 | packaged by Anaconda, Inc. | (main, Oct  4 2024, 08:22:19) [Clang 14.0.6 ]" os-version="25.2.0" platform="Darwin" cwd="/Users/georgelevis/Projects/Smart-Home-P2P-Energy-Trading-RL" machine-name="arm64" user="" user-domain="" culture="en_US" uiculture="en_US" os-architecture="64bit" /><failure><message><![CDATA[]]></message><stack-trace><![CDATA[None]]></stack-trace></failure><reason><message><![CDATA[]]></message></reason><output><![CDATA[]]></output></test-case><test-case id="169" name="tests/test_integration.py::test_ddpg_episode_rewards_are_finite" fullname="tests/test_integration.py::test_ddpg_episode_rewards_are_finite" methodname="test_ddpg_episode_rewards_are_finite" classname="tests/test_integration.py" runstate="Runnable" seed="1" result="Passed" label="" start-time="2026-03-13 21:06:14.748521" end-time="2026-03-13 21:06:21.186572" duration="6.438051" asserts="0"><properties><property name="python-version" value="3.12.7 | packaged by Anaconda, Inc. | (main, Oct  4 2024, 08:22:19) [Clang 14.0.6 ]" /><property name="fspath" value="tests/test_integration.py" /></properties><environment framework-version="3.6.2" clr-version="3.12.7 | packaged by Anaconda, Inc. | (main, Oct  4 2024, 08:22:19) [Clang 14.0.6 ]" os-version="25.2.0" platform="Darwin" cwd="/Users/georgelevis/Projects/Smart-Home-P2P-Energy-Trading-RL" machine-name="arm64" user="" user-domain="" culture="en_US" uiculture="en_US" os-architecture="64bit" /><failure><message><![CDATA[]]></message><stack-trace><![CDATA[None]]></stack-trace></failure><reason><message><![CDATA[]]></message></reason><output><![CDATA[]]></output></test-case><test-case id="170" name="tests/test_integration.py::test_ddpg_mean_reward_property" fullname="tests/test_integration.py::test_ddpg_mean_reward_property" methodname="test_ddpg_mean_reward_property" classname="tests/test_integration.py" runstate="Runnable" seed="1" result="Passed" label="" start-time="2026-03-13 21:06:21.186844" end-time="2026-03-13 21:06:27.481974" duration="6.29513" asserts="0"><properties><property name="python-version" value="3.12.7 | packaged by Anaconda, Inc. | (main, Oct  4 2024, 08:22:19) [Clang 14.0.6 ]" /><property name="fspath" value="tests/test_integration.py" /></properties><environment framework-version="3.6.2" clr-version="3.12.7 | packaged by Anaconda, Inc. | (main, Oct  4 2024, 08:22:19) [Clang 14.0.6 ]" os-version="25.2.0" platform="Darwin" cwd="/Users/georgelevis/Projects/Smart-Home-P2P-Energy-Trading-RL" machine-name="arm64" user="" user-domain="" culture="en_US" uiculture="en_US" os-architecture="64bit" /><failure><message><![CDATA[]]></message><stack-trace><![CDATA[None]]></stack-trace></failure><reason><message><![CDATA[]]></message></reason><output><![CDATA[]]></output></test-case><test-case id="171" name="tests/test_integration.py::test_trainer_result_total_episodes_matches_requested" fullname="tests/test_integration.py::test_trainer_result_total_episodes_matches_requested" methodname="test_trainer_result_total_episodes_matches_requested" classname="tests/test_integration.py" runstate="Runnable" seed="1" result="Passed" label="Regardless of agent, total_episodes must equal what was requested." start-time="2026-03-13 21:06:27.482213" end-time="2026-03-13 21:06:40.070479" duration="12.588266" asserts="0"><properties><property name="python-version" value="3.12.7 | packaged by Anaconda, Inc. | (main, Oct  4 2024, 08:22:19) [Clang 14.0.6 ]" /><property name="fspath" value="tests/test_integration.py" /></properties><environment framework-version="3.6.2" clr-version="3.12.7 | packaged by Anaconda, Inc. | (main, Oct  4 2024, 08:22:19) [Clang 14.0.6 ]" os-version="25.2.0" platform="Darwin" cwd="/Users/georgelevis/Projects/Smart-Home-P2P-Energy-Trading-RL" machine-name="arm64" user="" user-domain="" culture="en_US" uiculture="en_US" os-architecture="64bit" /><failure><message><![CDATA[]]></message><stack-trace><![CDATA[None]]></stack-trace></failure><reason><message><![CDATA[]]></message></reason><output><![CDATA[]]></output></test-case><test-case id="172" name="tests/test_integration.py::test_trainer_result_episode_rewards_list_length" fullname="tests/test_integration.py::test_trainer_result_episode_rewards_list_length" methodname="test_trainer_result_episode_rewards_list_length" classname="tests/test_integration.py" runstate="Runnable" seed="1" result="Passed" label="episode_rewards list length must match total_episodes." start-time="2026-03-13 21:06:40.070714" end-time="2026-03-13 21:06:52.067656" duration="11.996942" asserts="0"><properties><property name="python-version" value="3.12.7 | packaged by Anaconda, Inc. | (main, Oct  4 2024, 08:22:19) [Clang 14.0.6 ]" /><property name="fspath" value="tests/test_integration.py" /></properties><environment framework-version="3.6.2" clr-version="3.12.7 | packaged by Anaconda, Inc. | (main, Oct  4 2024, 08:22:19) [Clang 14.0.6 ]" os-version="25.2.0" platform="Darwin" cwd="/Users/georgelevis/Projects/Smart-Home-P2P-Energy-Trading-RL" machine-name="arm64" user="" user-domain="" culture="en_US" uiculture="en_US" os-architecture="64bit" /><failure><message><![CDATA[]]></message><stack-trace><![CDATA[None]]></stack-trace></failure><reason><message><![CDATA[]]></message></reason><output><![CDATA[]]></output></test-case><test-case id="173" name="tests/test_integration.py::test_training_result_final_mean_reward_within_last_100" fullname="tests/test_integration.py::test_training_result_final_mean_reward_within_last_100" methodname="test_training_result_final_mean_reward_within_last_100" classname="tests/test_integration.py" runstate="Runnable" seed="1" result="Passed" label="final_mean_reward is mean of the last 100 episodes (or all if fewer)." start-time="2026-03-13 21:06:52.067891" end-time="2026-03-13 21:06:58.206490" duration="6.138599" asserts="0"><properties><property name="python-version" value="3.12.7 | packaged by Anaconda, Inc. | (main, Oct  4 2024, 08:22:19) [Clang 14.0.6 ]" /><property name="fspath" value="tests/test_integration.py" /></properties><environment framework-version="3.6.2" clr-version="3.12.7 | packaged by Anaconda, Inc. | (main, Oct  4 2024, 08:22:19) [Clang 14.0.6 ]" os-version="25.2.0" platform="Darwin" cwd="/Users/georgelevis/Projects/Smart-Home-P2P-Energy-Trading-RL" machine-name="arm64" user="" user-domain="" culture="en_US" uiculture="en_US" os-architecture="64bit" /><failure><message><![CDATA[]]></message><stack-trace><![CDATA[None]]></stack-trace></failure><reason><message><![CDATA[]]></message></reason><output><![CDATA[]]></output></test-case><environment framework-version="3.6.2" clr-version="3.12.7 | packaged by Anaconda, Inc. | (main, Oct  4 2024, 08:22:19) [Clang 14.0.6 ]" os-version="25.2.0" platform="Darwin" cwd="/Users/georgelevis/Projects/Smart-Home-P2P-Energy-Trading-RL" machine-name="arm64" user="" user-domain="" culture="en_US" uiculture="en_US" os-architecture="64bit" /></test-suite></test-run>