<test-run id="2" testcasecount="114" result="Passed" start-time="2026-03-13 20:32:34.299981" end-time="2026-03-13 20:32:40.324441" duration="6" total="114" passed="95" failed="19" inconclusive="0" skipped="0" asserts="0" clr-version="3.12.7 | packaged by Anaconda, Inc. | (main, Oct  4 2024, 08:22:19) [Clang 14.0.6 ]" engine-version="3.6.2"><command-line>/opt/homebrew/anaconda3/lib/python3.12/site-packages/pytest/__main__.py tests/ -v</command-line><filter><test re="0">tests/</test></filter><test-suite id="tests/test_environment.py::TestScenarioInjection" name="tests/test_environment.py::TestScenarioInjection" fullname="tests/test_environment.py::TestScenarioInjection" methodname="" classname="" runstate="Runnable" type="Assembly" testcasecount="6" result="Passed" label="" start-time="2026-03-13 20:32:39.629740" end-time="2026-03-13 20:32:39.635070" duration="0.00533" asserts="0" total="6" passed="6" failed="0" warnings="0" inconclusive="0" skipped="0"><properties><property name="python_version" value="3.12.7 | packaged by Anaconda, Inc. | (main, Oct  4 2024, 08:22:19) [Clang 14.0.6 ]" /></properties><test-case id="140" name="tests/test_environment.py::TestScenarioInjection::test_no_scenario_does_not_modify_env" fullname="tests/test_environment.py::TestScenarioInjection::test_no_scenario_does_not_modify_env" methodname="test_no_scenario_does_not_modify_env" classname="TestScenarioInjection" runstate="Runnable" seed="1" result="Passed" label="Without a scenario the legacy env step is called without any attribute mutation.&#10;&#10;        We verify this by tracking that env.price is never reassigned: use a spec'd&#10;        mock that records attribute writes, and confirm no scenario method ran." start-time="2026-03-13 20:32:39.629740" end-time="2026-03-13 20:32:39.630191" duration="0.000451" asserts="0"><properties><property name="python-version" value="3.12.7 | packaged by Anaconda, Inc. | (main, Oct  4 2024, 08:22:19) [Clang 14.0.6 ]" /><property name="fspath" value="tests/test_environment.py" /></properties><environment framework-version="3.6.2" clr-version="3.12.7 | packaged by Anaconda, Inc. | (main, Oct  4 2024, 08:22:19) [Clang 14.0.6 ]" os-version="25.2.0" platform="Darwin" cwd="/Users/georgelevis/Projects/Smart-Home-P2P-Energy-Trading-RL" machine-name="arm64" user="" user-domain="" culture="en_US" uiculture="en_US" os-architecture="64bit" /><failure><message><![CDATA[]]></message><stack-trace><![CDATA[None]]></stack-trace></failure><reason><message><![CDATA[]]></message></reason><output><![CDATA[]]></output></test-case><test-case id="141" name="tests/test_environment.py::TestScenarioInjection::test_price_spike_scenario_applied" fullname="tests/test_environment.py::TestScenarioInjection::test_price_spike_scenario_applied" methodname="test_price_spike_scenario_applied" classname="TestScenarioInjection" runstate="Runnable" seed="1" result="Passed" label="price_multiplier != 1 triggers env.price assignment." start-time="2026-03-13 20:32:39.630370" end-time="2026-03-13 20:32:39.631215" duration="0.000845" asserts="0"><properties><property name="python-version" value="3.12.7 | packaged by Anaconda, Inc. | (main, Oct  4 2024, 08:22:19) [Clang 14.0.6 ]" /><property name="fspath" value="tests/test_environment.py" /></properties><environment framework-version="3.6.2" clr-version="3.12.7 | packaged by Anaconda, Inc. | (main, Oct  4 2024, 08:22:19) [Clang 14.0.6 ]" os-version="25.2.0" platform="Darwin" cwd="/Users/georgelevis/Projects/Smart-Home-P2P-Energy-Trading-RL" machine-name="arm64" user="" user-domain="" culture="en_US" uiculture="en_US" os-architecture="64bit" /><failure><message><![CDATA[]]></message><stack-trace><![CDATA[None]]></stack-trace></failure><reason><message><![CDATA[]]></message></reason><output><![CDATA[]]></output></test-case><test-case id="142" name="tests/test_environment.py::TestScenarioInjection::test_solar_dropout_scenario_applied" fullname="tests/test_environment.py::TestScenarioInjection::test_solar_dropout_scenario_applied" methodname="test_solar_dropout_scenario_applied" classname="TestScenarioInjection" runstate="Runnable" seed="1" result="Passed" label="solar_reduction &gt; 0 triggers env.sun_power assignment." start-time="2026-03-13 20:32:39.631427" end-time="2026-03-13 20:32:39.632395" duration="0.000968" asserts="0"><properties><property name="python-version" value="3.12.7 | packaged by Anaconda, Inc. | (main, Oct  4 2024, 08:22:19) [Clang 14.0.6 ]" /><property name="fspath" value="tests/test_environment.py" /></properties><environment framework-version="3.6.2" clr-version="3.12.7 | packaged by Anaconda, Inc. | (main, Oct  4 2024, 08:22:19) [Clang 14.0.6 ]" os-version="25.2.0" platform="Darwin" cwd="/Users/georgelevis/Projects/Smart-Home-P2P-Energy-Trading-RL" machine-name="arm64" user="" user-domain="" culture="en_US" uiculture="en_US" os-architecture="64bit" /><failure><message><![CDATA[]]></message><stack-trace><![CDATA[None]]></stack-trace></failure><reason><message><![CDATA[]]></message></reason><output><![CDATA[]]></output></test-case><test-case id="143" name="tests/test_environment.py::TestScenarioInjection::test_demand_surge_scenario_applied" fullname="tests/test_environment.py::TestScenarioInjection::test_demand_surge_scenario_applied" methodname="test_demand_surge_scenario_applied" classname="TestScenarioInjection" runstate="Runnable" seed="1" result="Passed" label="demand_multiplier != 1 triggers env.power_demand assignment." start-time="2026-03-13 20:32:39.632554" end-time="2026-03-13 20:32:39.633120" duration="0.000566" asserts="0"><properties><property name="python-version" value="3.12.7 | packaged by Anaconda, Inc. | (main, Oct  4 2024, 08:22:19) [Clang 14.0.6 ]" /><property name="fspath" value="tests/test_environment.py" /></properties><environment framework-version="3.6.2" clr-version="3.12.7 | packaged by Anaconda, Inc. | (main, Oct  4 2024, 08:22:19) [Clang 14.0.6 ]" os-version="25.2.0" platform="Darwin" cwd="/Users/georgelevis/Projects/Smart-Home-P2P-Energy-Trading-RL" machine-name="arm64" user="" user-domain="" culture="en_US" uiculture="en_US" os-architecture="64bit" /><failure><message><![CDATA[]]></message><stack-trace><![CDATA[None]]></stack-trace></failure><reason><message><![CDATA[]]></message></reason><output><![CDATA[]]></output></test-case><test-case id="144" name="tests/test_environment.py::TestScenarioInjection::test_normal_scenario_no_price_change" fullname="tests/test_environment.py::TestScenarioInjection::test_normal_scenario_no_price_change" methodname="test_normal_scenario_no_price_change" classname="TestScenarioInjection" runstate="Runnable" seed="1" result="Passed" label="Normal scenario (all multipliers == 1.0) must not overwrite env.price." start-time="2026-03-13 20:32:39.633312" end-time="2026-03-13 20:32:39.634162" duration="0.00085" asserts="0"><properties><property name="python-version" value="3.12.7 | packaged by Anaconda, Inc. | (main, Oct  4 2024, 08:22:19) [Clang 14.0.6 ]" /><property name="fspath" value="tests/test_environment.py" /></properties><environment framework-version="3.6.2" clr-version="3.12.7 | packaged by Anaconda, Inc. | (main, Oct  4 2024, 08:22:19) [Clang 14.0.6 ]" os-version="25.2.0" platform="Darwin" cwd="/Users/georgelevis/Projects/Smart-Home-P2P-Energy-Trading-RL" machine-name="arm64" user="" user-domain="" culture="en_US" uiculture="en_US" os-architecture="64bit" /><failure><message><![CDATA[]]></message><stack-trace><![CDATA[None]]></stack-trace></failure><reason><message><![CDATA[]]></message></reason><output><![CDATA[]]></output></test-case><test-case id="145" name="tests/test_environment.py::TestScenarioInjection::test_combined_crisis_all_applied" fullname="tests/test_environment.py::TestScenarioInjection::test_combined_crisis_all_applied" methodname="test_combined_crisis_all_applied" classname="TestScenarioInjection" runstate="Runnable" seed="1" result="Passed" label="Combined crisis should modify price, solar, and demand." start-time="2026-03-13 20:32:39.634302" end-time="2026-03-13 20:32:39.635070" duration="0.000768" asserts="0"><properties><property name="python-version" value="3.12.7 | packaged by Anaconda, Inc. | (main, Oct  4 2024, 08:22:19) [Clang 14.0.6 ]" /><property name="fspath" value="tests/test_environment.py" /></properties><environment framework-version="3.6.2" clr-version="3.12.7 | packaged by Anaconda, Inc. | (main, Oct  4 2024, 08:22:19) [Clang 14.0.6 ]" os-version="25.2.0" platform="Darwin" cwd="/Users/georgelevis/Projects/Smart-Home-P2P-Energy-Trading-RL" machine-name="arm64" user="" user-domain="" culture="en_US" uiculture="en_US" os-architecture="64bit" /><failure><message><![CDATA[]]></message><stack-trace><![CDATA[None]]></stack-trace></failure><reason><message><![CDATA[]]></message></reason><output><![CDATA[]]></output></test-case><environment framework-version="3.6.2" clr-version="3.12.7 | packaged by Anaconda, Inc. | (main, Oct  4 2024, 08:22:19) [Clang 14.0.6 ]" os-version="25.2.0" platform="Darwin" cwd="/Users/georgelevis/Projects/Smart-Home-P2P-Energy-Trading-RL" machine-name="arm64" user="" user-domain="" culture="en_US" uiculture="en_US" os-architecture="64bit" /></test-suite><test-suite id="tests/test_agents.py" name="tests/test_agents.py" fullname="tests/test_agents.py" methodname="" classname="" runstate="Runnable" type="Assembly" testcasecount="5" result="Passed" label="Smoke tests: construct each agent, forward pass, 10-transition update cycle." start-time="2026-03-13 20:32:38.759111" end-time="2026-03-13 20:32:39.595841" duration="0.83673" asserts="0" total="5" passed="5" failed="0" warnings="0" inconclusive="0" skipped="0"><properties><property name="python_version" value="3.12.7 | packaged by Anaconda, Inc. | (main, Oct  4 2024, 08:22:19) [Clang 14.0.6 ]" /></properties><test-case id="100" name="tests/test_agents.py::test_ddpg_smoke" fullname="tests/test_agents.py::test_ddpg_smoke" methodname="test_ddpg_smoke" classname="tests/test_agents.py" runstate="Runnable" seed="1" result="Passed" label="" start-time="2026-03-13 20:32:38.759111" end-time="2026-03-13 20:32:39.528072" duration="0.768961" asserts="0"><properties><property name="python-version" value="3.12.7 | packaged by Anaconda, Inc. | (main, Oct  4 2024, 08:22:19) [Clang 14.0.6 ]" /><property name="fspath" value="tests/test_agents.py" /></properties><environment framework-version="3.6.2" clr-version="3.12.7 | packaged by Anaconda, Inc. | (main, Oct  4 2024, 08:22:19) [Clang 14.0.6 ]" os-version="25.2.0" platform="Darwin" cwd="/Users/georgelevis/Projects/Smart-Home-P2P-Energy-Trading-RL" machine-name="arm64" user="" user-domain="" culture="en_US" uiculture="en_US" os-architecture="64bit" /><failure><message><![CDATA[]]></message><stack-trace><![CDATA[None]]></stack-trace></failure><reason><message><![CDATA[]]></message></reason><output><![CDATA[]]></output></test-case><test-case id="101" name="tests/test_agents.py::test_sac_smoke" fullname="tests/test_agents.py::test_sac_smoke" methodname="test_sac_smoke" classname="tests/test_agents.py" runstate="Runnable" seed="1" result="Passed" label="" start-time="2026-03-13 20:32:39.528377" end-time="2026-03-13 20:32:39.550012" duration="0.021635" asserts="0"><properties><property name="python-version" value="3.12.7 | packaged by Anaconda, Inc. | (main, Oct  4 2024, 08:22:19) [Clang 14.0.6 ]" /><property name="fspath" value="tests/test_agents.py" /></properties><environment framework-version="3.6.2" clr-version="3.12.7 | packaged by Anaconda, Inc. | (main, Oct  4 2024, 08:22:19) [Clang 14.0.6 ]" os-version="25.2.0" platform="Darwin" cwd="/Users/georgelevis/Projects/Smart-Home-P2P-Energy-Trading-RL" machine-name="arm64" user="" user-domain="" culture="en_US" uiculture="en_US" os-architecture="64bit" /><failure><message><![CDATA[]]></message><stack-trace><![CDATA[None]]></stack-trace></failure><reason><message><![CDATA[]]></message></reason><output><![CDATA[]]></output></test-case><test-case id="102" name="tests/test_agents.py::test_td3_smoke" fullname="tests/test_agents.py::test_td3_smoke" methodname="test_td3_smoke" classname="tests/test_agents.py" runstate="Runnable" seed="1" result="Passed" label="" start-time="2026-03-13 20:32:39.550250" end-time="2026-03-13 20:32:39.558899" duration="0.008649" asserts="0"><properties><property name="python-version" value="3.12.7 | packaged by Anaconda, Inc. | (main, Oct  4 2024, 08:22:19) [Clang 14.0.6 ]" /><property name="fspath" value="tests/test_agents.py" /></properties><environment framework-version="3.6.2" clr-version="3.12.7 | packaged by Anaconda, Inc. | (main, Oct  4 2024, 08:22:19) [Clang 14.0.6 ]" os-version="25.2.0" platform="Darwin" cwd="/Users/georgelevis/Projects/Smart-Home-P2P-Energy-Trading-RL" machine-name="arm64" user="" user-domain="" culture="en_US" uiculture="en_US" os-architecture="64bit" /><failure><message><![CDATA[]]></message><stack-trace><![CDATA[None]]></stack-trace></failure><reason><message><![CDATA[]]></message></reason><output><![CDATA[]]></output></test-case><test-case id="103" name="tests/test_agents.py::test_ppo_smoke" fullname="tests/test_agents.py::test_ppo_smoke" methodname="test_ppo_smoke" classname="tests/test_agents.py" runstate="Runnable" seed="1" result="Passed" label="" start-time="2026-03-13 20:32:39.559099" end-time="2026-03-13 20:32:39.573524" duration="0.014425" asserts="0"><properties><property name="python-version" value="3.12.7 | packaged by Anaconda, Inc. | (main, Oct  4 2024, 08:22:19) [Clang 14.0.6 ]" /><property name="fspath" value="tests/test_agents.py" /></properties><environment framework-version="3.6.2" clr-version="3.12.7 | packaged by Anaconda, Inc. | (main, Oct  4 2024, 08:22:19) [Clang 14.0.6 ]" os-version="25.2.0" platform="Darwin" cwd="/Users/georgelevis/Projects/Smart-Home-P2P-Energy-Trading-RL" machine-name="arm64" user="" user-domain="" culture="en_US" uiculture="en_US" os-architecture="64bit" /><failure><message><![CDATA[]]></message><stack-trace><![CDATA[None]]></stack-trace></failure><reason><message><![CDATA[]]></message></reason><output><![CDATA[]]></output></test-case><test-case id="104" name="tests/test_agents.py::test_agent_save_load" fullname="tests/test_agents.py::test_agent_save_load" methodname="test_agent_save_load" classname="tests/test_agents.py" runstate="Runnable" seed="1" result="Passed" label="" start-time="2026-03-13 20:32:39.575109" end-time="2026-03-13 20:32:39.595841" duration="0.020732" asserts="0"><properties><property name="python-version" value="3.12.7 | packaged by Anaconda, Inc. | (main, Oct  4 2024, 08:22:19) [Clang 14.0.6 ]" /><property name="fspath" value="tests/test_agents.py" /></properties><environment framework-version="3.6.2" clr-version="3.12.7 | packaged by Anaconda, Inc. | (main, Oct  4 2024, 08:22:19) [Clang 14.0.6 ]" os-version="25.2.0" platform="Darwin" cwd="/Users/georgelevis/Projects/Smart-Home-P2P-Energy-Trading-RL" machine-name="arm64" user="" user-domain="" culture="en_US" uiculture="en_US" os-architecture="64bit" /><failure><message><![CDATA[]]></message><stack-trace><![CDATA[None]]></stack-trace></failure><reason><message><![CDATA[]]></message></reason><output><![CDATA[]]></output></test-case><environment framework-version="3.6.2" clr-version="3.12.7 | packaged by Anaconda, Inc. | (main, Oct  4 2024, 08:22:19) [Clang 14.0.6 ]" os-version="25.2.0" platform="Darwin" cwd="/Users/georgelevis/Projects/Smart-Home-P2P-Energy-Trading-RL" machine-name="arm64" user="" user-domain="" culture="en_US" uiculture="en_US" os-architecture="64bit" /></test-suite><test-suite id="tests/test_plotting.py" name="tests/test_plotting.py" fullname="tests/test_plotting.py" methodname="" classname="" runstate="Runnable" type="Assembly" testcasecount="10" result="Passed" label="Tests for plotting utilities — TikZ export and matplotlib quick-look plots." start-time="2026-03-13 20:32:39.906116" end-time="2026-03-13 20:32:40.270410" duration="0.364294" asserts="0" total="10" passed="10" failed="0" warnings="0" inconclusive="0" skipped="0"><properties><property name="python_version" value="3.12.7 | packaged by Anaconda, Inc. | (main, Oct  4 2024, 08:22:19) [Clang 14.0.6 ]" /></properties><test-case id="189" name="tests/test_plotting.py::test_palette_has_required_colors" fullname="tests/test_plotting.py::test_palette_has_required_colors" methodname="test_palette_has_required_colors" classname="tests/test_plotting.py" runstate="Runnable" seed="1" result="Passed" label="" start-time="2026-03-13 20:32:39.906116" end-time="2026-03-13 20:32:39.906271" duration="0.000155" asserts="0"><properties><property name="python-version" value="3.12.7 | packaged by Anaconda, Inc. | (main, Oct  4 2024, 08:22:19) [Clang 14.0.6 ]" /><property name="fspath" value="tests/test_plotting.py" /></properties><environment framework-version="3.6.2" clr-version="3.12.7 | packaged by Anaconda, Inc. | (main, Oct  4 2024, 08:22:19) [Clang 14.0.6 ]" os-version="25.2.0" platform="Darwin" cwd="/Users/georgelevis/Projects/Smart-Home-P2P-Energy-Trading-RL" machine-name="arm64" user="" user-domain="" culture="en_US" uiculture="en_US" os-architecture="64bit" /><failure><message><![CDATA[]]></message><stack-trace><![CDATA[None]]></stack-trace></failure><reason><message><![CDATA[]]></message></reason><output><![CDATA[]]></output></test-case><test-case id="190" name="tests/test_plotting.py::test_agent_colors_keys" fullname="tests/test_plotting.py::test_agent_colors_keys" methodname="test_agent_colors_keys" classname="tests/test_plotting.py" runstate="Runnable" seed="1" result="Passed" label="" start-time="2026-03-13 20:32:39.906390" end-time="2026-03-13 20:32:39.906530" duration="0.00014" asserts="0"><properties><property name="python-version" value="3.12.7 | packaged by Anaconda, Inc. | (main, Oct  4 2024, 08:22:19) [Clang 14.0.6 ]" /><property name="fspath" value="tests/test_plotting.py" /></properties><environment framework-version="3.6.2" clr-version="3.12.7 | packaged by Anaconda, Inc. | (main, Oct  4 2024, 08:22:19) [Clang 14.0.6 ]" os-version="25.2.0" platform="Darwin" cwd="/Users/georgelevis/Projects/Smart-Home-P2P-Energy-Trading-RL" machine-name="arm64" user="" user-domain="" culture="en_US" uiculture="en_US" os-architecture="64bit" /><failure><message><![CDATA[]]></message><stack-trace><![CDATA[None]]></stack-trace></failure><reason><message><![CDATA[]]></message></reason><output><![CDATA[]]></output></test-case><test-case id="191" name="tests/test_plotting.py::test_tikz_convergence_generates_tex" fullname="tests/test_plotting.py::test_tikz_convergence_generates_tex" methodname="test_tikz_convergence_generates_tex" classname="tests/test_plotting.py" runstate="Runnable" seed="1" result="Passed" label="" start-time="2026-03-13 20:32:39.906641" end-time="2026-03-13 20:32:39.910450" duration="0.003809" asserts="0"><properties><property name="python-version" value="3.12.7 | packaged by Anaconda, Inc. | (main, Oct  4 2024, 08:22:19) [Clang 14.0.6 ]" /><property name="fspath" value="tests/test_plotting.py" /></properties><environment framework-version="3.6.2" clr-version="3.12.7 | packaged by Anaconda, Inc. | (main, Oct  4 2024, 08:22:19) [Clang 14.0.6 ]" os-version="25.2.0" platform="Darwin" cwd="/Users/georgelevis/Projects/Smart-Home-P2P-Energy-Trading-RL" machine-name="arm64" user="" user-domain="" culture="en_US" uiculture="en_US" os-architecture="64bit" /><failure><message><![CDATA[]]></message><stack-trace><![CDATA[None]]></stack-trace></failure><reason><message><![CDATA[]]></message></reason><output><![CDATA[]]></output></test-case><test-case id="192" name="tests/test_plotting.py::test_tikz_convergence_writes_file" fullname="tests/test_plotting.py::test_tikz_convergence_writes_file" methodname="test_tikz_convergence_writes_file" classname="tests/test_plotting.py" runstate="Runnable" seed="1" result="Passed" label="" start-time="2026-03-13 20:32:39.911129" end-time="2026-03-13 20:32:39.911920" duration="0.000791" asserts="0"><properties><property name="python-version" value="3.12.7 | packaged by Anaconda, Inc. | (main, Oct  4 2024, 08:22:19) [Clang 14.0.6 ]" /><property name="fspath" value="tests/test_plotting.py" /></properties><environment framework-version="3.6.2" clr-version="3.12.7 | packaged by Anaconda, Inc. | (main, Oct  4 2024, 08:22:19) [Clang 14.0.6 ]" os-version="25.2.0" platform="Darwin" cwd="/Users/georgelevis/Projects/Smart-Home-P2P-Energy-Trading-RL" machine-name="arm64" user="" user-domain="" culture="en_US" uiculture="en_US" os-architecture="64bit" /><failure><message><![CDATA[]]></message><stack-trace><![CDATA[None]]></stack-trace></failure><reason><message><![CDATA[]]></message></reason><output><![CDATA[]]></output></test-case><test-case id="193" name="tests/test_plotting.py::test_tikz_bar_chart" fullname="tests/test_plotting.py::test_tikz_bar_chart" methodname="test_tikz_bar_chart" classname="tests/test_plotting.py" runstate="Runnable" seed="1" result="Passed" label="" start-time="2026-03-13 20:32:39.912356" end-time="2026-03-13 20:32:39.912660" duration="0.000304" asserts="0"><properties><property name="python-version" value="3.12.7 | packaged by Anaconda, Inc. | (main, Oct  4 2024, 08:22:19) [Clang 14.0.6 ]" /><property name="fspath" value="tests/test_plotting.py" /></properties><environment framework-version="3.6.2" clr-version="3.12.7 | packaged by Anaconda, Inc. | (main, Oct  4 2024, 08:22:19) [Clang 14.0.6 ]" os-version="25.2.0" platform="Darwin" cwd="/Users/georgelevis/Projects/Smart-Home-P2P-Energy-Trading-RL" machine-name="arm64" user="" user-domain="" culture="en_US" uiculture="en_US" os-architecture="64bit" /><failure><message><![CDATA[]]></message><stack-trace><![CDATA[None]]></stack-trace></failure><reason><message><![CDATA[]]></message></reason><output><![CDATA[]]></output></test-case><test-case id="194" name="tests/test_plotting.py::test_tikz_heatmap" fullname="tests/test_plotting.py::test_tikz_heatmap" methodname="test_tikz_heatmap" classname="tests/test_plotting.py" runstate="Runnable" seed="1" result="Passed" label="" start-time="2026-03-13 20:32:39.913046" end-time="2026-03-13 20:32:39.913746" duration="0.0007" asserts="0"><properties><property name="python-version" value="3.12.7 | packaged by Anaconda, Inc. | (main, Oct  4 2024, 08:22:19) [Clang 14.0.6 ]" /><property name="fspath" value="tests/test_plotting.py" /></properties><environment framework-version="3.6.2" clr-version="3.12.7 | packaged by Anaconda, Inc. | (main, Oct  4 2024, 08:22:19) [Clang 14.0.6 ]" os-version="25.2.0" platform="Darwin" cwd="/Users/georgelevis/Projects/Smart-Home-P2P-Energy-Trading-RL" machine-name="arm64" user="" user-domain="" culture="en_US" uiculture="en_US" os-architecture="64bit" /><failure><message><![CDATA[]]></message><stack-trace><![CDATA[None]]></stack-trace></failure><reason><message><![CDATA[]]></message></reason><output><![CDATA[]]></output></test-case><test-case id="195" name="tests/test_plotting.py::test_tikz_significance_table" fullname="tests/test_plotting.py::test_tikz_significance_table" methodname="test_tikz_significance_table" classname="tests/test_plotting.py" runstate="Runnable" seed="1" result="Passed" label="" start-time="2026-03-13 20:32:39.914135" end-time="2026-03-13 20:32:39.914409" duration="0.000274" asserts="0"><properties><property name="python-version" value="3.12.7 | packaged by Anaconda, Inc. | (main, Oct  4 2024, 08:22:19) [Clang 14.0.6 ]" /><property name="fspath" value="tests/test_plotting.py" /></properties><environment framework-version="3.6.2" clr-version="3.12.7 | packaged by Anaconda, Inc. | (main, Oct  4 2024, 08:22:19) [Clang 14.0.6 ]" os-version="25.2.0" platform="Darwin" cwd="/Users/georgelevis/Projects/Smart-Home-P2P-Energy-Trading-RL" machine-name="arm64" user="" user-domain="" culture="en_US" uiculture="en_US" os-architecture="64bit" /><failure><message><![CDATA[]]></message><stack-trace><![CDATA[None]]></stack-trace></failure><reason><message><![CDATA[]]></message></reason><output><![CDATA[]]></output></test-case><test-case id="196" name="tests/test_plotting.py::test_matplotlib_convergence_saves_png" fullname="tests/test_plotting.py::test_matplotlib_convergence_saves_png" methodname="test_matplotlib_convergence_saves_png" classname="tests/test_plotting.py" runstate="Runnable" seed="1" result="Passed" label="" start-time="2026-03-13 20:32:39.914791" end-time="2026-03-13 20:32:40.154627" duration="0.239836" asserts="0"><properties><property name="python-version" value="3.12.7 | packaged by Anaconda, Inc. | (main, Oct  4 2024, 08:22:19) [Clang 14.0.6 ]" /><property name="fspath" value="tests/test_plotting.py" /></properties><environment framework-version="3.6.2" clr-version="3.12.7 | packaged by Anaconda, Inc. | (main, Oct  4 2024, 08:22:19) [Clang 14.0.6 ]" os-version="25.2.0" platform="Darwin" cwd="/Users/georgelevis/Projects/Smart-Home-P2P-Energy-Trading-RL" machine-name="arm64" user="" user-domain="" culture="en_US" uiculture="en_US" os-architecture="64bit" /><failure><message><![CDATA[]]></message><stack-trace><![CDATA[None]]></stack-trace></failure><reason><message><![CDATA[]]></message></reason><output><![CDATA[]]></output></test-case><test-case id="197" name="tests/test_plotting.py::test_matplotlib_bar_saves_png" fullname="tests/test_plotting.py::test_matplotlib_bar_saves_png" methodname="test_matplotlib_bar_saves_png" classname="tests/test_plotting.py" runstate="Runnable" seed="1" result="Passed" label="" start-time="2026-03-13 20:32:40.155227" end-time="2026-03-13 20:32:40.203417" duration="0.04819" asserts="0"><properties><property name="python-version" value="3.12.7 | packaged by Anaconda, Inc. | (main, Oct  4 2024, 08:22:19) [Clang 14.0.6 ]" /><property name="fspath" value="tests/test_plotting.py" /></properties><environment framework-version="3.6.2" clr-version="3.12.7 | packaged by Anaconda, Inc. | (main, Oct  4 2024, 08:22:19) [Clang 14.0.6 ]" os-version="25.2.0" platform="Darwin" cwd="/Users/georgelevis/Projects/Smart-Home-P2P-Energy-Trading-RL" machine-name="arm64" user="" user-domain="" culture="en_US" uiculture="en_US" os-architecture="64bit" /><failure><message><![CDATA[]]></message><stack-trace><![CDATA[None]]></stack-trace></failure><reason><message><![CDATA[]]></message></reason><output><![CDATA[]]></output></test-case><test-case id="198" name="tests/test_plotting.py::test_matplotlib_heatmap_saves_png" fullname="tests/test_plotting.py::test_matplotlib_heatmap_saves_png" methodname="test_matplotlib_heatmap_saves_png" classname="tests/test_plotting.py" runstate="Runnable" seed="1" result="Passed" label="" start-time="2026-03-13 20:32:40.203983" end-time="2026-03-13 20:32:40.270410" duration="0.066427" asserts="0"><properties><property name="python-version" value="3.12.7 | packaged by Anaconda, Inc. | (main, Oct  4 2024, 08:22:19) [Clang 14.0.6 ]" /><property name="fspath" value="tests/test_plotting.py" /></properties><environment framework-version="3.6.2" clr-version="3.12.7 | packaged by Anaconda, Inc. | (main, Oct  4 2024, 08:22:19) [Clang 14.0.6 ]" os-version="25.2.0" platform="Darwin" cwd="/Users/georgelevis/Projects/Smart-Home-P2P-Energy-Trading-RL" machine-name="arm64" user="" user-domain="" culture="en_US" uiculture="en_US" os-architecture="64bit" /><failure><message><![CDATA[]]></message><stack-trace><![CDATA[None]]></stack-trace></failure><reason><message><![CDATA[]]></message></reason><output><![CDATA[]]></output></test-case><environment framework-version="3.6.2" clr-version="3.12.7 | packaged by Anaconda, Inc. | (main, Oct  4 2024, 08:22:19) [Clang 14.0.6 ]" os-version="25.2.0" platform="Darwin" cwd="/Users/georgelevis/Projects/Smart-Home-P2P-Energy-Trading-RL" machine-name="arm64" user="" user-domain="" culture="en_US" uiculture="en_US" os-architecture="64bit" /></test-suite><test-suite id="tests/test_seeding.py" name="tests/test_seeding.py" fullname="tests/test_seeding.py" methodname="" classname="" runstate="Runnable" type="Assembly" testcasecount="3" result="Passed" label="Tests for seed management utilities." start-time="2026-03-13 20:32:40.315579" end-time="2026-03-13 20:32:40.319017" duration="0.003438" asserts="0" total="3" passed="3" failed="0" warnings="0" inconclusive="0" skipped="0"><properties><property name="python_version" value="3.12.7 | packaged by Anaconda, Inc. | (main, Oct  4 2024, 08:22:19) [Clang 14.0.6 ]" /></properties><test-case id="207" name="tests/test_seeding.py::test_set_all_seeds_python" fullname="tests/test_seeding.py::test_set_all_seeds_python" methodname="test_set_all_seeds_python" classname="tests/test_seeding.py" runstate="Runnable" seed="1" result="Passed" label="" start-time="2026-03-13 20:32:40.315579" end-time="2026-03-13 20:32:40.316726" duration="0.001147" asserts="0"><properties><property name="python-version" value="3.12.7 | packaged by Anaconda, Inc. | (main, Oct  4 2024, 08:22:19) [Clang 14.0.6 ]" /><property name="fspath" value="tests/test_seeding.py" /></properties><environment framework-version="3.6.2" clr-version="3.12.7 | packaged by Anaconda, Inc. | (main, Oct  4 2024, 08:22:19) [Clang 14.0.6 ]" os-version="25.2.0" platform="Darwin" cwd="/Users/georgelevis/Projects/Smart-Home-P2P-Energy-Trading-RL" machine-name="arm64" user="" user-domain="" culture="en_US" uiculture="en_US" os-architecture="64bit" /><failure><message><![CDATA[]]></message><stack-trace><![CDATA[None]]></stack-trace></failure><reason><message><![CDATA[]]></message></reason><output><![CDATA[]]></output></test-case><test-case id="208" name="tests/test_seeding.py::test_set_all_seeds_numpy" fullname="tests/test_seeding.py::test_set_all_seeds_numpy" methodname="test_set_all_seeds_numpy" classname="tests/test_seeding.py" runstate="Runnable" seed="1" result="Passed" label="" start-time="2026-03-13 20:32:40.316843" end-time="2026-03-13 20:32:40.317854" duration="0.001011" asserts="0"><properties><property name="python-version" value="3.12.7 | packaged by Anaconda, Inc. | (main, Oct  4 2024, 08:22:19) [Clang 14.0.6 ]" /><property name="fspath" value="tests/test_seeding.py" /></properties><environment framework-version="3.6.2" clr-version="3.12.7 | packaged by Anaconda, Inc. | (main, Oct  4 2024, 08:22:19) [Clang 14.0.6 ]" os-version="25.2.0" platform="Darwin" cwd="/Users/georgelevis/Projects/Smart-Home-P2P-Energy-Trading-RL" machine-name="arm64" user="" user-domain="" culture="en_US" uiculture="en_US" os-architecture="64bit" /><failure><message><![CDATA[]]></message><stack-trace><![CDATA[None]]></stack-trace></failure><reason><message><![CDATA[]]></message></reason><output><![CDATA[]]></output></test-case><test-case id="209" name="tests/test_seeding.py::test_set_all_seeds_torch" fullname="tests/test_seeding.py::test_set_all_seeds_torch" methodname="test_set_all_seeds_torch" classname="tests/test_seeding.py" runstate="Runnable" seed="1" result="Passed" label="" start-time="2026-03-13 20:32:40.317965" end-time="2026-03-13 20:32:40.319017" duration="0.001052" asserts="0"><properties><property name="python-version" value="3.12.7 | packaged by Anaconda, Inc. | (main, Oct  4 2024, 08:22:19) [Clang 14.0.6 ]" /><property name="fspath" value="tests/test_seeding.py" /></properties><environment framework-version="3.6.2" clr-version="3.12.7 | packaged by Anaconda, Inc. | (main, Oct  4 2024, 08:22:19) [Clang 14.0.6 ]" os-version="25.2.0" platform="Darwin" cwd="/Users/georgelevis/Projects/Smart-Home-P2P-Energy-Trading-RL" machine-name="arm64" user="" user-domain="" culture="en_US" uiculture="en_US" os-architecture="64bit" /><failure><message><![CDATA[]]></message><stack-trace><![CDATA[None]]></stack-trace></failure><reason><message><![CDATA[]]></message></reason><output><![CDATA[]]></output></test-case><environment framework-version="3.6.2" clr-version="3.12.7 | packaged by Anaconda, Inc. | (main, Oct  4 2024, 08:22:19) [Clang 14.0.6 ]" os-version="25.2.0" platform="Darwin" cwd="/Users/georgelevis/Projects/Smart-Home-P2P-Energy-Trading-RL" machine-name="arm64" user="" user-domain="" culture="en_US" uiculture="en_US" os-architecture="64bit" /></test-suite><test-suite id="tests/test_environment.py::TestResetInterface" name="tests/test_environment.py::TestResetInterface" fullname="tests/test_environment.py::TestResetInterface" methodname="" classname="" runstate="Runnable" type="Assembly" testcasecount="5" result="Passed" label="" start-time="2026-03-13 20:32:39.612515" end-time="2026-03-13 20:32:39.618491" duration="0.005976" asserts="0" total="5" passed="5" failed="0" warnings="0" inconclusive="0" skipped="0"><properties><property name="python_version" value="3.12.7 | packaged by Anaconda, Inc. | (main, Oct  4 2024, 08:22:19) [Clang 14.0.6 ]" /></properties><test-case id="119" name="tests/test_environment.py::TestResetInterface::test_reset_returns_tensor" fullname="tests/test_environment.py::TestResetInterface::test_reset_returns_tensor" methodname="test_reset_returns_tensor" classname="TestResetInterface" runstate="Runnable" seed="1" result="Passed" label="" start-time="2026-03-13 20:32:39.612515" end-time="2026-03-13 20:32:39.613706" duration="0.001191" asserts="0"><properties><property name="python-version" value="3.12.7 | packaged by Anaconda, Inc. | (main, Oct  4 2024, 08:22:19) [Clang 14.0.6 ]" /><property name="fspath" value="tests/test_environment.py" /></properties><environment framework-version="3.6.2" clr-version="3.12.7 | packaged by Anaconda, Inc. | (main, Oct  4 2024, 08:22:19) [Clang 14.0.6 ]" os-version="25.2.0" platform="Darwin" cwd="/Users/georgelevis/Projects/Smart-Home-P2P-Energy-Trading-RL" machine-name="arm64" user="" user-domain="" culture="en_US" uiculture="en_US" os-architecture="64bit" /><failure><message><![CDATA[]]></message><stack-trace><![CDATA[None]]></stack-trace></failure><reason><message><![CDATA[]]></message></reason><output><![CDATA[]]></output></test-case><test-case id="120" name="tests/test_environment.py::TestResetInterface::test_reset_shape_matches_state_dim" fullname="tests/test_environment.py::TestResetInterface::test_reset_shape_matches_state_dim" methodname="test_reset_shape_matches_state_dim" classname="TestResetInterface" runstate="Runnable" seed="1" result="Passed" label="" start-time="2026-03-13 20:32:39.613951" end-time="2026-03-13 20:32:39.616267" duration="0.002316" asserts="0"><properties><property name="python-version" value="3.12.7 | packaged by Anaconda, Inc. | (main, Oct  4 2024, 08:22:19) [Clang 14.0.6 ]" /><property name="fspath" value="tests/test_environment.py" /></properties><environment framework-version="3.6.2" clr-version="3.12.7 | packaged by Anaconda, Inc. | (main, Oct  4 2024, 08:22:19) [Clang 14.0.6 ]" os-version="25.2.0" platform="Darwin" cwd="/Users/georgelevis/Projects/Smart-Home-P2P-Energy-Trading-RL" machine-name="arm64" user="" user-domain="" culture="en_US" uiculture="en_US" os-architecture="64bit" /><failure><message><![CDATA[]]></message><stack-trace><![CDATA[None]]></stack-trace></failure><reason><message><![CDATA[]]></message></reason><output><![CDATA[]]></output></test-case><test-case id="121" name="tests/test_environment.py::TestResetInterface::test_reset_dtype_float32" fullname="tests/test_environment.py::TestResetInterface::test_reset_dtype_float32" methodname="test_reset_dtype_float32" classname="TestResetInterface" runstate="Runnable" seed="1" result="Passed" label="" start-time="2026-03-13 20:32:39.616424" end-time="2026-03-13 20:32:39.616855" duration="0.000431" asserts="0"><properties><property name="python-version" value="3.12.7 | packaged by Anaconda, Inc. | (main, Oct  4 2024, 08:22:19) [Clang 14.0.6 ]" /><property name="fspath" value="tests/test_environment.py" /></properties><environment framework-version="3.6.2" clr-version="3.12.7 | packaged by Anaconda, Inc. | (main, Oct  4 2024, 08:22:19) [Clang 14.0.6 ]" os-version="25.2.0" platform="Darwin" cwd="/Users/georgelevis/Projects/Smart-Home-P2P-Energy-Trading-RL" machine-name="arm64" user="" user-domain="" culture="en_US" uiculture="en_US" os-architecture="64bit" /><failure><message><![CDATA[]]></message><stack-trace><![CDATA[None]]></stack-trace></failure><reason><message><![CDATA[]]></message></reason><output><![CDATA[]]></output></test-case><test-case id="122" name="tests/test_environment.py::TestResetInterface::test_reset_calls_legacy_reset" fullname="tests/test_environment.py::TestResetInterface::test_reset_calls_legacy_reset" methodname="test_reset_calls_legacy_reset" classname="TestResetInterface" runstate="Runnable" seed="1" result="Passed" label="" start-time="2026-03-13 20:32:39.616989" end-time="2026-03-13 20:32:39.617447" duration="0.000458" asserts="0"><properties><property name="python-version" value="3.12.7 | packaged by Anaconda, Inc. | (main, Oct  4 2024, 08:22:19) [Clang 14.0.6 ]" /><property name="fspath" value="tests/test_environment.py" /></properties><environment framework-version="3.6.2" clr-version="3.12.7 | packaged by Anaconda, Inc. | (main, Oct  4 2024, 08:22:19) [Clang 14.0.6 ]" os-version="25.2.0" platform="Darwin" cwd="/Users/georgelevis/Projects/Smart-Home-P2P-Energy-Trading-RL" machine-name="arm64" user="" user-domain="" culture="en_US" uiculture="en_US" os-architecture="64bit" /><failure><message><![CDATA[]]></message><stack-trace><![CDATA[None]]></stack-trace></failure><reason><message><![CDATA[]]></message></reason><output><![CDATA[]]></output></test-case><test-case id="123" name="tests/test_environment.py::TestResetInterface::test_reset_returns_finite_values" fullname="tests/test_environment.py::TestResetInterface::test_reset_returns_finite_values" methodname="test_reset_returns_finite_values" classname="TestResetInterface" runstate="Runnable" seed="1" result="Passed" label="" start-time="2026-03-13 20:32:39.617576" end-time="2026-03-13 20:32:39.618491" duration="0.000915" asserts="0"><properties><property name="python-version" value="3.12.7 | packaged by Anaconda, Inc. | (main, Oct  4 2024, 08:22:19) [Clang 14.0.6 ]" /><property name="fspath" value="tests/test_environment.py" /></properties><environment framework-version="3.6.2" clr-version="3.12.7 | packaged by Anaconda, Inc. | (main, Oct  4 2024, 08:22:19) [Clang 14.0.6 ]" os-version="25.2.0" platform="Darwin" cwd="/Users/georgelevis/Projects/Smart-Home-P2P-Energy-Trading-RL" machine-name="arm64" user="" user-domain="" culture="en_US" uiculture="en_US" os-architecture="64bit" /><failure><message><![CDATA[]]></message><stack-trace><![CDATA[None]]></stack-trace></failure><reason><message><![CDATA[]]></message></reason><output><![CDATA[]]></output></test-case><environment framework-version="3.6.2" clr-version="3.12.7 | packaged by Anaconda, Inc. | (main, Oct  4 2024, 08:22:19) [Clang 14.0.6 ]" os-version="25.2.0" platform="Darwin" cwd="/Users/georgelevis/Projects/Smart-Home-P2P-Energy-Trading-RL" machine-name="arm64" user="" user-domain="" culture="en_US" uiculture="en_US" os-architecture="64bit" /></test-suite><test-suite id="tests/test_reproducibility.py" name="tests/test_reproducibility.py" fullname="tests/test_reproducibility.py" methodname="" classname="" runstate="Runnable" type="Assembly" testcasecount="3" result="Passed" label="Verify that same seed + config produces identical agent outputs." start-time="2026-03-13 20:32:40.270656" end-time="2026-03-13 20:32:40.313917" duration="0.043261" asserts="0" total="3" passed="3" failed="0" warnings="0" inconclusive="0" skipped="0"><properties><property name="python_version" value="3.12.7 | packaged by Anaconda, Inc. | (main, Oct  4 2024, 08:22:19) [Clang 14.0.6 ]" /></properties><test-case id="199" name="tests/test_reproducibility.py::test_sac_deterministic_same_seed" fullname="tests/test_reproducibility.py::test_sac_deterministic_same_seed" methodname="test_sac_deterministic_same_seed" classname="tests/test_reproducibility.py" runstate="Runnable" seed="1" result="Passed" label="" start-time="2026-03-13 20:32:40.270656" end-time="2026-03-13 20:32:40.286125" duration="0.015469" asserts="0"><properties><property name="python-version" value="3.12.7 | packaged by Anaconda, Inc. | (main, Oct  4 2024, 08:22:19) [Clang 14.0.6 ]" /><property name="fspath" value="tests/test_reproducibility.py" /></properties><environment framework-version="3.6.2" clr-version="3.12.7 | packaged by Anaconda, Inc. | (main, Oct  4 2024, 08:22:19) [Clang 14.0.6 ]" os-version="25.2.0" platform="Darwin" cwd="/Users/georgelevis/Projects/Smart-Home-P2P-Energy-Trading-RL" machine-name="arm64" user="" user-domain="" culture="en_US" uiculture="en_US" os-architecture="64bit" /><failure><message><![CDATA[]]></message><stack-trace><![CDATA[None]]></stack-trace></failure><reason><message><![CDATA[]]></message></reason><output><![CDATA[]]></output></test-case><test-case id="200" name="tests/test_reproducibility.py::test_sac_different_seeds_differ" fullname="tests/test_reproducibility.py::test_sac_different_seeds_differ" methodname="test_sac_different_seeds_differ" classname="tests/test_reproducibility.py" runstate="Runnable" seed="1" result="Passed" label="" start-time="2026-03-13 20:32:40.286312" end-time="2026-03-13 20:32:40.299970" duration="0.013658" asserts="0"><properties><property name="python-version" value="3.12.7 | packaged by Anaconda, Inc. | (main, Oct  4 2024, 08:22:19) [Clang 14.0.6 ]" /><property name="fspath" value="tests/test_reproducibility.py" /></properties><environment framework-version="3.6.2" clr-version="3.12.7 | packaged by Anaconda, Inc. | (main, Oct  4 2024, 08:22:19) [Clang 14.0.6 ]" os-version="25.2.0" platform="Darwin" cwd="/Users/georgelevis/Projects/Smart-Home-P2P-Energy-Trading-RL" machine-name="arm64" user="" user-domain="" culture="en_US" uiculture="en_US" os-architecture="64bit" /><failure><message><![CDATA[]]></message><stack-trace><![CDATA[None]]></stack-trace></failure><reason><message><![CDATA[]]></message></reason><output><![CDATA[]]></output></test-case><test-case id="201" name="tests/test_reproducibility.py::test_ddpg_deterministic_same_seed" fullname="tests/test_reproducibility.py::test_ddpg_deterministic_same_seed" methodname="test_ddpg_deterministic_same_seed" classname="tests/test_reproducibility.py" runstate="Runnable" seed="1" result="Passed" label="" start-time="2026-03-13 20:32:40.300151" end-time="2026-03-13 20:32:40.313917" duration="0.013766" asserts="0"><properties><property name="python-version" value="3.12.7 | packaged by Anaconda, Inc. | (main, Oct  4 2024, 08:22:19) [Clang 14.0.6 ]" /><property name="fspath" value="tests/test_reproducibility.py" /></properties><environment framework-version="3.6.2" clr-version="3.12.7 | packaged by Anaconda, Inc. | (main, Oct  4 2024, 08:22:19) [Clang 14.0.6 ]" os-version="25.2.0" platform="Darwin" cwd="/Users/georgelevis/Projects/Smart-Home-P2P-Energy-Trading-RL" machine-name="arm64" user="" user-domain="" culture="en_US" uiculture="en_US" os-architecture="64bit" /><failure><message><![CDATA[]]></message><stack-trace><![CDATA[None]]></stack-trace></failure><reason><message><![CDATA[]]></message></reason><output><![CDATA[]]></output></test-case><environment framework-version="3.6.2" clr-version="3.12.7 | packaged by Anaconda, Inc. | (main, Oct  4 2024, 08:22:19) [Clang 14.0.6 ]" os-version="25.2.0" platform="Darwin" cwd="/Users/georgelevis/Projects/Smart-Home-P2P-Energy-Trading-RL" machine-name="arm64" user="" user-domain="" culture="en_US" uiculture="en_US" os-architecture="64bit" /></test-suite><test-suite id="tests/test_integration.py" name="tests/test_integration.py" fullname="tests/test_integration.py" methodname="" classname="" runstate="Runnable" type="Assembly" testcasecount="11" result="Passed" label="10-episode smoke training runs for SAC and DDPG agents.&#10;&#10;All tests are marked `integration` and require the CSV data files under data/.&#10;They are skipped automatically when data is absent.&#10;&#10;Each test follows the same pattern:&#10;1. Build ExperimentConfig for the target agent.&#10;2. Instantiate EnergyEnv.&#10;3. Create the agent via create_agent().&#10;4. Run Trainer.train(10).&#10;5. Assert result.total_episodes == 10 and sanity-check reward types." start-time="2026-03-13 20:32:39.769864" end-time="2026-03-13 20:32:39.887520" duration="0.117656" asserts="0" total="11" passed="0" failed="11" warnings="0" inconclusive="0" skipped="0"><properties><property name="python_version" value="3.12.7 | packaged by Anaconda, Inc. | (main, Oct  4 2024, 08:22:19) [Clang 14.0.6 ]" /></properties><test-case id="163" name="tests/test_integration.py::test_sac_10_episode_smoke" fullname="tests/test_integration.py::test_sac_10_episode_smoke" methodname="test_sac_10_episode_smoke" classname="tests/test_integration.py" runstate="Runnable" seed="1" result="Failed" label="" start-time="2026-03-13 20:32:39.769864" end-time="2026-03-13 20:32:39.781303" duration="0.011439" asserts="0"><properties><property name="python-version" value="3.12.7 | packaged by Anaconda, Inc. | (main, Oct  4 2024, 08:22:19) [Clang 14.0.6 ]" /><property name="fspath" value="tests/test_integration.py" /></properties><environment framework-version="3.6.2" clr-version="3.12.7 | packaged by Anaconda, Inc. | (main, Oct  4 2024, 08:22:19) [Clang 14.0.6 ]" os-version="25.2.0" platform="Darwin" cwd="/Users/georgelevis/Projects/Smart-Home-P2P-Energy-Trading-RL" machine-name="arm64" user="" user-domain="" culture="en_US" uiculture="en_US" os-architecture="64bit" /><failure><message><![CDATA[tests/test_integration.py:90: in test_sac_10_episode_smoke
    result = _run_smoke("sac", {"batch_size": 32, "memory_size": 500})
tests/test_integration.py:73: in _run_smoke
    env = EnergyEnv(EnvConfig(), MarketConfig())
src/environment/energy_env.py:37: in __init__
    from environment.environment import Environment  # noqa: PLC0415
environment/__init__.py:1: in &lt;module&gt;
    from .environment import Environment as Environment
environment/environment.py:9: in &lt;module&gt;
    from utilities import Utilities
E   ImportError: cannot import name 'Utilities' from 'utilities' (/Users/georgelevis/Projects/Smart-Home-P2P-Energy-Trading-RL/utilities/__init__.py)]]></message><stack-trace><![CDATA[/Users/georgelevis/Projects/Smart-Home-P2P-Energy-Trading-RL/environment/environment.py:9: ImportError: cannot import name 'Utilities' from 'utilities' (/Users/georgelevis/Projects/Smart-Home-P2P-Energy-Trading-RL/utilities/__init__.py)]]></stack-trace></failure><reason><message><![CDATA[]]></message></reason><output><![CDATA[]]></output></test-case><test-case id="164" name="tests/test_integration.py::test_sac_episode_rewards_recorded" fullname="tests/test_integration.py::test_sac_episode_rewards_recorded" methodname="test_sac_episode_rewards_recorded" classname="tests/test_integration.py" runstate="Runnable" seed="1" result="Failed" label="" start-time="2026-03-13 20:32:39.781488" end-time="2026-03-13 20:32:39.791812" duration="0.010324" asserts="0"><properties><property name="python-version" value="3.12.7 | packaged by Anaconda, Inc. | (main, Oct  4 2024, 08:22:19) [Clang 14.0.6 ]" /><property name="fspath" value="tests/test_integration.py" /></properties><environment framework-version="3.6.2" clr-version="3.12.7 | packaged by Anaconda, Inc. | (main, Oct  4 2024, 08:22:19) [Clang 14.0.6 ]" os-version="25.2.0" platform="Darwin" cwd="/Users/georgelevis/Projects/Smart-Home-P2P-Energy-Trading-RL" machine-name="arm64" user="" user-domain="" culture="en_US" uiculture="en_US" os-architecture="64bit" /><failure><message><![CDATA[tests/test_integration.py:96: in test_sac_episode_rewards_recorded
    result = _run_smoke("sac", {"batch_size": 32, "memory_size": 500})
tests/test_integration.py:73: in _run_smoke
    env = EnergyEnv(EnvConfig(), MarketConfig())
src/environment/energy_env.py:37: in __init__
    from environment.environment import Environment  # noqa: PLC0415
environment/__init__.py:1: in &lt;module&gt;
    from .environment import Environment as Environment
environment/environment.py:9: in &lt;module&gt;
    from utilities import Utilities
E   ImportError: cannot import name 'Utilities' from 'utilities' (/Users/georgelevis/Projects/Smart-Home-P2P-Energy-Trading-RL/utilities/__init__.py)]]></message><stack-trace><![CDATA[/Users/georgelevis/Projects/Smart-Home-P2P-Energy-Trading-RL/environment/environment.py:9: ImportError: cannot import name 'Utilities' from 'utilities' (/Users/georgelevis/Projects/Smart-Home-P2P-Energy-Trading-RL/utilities/__init__.py)]]></stack-trace></failure><reason><message><![CDATA[]]></message></reason><output><![CDATA[]]></output></test-case><test-case id="165" name="tests/test_integration.py::test_sac_episode_rewards_are_finite" fullname="tests/test_integration.py::test_sac_episode_rewards_are_finite" methodname="test_sac_episode_rewards_are_finite" classname="tests/test_integration.py" runstate="Runnable" seed="1" result="Failed" label="" start-time="2026-03-13 20:32:39.791988" end-time="2026-03-13 20:32:39.802671" duration="0.010683" asserts="0"><properties><property name="python-version" value="3.12.7 | packaged by Anaconda, Inc. | (main, Oct  4 2024, 08:22:19) [Clang 14.0.6 ]" /><property name="fspath" value="tests/test_integration.py" /></properties><environment framework-version="3.6.2" clr-version="3.12.7 | packaged by Anaconda, Inc. | (main, Oct  4 2024, 08:22:19) [Clang 14.0.6 ]" os-version="25.2.0" platform="Darwin" cwd="/Users/georgelevis/Projects/Smart-Home-P2P-Energy-Trading-RL" machine-name="arm64" user="" user-domain="" culture="en_US" uiculture="en_US" os-architecture="64bit" /><failure><message><![CDATA[tests/test_integration.py:102: in test_sac_episode_rewards_are_finite
    result = _run_smoke("sac", {"batch_size": 32, "memory_size": 500})
tests/test_integration.py:73: in _run_smoke
    env = EnergyEnv(EnvConfig(), MarketConfig())
src/environment/energy_env.py:37: in __init__
    from environment.environment import Environment  # noqa: PLC0415
environment/__init__.py:1: in &lt;module&gt;
    from .environment import Environment as Environment
environment/environment.py:9: in &lt;module&gt;
    from utilities import Utilities
E   ImportError: cannot import name 'Utilities' from 'utilities' (/Users/georgelevis/Projects/Smart-Home-P2P-Energy-Trading-RL/utilities/__init__.py)]]></message><stack-trace><![CDATA[/Users/georgelevis/Projects/Smart-Home-P2P-Energy-Trading-RL/environment/environment.py:9: ImportError: cannot import name 'Utilities' from 'utilities' (/Users/georgelevis/Projects/Smart-Home-P2P-Energy-Trading-RL/utilities/__init__.py)]]></stack-trace></failure><reason><message><![CDATA[]]></message></reason><output><![CDATA[]]></output></test-case><test-case id="166" name="tests/test_integration.py::test_sac_mean_reward_property" fullname="tests/test_integration.py::test_sac_mean_reward_property" methodname="test_sac_mean_reward_property" classname="tests/test_integration.py" runstate="Runnable" seed="1" result="Failed" label="" start-time="2026-03-13 20:32:39.802871" end-time="2026-03-13 20:32:39.814792" duration="0.011921" asserts="0"><properties><property name="python-version" value="3.12.7 | packaged by Anaconda, Inc. | (main, Oct  4 2024, 08:22:19) [Clang 14.0.6 ]" /><property name="fspath" value="tests/test_integration.py" /></properties><environment framework-version="3.6.2" clr-version="3.12.7 | packaged by Anaconda, Inc. | (main, Oct  4 2024, 08:22:19) [Clang 14.0.6 ]" os-version="25.2.0" platform="Darwin" cwd="/Users/georgelevis/Projects/Smart-Home-P2P-Energy-Trading-RL" machine-name="arm64" user="" user-domain="" culture="en_US" uiculture="en_US" os-architecture="64bit" /><failure><message><![CDATA[tests/test_integration.py:111: in test_sac_mean_reward_property
    result = _run_smoke("sac", {"batch_size": 32, "memory_size": 500})
tests/test_integration.py:73: in _run_smoke
    env = EnergyEnv(EnvConfig(), MarketConfig())
src/environment/energy_env.py:37: in __init__
    from environment.environment import Environment  # noqa: PLC0415
environment/__init__.py:1: in &lt;module&gt;
    from .environment import Environment as Environment
environment/environment.py:9: in &lt;module&gt;
    from utilities import Utilities
E   ImportError: cannot import name 'Utilities' from 'utilities' (/Users/georgelevis/Projects/Smart-Home-P2P-Energy-Trading-RL/utilities/__init__.py)]]></message><stack-trace><![CDATA[/Users/georgelevis/Projects/Smart-Home-P2P-Energy-Trading-RL/environment/environment.py:9: ImportError: cannot import name 'Utilities' from 'utilities' (/Users/georgelevis/Projects/Smart-Home-P2P-Energy-Trading-RL/utilities/__init__.py)]]></stack-trace></failure><reason><message><![CDATA[]]></message></reason><output><![CDATA[]]></output></test-case><test-case id="167" name="tests/test_integration.py::test_ddpg_10_episode_smoke" fullname="tests/test_integration.py::test_ddpg_10_episode_smoke" methodname="test_ddpg_10_episode_smoke" classname="tests/test_integration.py" runstate="Runnable" seed="1" result="Failed" label="" start-time="2026-03-13 20:32:39.815050" end-time="2026-03-13 20:32:39.825830" duration="0.01078" asserts="0"><properties><property name="python-version" value="3.12.7 | packaged by Anaconda, Inc. | (main, Oct  4 2024, 08:22:19) [Clang 14.0.6 ]" /><property name="fspath" value="tests/test_integration.py" /></properties><environment framework-version="3.6.2" clr-version="3.12.7 | packaged by Anaconda, Inc. | (main, Oct  4 2024, 08:22:19) [Clang 14.0.6 ]" os-version="25.2.0" platform="Darwin" cwd="/Users/georgelevis/Projects/Smart-Home-P2P-Energy-Trading-RL" machine-name="arm64" user="" user-domain="" culture="en_US" uiculture="en_US" os-architecture="64bit" /><failure><message><![CDATA[tests/test_integration.py:122: in test_ddpg_10_episode_smoke
    result = _run_smoke("ddpg", {"batch_size": 32, "memory_size": 500})
tests/test_integration.py:73: in _run_smoke
    env = EnergyEnv(EnvConfig(), MarketConfig())
src/environment/energy_env.py:37: in __init__
    from environment.environment import Environment  # noqa: PLC0415
environment/__init__.py:1: in &lt;module&gt;
    from .environment import Environment as Environment
environment/environment.py:9: in &lt;module&gt;
    from utilities import Utilities
E   ImportError: cannot import name 'Utilities' from 'utilities' (/Users/georgelevis/Projects/Smart-Home-P2P-Energy-Trading-RL/utilities/__init__.py)]]></message><stack-trace><![CDATA[/Users/georgelevis/Projects/Smart-Home-P2P-Energy-Trading-RL/environment/environment.py:9: ImportError: cannot import name 'Utilities' from 'utilities' (/Users/georgelevis/Projects/Smart-Home-P2P-Energy-Trading-RL/utilities/__init__.py)]]></stack-trace></failure><reason><message><![CDATA[]]></message></reason><output><![CDATA[]]></output></test-case><test-case id="168" name="tests/test_integration.py::test_ddpg_episode_rewards_recorded" fullname="tests/test_integration.py::test_ddpg_episode_rewards_recorded" methodname="test_ddpg_episode_rewards_recorded" classname="tests/test_integration.py" runstate="Runnable" seed="1" result="Failed" label="" start-time="2026-03-13 20:32:39.826217" end-time="2026-03-13 20:32:39.837007" duration="0.01079" asserts="0"><properties><property name="python-version" value="3.12.7 | packaged by Anaconda, Inc. | (main, Oct  4 2024, 08:22:19) [Clang 14.0.6 ]" /><property name="fspath" value="tests/test_integration.py" /></properties><environment framework-version="3.6.2" clr-version="3.12.7 | packaged by Anaconda, Inc. | (main, Oct  4 2024, 08:22:19) [Clang 14.0.6 ]" os-version="25.2.0" platform="Darwin" cwd="/Users/georgelevis/Projects/Smart-Home-P2P-Energy-Trading-RL" machine-name="arm64" user="" user-domain="" culture="en_US" uiculture="en_US" os-architecture="64bit" /><failure><message><![CDATA[tests/test_integration.py:128: in test_ddpg_episode_rewards_recorded
    result = _run_smoke("ddpg", {"batch_size": 32, "memory_size": 500})
tests/test_integration.py:73: in _run_smoke
    env = EnergyEnv(EnvConfig(), MarketConfig())
src/environment/energy_env.py:37: in __init__
    from environment.environment import Environment  # noqa: PLC0415
environment/__init__.py:1: in &lt;module&gt;
    from .environment import Environment as Environment
environment/environment.py:9: in &lt;module&gt;
    from utilities import Utilities
E   ImportError: cannot import name 'Utilities' from 'utilities' (/Users/georgelevis/Projects/Smart-Home-P2P-Energy-Trading-RL/utilities/__init__.py)]]></message><stack-trace><![CDATA[/Users/georgelevis/Projects/Smart-Home-P2P-Energy-Trading-RL/environment/environment.py:9: ImportError: cannot import name 'Utilities' from 'utilities' (/Users/georgelevis/Projects/Smart-Home-P2P-Energy-Trading-RL/utilities/__init__.py)]]></stack-trace></failure><reason><message><![CDATA[]]></message></reason><output><![CDATA[]]></output></test-case><test-case id="169" name="tests/test_integration.py::test_ddpg_episode_rewards_are_finite" fullname="tests/test_integration.py::test_ddpg_episode_rewards_are_finite" methodname="test_ddpg_episode_rewards_are_finite" classname="tests/test_integration.py" runstate="Runnable" seed="1" result="Failed" label="" start-time="2026-03-13 20:32:39.837184" end-time="2026-03-13 20:32:39.846929" duration="0.009745" asserts="0"><properties><property name="python-version" value="3.12.7 | packaged by Anaconda, Inc. | (main, Oct  4 2024, 08:22:19) [Clang 14.0.6 ]" /><property name="fspath" value="tests/test_integration.py" /></properties><environment framework-version="3.6.2" clr-version="3.12.7 | packaged by Anaconda, Inc. | (main, Oct  4 2024, 08:22:19) [Clang 14.0.6 ]" os-version="25.2.0" platform="Darwin" cwd="/Users/georgelevis/Projects/Smart-Home-P2P-Energy-Trading-RL" machine-name="arm64" user="" user-domain="" culture="en_US" uiculture="en_US" os-architecture="64bit" /><failure><message><![CDATA[tests/test_integration.py:134: in test_ddpg_episode_rewards_are_finite
    result = _run_smoke("ddpg", {"batch_size": 32, "memory_size": 500})
tests/test_integration.py:73: in _run_smoke
    env = EnergyEnv(EnvConfig(), MarketConfig())
src/environment/energy_env.py:37: in __init__
    from environment.environment import Environment  # noqa: PLC0415
environment/__init__.py:1: in &lt;module&gt;
    from .environment import Environment as Environment
environment/environment.py:9: in &lt;module&gt;
    from utilities import Utilities
E   ImportError: cannot import name 'Utilities' from 'utilities' (/Users/georgelevis/Projects/Smart-Home-P2P-Energy-Trading-RL/utilities/__init__.py)]]></message><stack-trace><![CDATA[/Users/georgelevis/Projects/Smart-Home-P2P-Energy-Trading-RL/environment/environment.py:9: ImportError: cannot import name 'Utilities' from 'utilities' (/Users/georgelevis/Projects/Smart-Home-P2P-Energy-Trading-RL/utilities/__init__.py)]]></stack-trace></failure><reason><message><![CDATA[]]></message></reason><output><![CDATA[]]></output></test-case><test-case id="170" name="tests/test_integration.py::test_ddpg_mean_reward_property" fullname="tests/test_integration.py::test_ddpg_mean_reward_property" methodname="test_ddpg_mean_reward_property" classname="tests/test_integration.py" runstate="Runnable" seed="1" result="Failed" label="" start-time="2026-03-13 20:32:39.847104" end-time="2026-03-13 20:32:39.857001" duration="0.009897" asserts="0"><properties><property name="python-version" value="3.12.7 | packaged by Anaconda, Inc. | (main, Oct  4 2024, 08:22:19) [Clang 14.0.6 ]" /><property name="fspath" value="tests/test_integration.py" /></properties><environment framework-version="3.6.2" clr-version="3.12.7 | packaged by Anaconda, Inc. | (main, Oct  4 2024, 08:22:19) [Clang 14.0.6 ]" os-version="25.2.0" platform="Darwin" cwd="/Users/georgelevis/Projects/Smart-Home-P2P-Energy-Trading-RL" machine-name="arm64" user="" user-domain="" culture="en_US" uiculture="en_US" os-architecture="64bit" /><failure><message><![CDATA[tests/test_integration.py:142: in test_ddpg_mean_reward_property
    result = _run_smoke("ddpg", {"batch_size": 32, "memory_size": 500})
tests/test_integration.py:73: in _run_smoke
    env = EnergyEnv(EnvConfig(), MarketConfig())
src/environment/energy_env.py:37: in __init__
    from environment.environment import Environment  # noqa: PLC0415
environment/__init__.py:1: in &lt;module&gt;
    from .environment import Environment as Environment
environment/environment.py:9: in &lt;module&gt;
    from utilities import Utilities
E   ImportError: cannot import name 'Utilities' from 'utilities' (/Users/georgelevis/Projects/Smart-Home-P2P-Energy-Trading-RL/utilities/__init__.py)]]></message><stack-trace><![CDATA[/Users/georgelevis/Projects/Smart-Home-P2P-Energy-Trading-RL/environment/environment.py:9: ImportError: cannot import name 'Utilities' from 'utilities' (/Users/georgelevis/Projects/Smart-Home-P2P-Energy-Trading-RL/utilities/__init__.py)]]></stack-trace></failure><reason><message><![CDATA[]]></message></reason><output><![CDATA[]]></output></test-case><test-case id="171" name="tests/test_integration.py::test_trainer_result_total_episodes_matches_requested" fullname="tests/test_integration.py::test_trainer_result_total_episodes_matches_requested" methodname="test_trainer_result_total_episodes_matches_requested" classname="tests/test_integration.py" runstate="Runnable" seed="1" result="Failed" label="Regardless of agent, total_episodes must equal what was requested." start-time="2026-03-13 20:32:39.857161" end-time="2026-03-13 20:32:39.867720" duration="0.010559" asserts="0"><properties><property name="python-version" value="3.12.7 | packaged by Anaconda, Inc. | (main, Oct  4 2024, 08:22:19) [Clang 14.0.6 ]" /><property name="fspath" value="tests/test_integration.py" /></properties><environment framework-version="3.6.2" clr-version="3.12.7 | packaged by Anaconda, Inc. | (main, Oct  4 2024, 08:22:19) [Clang 14.0.6 ]" os-version="25.2.0" platform="Darwin" cwd="/Users/georgelevis/Projects/Smart-Home-P2P-Energy-Trading-RL" machine-name="arm64" user="" user-domain="" culture="en_US" uiculture="en_US" os-architecture="64bit" /><failure><message><![CDATA[tests/test_integration.py:155: in test_trainer_result_total_episodes_matches_requested
    result = _run_smoke(agent_name, {"batch_size": 32, "memory_size": 500})
tests/test_integration.py:73: in _run_smoke
    env = EnergyEnv(EnvConfig(), MarketConfig())
src/environment/energy_env.py:37: in __init__
    from environment.environment import Environment  # noqa: PLC0415
environment/__init__.py:1: in &lt;module&gt;
    from .environment import Environment as Environment
environment/environment.py:9: in &lt;module&gt;
    from utilities import Utilities
E   ImportError: cannot import name 'Utilities' from 'utilities' (/Users/georgelevis/Projects/Smart-Home-P2P-Energy-Trading-RL/utilities/__init__.py)]]></message><stack-trace><![CDATA[/Users/georgelevis/Projects/Smart-Home-P2P-Energy-Trading-RL/environment/environment.py:9: ImportError: cannot import name 'Utilities' from 'utilities' (/Users/georgelevis/Projects/Smart-Home-P2P-Energy-Trading-RL/utilities/__init__.py)]]></stack-trace></failure><reason><message><![CDATA[]]></message></reason><output><![CDATA[]]></output></test-case><test-case id="172" name="tests/test_integration.py::test_trainer_result_episode_rewards_list_length" fullname="tests/test_integration.py::test_trainer_result_episode_rewards_list_length" methodname="test_trainer_result_episode_rewards_list_length" classname="tests/test_integration.py" runstate="Runnable" seed="1" result="Failed" label="episode_rewards list length must match total_episodes." start-time="2026-03-13 20:32:39.867898" end-time="2026-03-13 20:32:39.877882" duration="0.009984" asserts="0"><properties><property name="python-version" value="3.12.7 | packaged by Anaconda, Inc. | (main, Oct  4 2024, 08:22:19) [Clang 14.0.6 ]" /><property name="fspath" value="tests/test_integration.py" /></properties><environment framework-version="3.6.2" clr-version="3.12.7 | packaged by Anaconda, Inc. | (main, Oct  4 2024, 08:22:19) [Clang 14.0.6 ]" os-version="25.2.0" platform="Darwin" cwd="/Users/georgelevis/Projects/Smart-Home-P2P-Energy-Trading-RL" machine-name="arm64" user="" user-domain="" culture="en_US" uiculture="en_US" os-architecture="64bit" /><failure><message><![CDATA[tests/test_integration.py:165: in test_trainer_result_episode_rewards_list_length
    result = _run_smoke(agent_name, {"batch_size": 32, "memory_size": 500})
tests/test_integration.py:73: in _run_smoke
    env = EnergyEnv(EnvConfig(), MarketConfig())
src/environment/energy_env.py:37: in __init__
    from environment.environment import Environment  # noqa: PLC0415
environment/__init__.py:1: in &lt;module&gt;
    from .environment import Environment as Environment
environment/environment.py:9: in &lt;module&gt;
    from utilities import Utilities
E   ImportError: cannot import name 'Utilities' from 'utilities' (/Users/georgelevis/Projects/Smart-Home-P2P-Energy-Trading-RL/utilities/__init__.py)]]></message><stack-trace><![CDATA[/Users/georgelevis/Projects/Smart-Home-P2P-Energy-Trading-RL/environment/environment.py:9: ImportError: cannot import name 'Utilities' from 'utilities' (/Users/georgelevis/Projects/Smart-Home-P2P-Energy-Trading-RL/utilities/__init__.py)]]></stack-trace></failure><reason><message><![CDATA[]]></message></reason><output><![CDATA[]]></output></test-case><test-case id="173" name="tests/test_integration.py::test_training_result_final_mean_reward_within_last_100" fullname="tests/test_integration.py::test_training_result_final_mean_reward_within_last_100" methodname="test_training_result_final_mean_reward_within_last_100" classname="tests/test_integration.py" runstate="Runnable" seed="1" result="Failed" label="final_mean_reward is mean of the last 100 episodes (or all if fewer)." start-time="2026-03-13 20:32:39.878055" end-time="2026-03-13 20:32:39.887520" duration="0.009465" asserts="0"><properties><property name="python-version" value="3.12.7 | packaged by Anaconda, Inc. | (main, Oct  4 2024, 08:22:19) [Clang 14.0.6 ]" /><property name="fspath" value="tests/test_integration.py" /></properties><environment framework-version="3.6.2" clr-version="3.12.7 | packaged by Anaconda, Inc. | (main, Oct  4 2024, 08:22:19) [Clang 14.0.6 ]" os-version="25.2.0" platform="Darwin" cwd="/Users/georgelevis/Projects/Smart-Home-P2P-Energy-Trading-RL" machine-name="arm64" user="" user-domain="" culture="en_US" uiculture="en_US" os-architecture="64bit" /><failure><message><![CDATA[tests/test_integration.py:172: in test_training_result_final_mean_reward_within_last_100
    result = _run_smoke("sac", {"batch_size": 32, "memory_size": 500})
tests/test_integration.py:73: in _run_smoke
    env = EnergyEnv(EnvConfig(), MarketConfig())
src/environment/energy_env.py:37: in __init__
    from environment.environment import Environment  # noqa: PLC0415
environment/__init__.py:1: in &lt;module&gt;
    from .environment import Environment as Environment
environment/environment.py:9: in &lt;module&gt;
    from utilities import Utilities
E   ImportError: cannot import name 'Utilities' from 'utilities' (/Users/georgelevis/Projects/Smart-Home-P2P-Energy-Trading-RL/utilities/__init__.py)]]></message><stack-trace><![CDATA[/Users/georgelevis/Projects/Smart-Home-P2P-Energy-Trading-RL/environment/environment.py:9: ImportError: cannot import name 'Utilities' from 'utilities' (/Users/georgelevis/Projects/Smart-Home-P2P-Energy-Trading-RL/utilities/__init__.py)]]></stack-trace></failure><reason><message><![CDATA[]]></message></reason><output><![CDATA[]]></output></test-case><environment framework-version="3.6.2" clr-version="3.12.7 | packaged by Anaconda, Inc. | (main, Oct  4 2024, 08:22:19) [Clang 14.0.6 ]" os-version="25.2.0" platform="Darwin" cwd="/Users/georgelevis/Projects/Smart-Home-P2P-Energy-Trading-RL" machine-name="arm64" user="" user-domain="" culture="en_US" uiculture="en_US" os-architecture="64bit" /></test-suite><test-suite id="tests/test_buffers.py" name="tests/test_buffers.py" fullname="tests/test_buffers.py" methodname="" classname="" runstate="Runnable" type="Assembly" testcasecount="6" result="Passed" label="Tests for replay and rollout buffers." start-time="2026-03-13 20:32:39.596177" end-time="2026-03-13 20:32:39.605120" duration="0.008943" asserts="0" total="6" passed="6" failed="0" warnings="0" inconclusive="0" skipped="0"><properties><property name="python_version" value="3.12.7 | packaged by Anaconda, Inc. | (main, Oct  4 2024, 08:22:19) [Clang 14.0.6 ]" /></properties><test-case id="105" name="tests/test_buffers.py::test_replay_push_sample" fullname="tests/test_buffers.py::test_replay_push_sample" methodname="test_replay_push_sample" classname="tests/test_buffers.py" runstate="Runnable" seed="1" result="Passed" label="" start-time="2026-03-13 20:32:39.596177" end-time="2026-03-13 20:32:39.597569" duration="0.001392" asserts="0"><properties><property name="python-version" value="3.12.7 | packaged by Anaconda, Inc. | (main, Oct  4 2024, 08:22:19) [Clang 14.0.6 ]" /><property name="fspath" value="tests/test_buffers.py" /></properties><environment framework-version="3.6.2" clr-version="3.12.7 | packaged by Anaconda, Inc. | (main, Oct  4 2024, 08:22:19) [Clang 14.0.6 ]" os-version="25.2.0" platform="Darwin" cwd="/Users/georgelevis/Projects/Smart-Home-P2P-Energy-Trading-RL" machine-name="arm64" user="" user-domain="" culture="en_US" uiculture="en_US" os-architecture="64bit" /><failure><message><![CDATA[]]></message><stack-trace><![CDATA[None]]></stack-trace></failure><reason><message><![CDATA[]]></message></reason><output><![CDATA[]]></output></test-case><test-case id="106" name="tests/test_buffers.py::test_replay_overwrite" fullname="tests/test_buffers.py::test_replay_overwrite" methodname="test_replay_overwrite" classname="tests/test_buffers.py" runstate="Runnable" seed="1" result="Passed" label="" start-time="2026-03-13 20:32:39.597753" end-time="2026-03-13 20:32:39.598413" duration="0.00066" asserts="0"><properties><property name="python-version" value="3.12.7 | packaged by Anaconda, Inc. | (main, Oct  4 2024, 08:22:19) [Clang 14.0.6 ]" /><property name="fspath" value="tests/test_buffers.py" /></properties><environment framework-version="3.6.2" clr-version="3.12.7 | packaged by Anaconda, Inc. | (main, Oct  4 2024, 08:22:19) [Clang 14.0.6 ]" os-version="25.2.0" platform="Darwin" cwd="/Users/georgelevis/Projects/Smart-Home-P2P-Energy-Trading-RL" machine-name="arm64" user="" user-domain="" culture="en_US" uiculture="en_US" os-architecture="64bit" /><failure><message><![CDATA[]]></message><stack-trace><![CDATA[None]]></stack-trace></failure><reason><message><![CDATA[]]></message></reason><output><![CDATA[]]></output></test-case><test-case id="107" name="tests/test_buffers.py::test_replay_raises_if_too_few" fullname="tests/test_buffers.py::test_replay_raises_if_too_few" methodname="test_replay_raises_if_too_few" classname="tests/test_buffers.py" runstate="Runnable" seed="1" result="Passed" label="" start-time="2026-03-13 20:32:39.598561" end-time="2026-03-13 20:32:39.598908" duration="0.000347" asserts="0"><properties><property name="python-version" value="3.12.7 | packaged by Anaconda, Inc. | (main, Oct  4 2024, 08:22:19) [Clang 14.0.6 ]" /><property name="fspath" value="tests/test_buffers.py" /></properties><environment framework-version="3.6.2" clr-version="3.12.7 | packaged by Anaconda, Inc. | (main, Oct  4 2024, 08:22:19) [Clang 14.0.6 ]" os-version="25.2.0" platform="Darwin" cwd="/Users/georgelevis/Projects/Smart-Home-P2P-Energy-Trading-RL" machine-name="arm64" user="" user-domain="" culture="en_US" uiculture="en_US" os-architecture="64bit" /><failure><message><![CDATA[]]></message><stack-trace><![CDATA[None]]></stack-trace></failure><reason><message><![CDATA[]]></message></reason><output><![CDATA[]]></output></test-case><test-case id="108" name="tests/test_buffers.py::test_prioritized_buffer" fullname="tests/test_buffers.py::test_prioritized_buffer" methodname="test_prioritized_buffer" classname="tests/test_buffers.py" runstate="Runnable" seed="1" result="Passed" label="" start-time="2026-03-13 20:32:39.599047" end-time="2026-03-13 20:32:39.601198" duration="0.002151" asserts="0"><properties><property name="python-version" value="3.12.7 | packaged by Anaconda, Inc. | (main, Oct  4 2024, 08:22:19) [Clang 14.0.6 ]" /><property name="fspath" value="tests/test_buffers.py" /></properties><environment framework-version="3.6.2" clr-version="3.12.7 | packaged by Anaconda, Inc. | (main, Oct  4 2024, 08:22:19) [Clang 14.0.6 ]" os-version="25.2.0" platform="Darwin" cwd="/Users/georgelevis/Projects/Smart-Home-P2P-Energy-Trading-RL" machine-name="arm64" user="" user-domain="" culture="en_US" uiculture="en_US" os-architecture="64bit" /><failure><message><![CDATA[]]></message><stack-trace><![CDATA[None]]></stack-trace></failure><reason><message><![CDATA[]]></message></reason><output><![CDATA[]]></output></test-case><test-case id="109" name="tests/test_buffers.py::test_rollout_buffer_gae" fullname="tests/test_buffers.py::test_rollout_buffer_gae" methodname="test_rollout_buffer_gae" classname="tests/test_buffers.py" runstate="Runnable" seed="1" result="Passed" label="" start-time="2026-03-13 20:32:39.601367" end-time="2026-03-13 20:32:39.604501" duration="0.003134" asserts="0"><properties><property name="python-version" value="3.12.7 | packaged by Anaconda, Inc. | (main, Oct  4 2024, 08:22:19) [Clang 14.0.6 ]" /><property name="fspath" value="tests/test_buffers.py" /></properties><environment framework-version="3.6.2" clr-version="3.12.7 | packaged by Anaconda, Inc. | (main, Oct  4 2024, 08:22:19) [Clang 14.0.6 ]" os-version="25.2.0" platform="Darwin" cwd="/Users/georgelevis/Projects/Smart-Home-P2P-Energy-Trading-RL" machine-name="arm64" user="" user-domain="" culture="en_US" uiculture="en_US" os-architecture="64bit" /><failure><message><![CDATA[]]></message><stack-trace><![CDATA[None]]></stack-trace></failure><reason><message><![CDATA[]]></message></reason><output><![CDATA[]]></output></test-case><test-case id="110" name="tests/test_buffers.py::test_rollout_buffer_clear" fullname="tests/test_buffers.py::test_rollout_buffer_clear" methodname="test_rollout_buffer_clear" classname="tests/test_buffers.py" runstate="Runnable" seed="1" result="Passed" label="" start-time="2026-03-13 20:32:39.604676" end-time="2026-03-13 20:32:39.605120" duration="0.000444" asserts="0"><properties><property name="python-version" value="3.12.7 | packaged by Anaconda, Inc. | (main, Oct  4 2024, 08:22:19) [Clang 14.0.6 ]" /><property name="fspath" value="tests/test_buffers.py" /></properties><environment framework-version="3.6.2" clr-version="3.12.7 | packaged by Anaconda, Inc. | (main, Oct  4 2024, 08:22:19) [Clang 14.0.6 ]" os-version="25.2.0" platform="Darwin" cwd="/Users/georgelevis/Projects/Smart-Home-P2P-Energy-Trading-RL" machine-name="arm64" user="" user-domain="" culture="en_US" uiculture="en_US" os-architecture="64bit" /><failure><message><![CDATA[]]></message><stack-trace><![CDATA[None]]></stack-trace></failure><reason><message><![CDATA[]]></message></reason><output><![CDATA[]]></output></test-case><environment framework-version="3.6.2" clr-version="3.12.7 | packaged by Anaconda, Inc. | (main, Oct  4 2024, 08:22:19) [Clang 14.0.6 ]" os-version="25.2.0" platform="Darwin" cwd="/Users/georgelevis/Projects/Smart-Home-P2P-Energy-Trading-RL" machine-name="arm64" user="" user-domain="" culture="en_US" uiculture="en_US" os-architecture="64bit" /></test-suite><test-suite id="tests/test_environment.py::TestRegulatorIntegration" name="tests/test_environment.py::TestRegulatorIntegration" fullname="tests/test_environment.py::TestRegulatorIntegration" methodname="" classname="" runstate="Runnable" type="Assembly" testcasecount="2" result="Passed" label="" start-time="2026-03-13 20:32:39.635219" end-time="2026-03-13 20:32:39.637114" duration="0.001895" asserts="0" total="2" passed="2" failed="0" warnings="0" inconclusive="0" skipped="0"><properties><property name="python_version" value="3.12.7 | packaged by Anaconda, Inc. | (main, Oct  4 2024, 08:22:19) [Clang 14.0.6 ]" /></properties><test-case id="146" name="tests/test_environment.py::TestRegulatorIntegration::test_regulator_update_called_on_step" fullname="tests/test_environment.py::TestRegulatorIntegration::test_regulator_update_called_on_step" methodname="test_regulator_update_called_on_step" classname="TestRegulatorIntegration" runstate="Runnable" seed="1" result="Passed" label="EnergyEnv calls regulator.update after each step." start-time="2026-03-13 20:32:39.635219" end-time="2026-03-13 20:32:39.635816" duration="0.000597" asserts="0"><properties><property name="python-version" value="3.12.7 | packaged by Anaconda, Inc. | (main, Oct  4 2024, 08:22:19) [Clang 14.0.6 ]" /><property name="fspath" value="tests/test_environment.py" /></properties><environment framework-version="3.6.2" clr-version="3.12.7 | packaged by Anaconda, Inc. | (main, Oct  4 2024, 08:22:19) [Clang 14.0.6 ]" os-version="25.2.0" platform="Darwin" cwd="/Users/georgelevis/Projects/Smart-Home-P2P-Energy-Trading-RL" machine-name="arm64" user="" user-domain="" culture="en_US" uiculture="en_US" os-architecture="64bit" /><failure><message><![CDATA[]]></message><stack-trace><![CDATA[None]]></stack-trace></failure><reason><message><![CDATA[]]></message></reason><output><![CDATA[]]></output></test-case><test-case id="147" name="tests/test_environment.py::TestRegulatorIntegration::test_regulator_receives_selling_prices" fullname="tests/test_environment.py::TestRegulatorIntegration::test_regulator_receives_selling_prices" methodname="test_regulator_receives_selling_prices" classname="TestRegulatorIntegration" runstate="Runnable" seed="1" result="Passed" label="Regulator update receives the selling-price column (index 2) of actions." start-time="2026-03-13 20:32:39.635949" end-time="2026-03-13 20:32:39.637114" duration="0.001165" asserts="0"><properties><property name="python-version" value="3.12.7 | packaged by Anaconda, Inc. | (main, Oct  4 2024, 08:22:19) [Clang 14.0.6 ]" /><property name="fspath" value="tests/test_environment.py" /></properties><environment framework-version="3.6.2" clr-version="3.12.7 | packaged by Anaconda, Inc. | (main, Oct  4 2024, 08:22:19) [Clang 14.0.6 ]" os-version="25.2.0" platform="Darwin" cwd="/Users/georgelevis/Projects/Smart-Home-P2P-Energy-Trading-RL" machine-name="arm64" user="" user-domain="" culture="en_US" uiculture="en_US" os-architecture="64bit" /><failure><message><![CDATA[]]></message><stack-trace><![CDATA[None]]></stack-trace></failure><reason><message><![CDATA[]]></message></reason><output><![CDATA[]]></output></test-case><environment framework-version="3.6.2" clr-version="3.12.7 | packaged by Anaconda, Inc. | (main, Oct  4 2024, 08:22:19) [Clang 14.0.6 ]" os-version="25.2.0" platform="Darwin" cwd="/Users/georgelevis/Projects/Smart-Home-P2P-Energy-Trading-RL" machine-name="arm64" user="" user-domain="" culture="en_US" uiculture="en_US" os-architecture="64bit" /></test-suite><test-suite id="tests/test_market.py" name="tests/test_market.py" fullname="tests/test_market.py" methodname="" classname="" runstate="Runnable" type="Assembly" testcasecount="9" result="Passed" label="Tests for market regulators." start-time="2026-03-13 20:32:39.887723" end-time="2026-03-13 20:32:39.897138" duration="0.009415" asserts="0" total="9" passed="9" failed="0" warnings="0" inconclusive="0" skipped="0"><properties><property name="python_version" value="3.12.7 | packaged by Anaconda, Inc. | (main, Oct  4 2024, 08:22:19) [Clang 14.0.6 ]" /></properties><test-case id="174" name="tests/test_market.py::test_detection_no_penalty_without_history" fullname="tests/test_market.py::test_detection_no_penalty_without_history" methodname="test_detection_no_penalty_without_history" classname="tests/test_market.py" runstate="Runnable" seed="1" result="Passed" label="" start-time="2026-03-13 20:32:39.887723" end-time="2026-03-13 20:32:39.887902" duration="0.000179" asserts="0"><properties><property name="python-version" value="3.12.7 | packaged by Anaconda, Inc. | (main, Oct  4 2024, 08:22:19) [Clang 14.0.6 ]" /><property name="fspath" value="tests/test_market.py" /></properties><environment 
[...]
    env = EnergyEnv(EnvConfig(), MarketConfig(), scenario=SCENARIOS["price_spike"])
src/environment/energy_env.py:37: in __init__
    from environment.environment import Environment  # noqa: PLC0415
environment/__init__.py:1: in &lt;module&gt;
    from .environment import Environment as Environment
environment/environment.py:9: in &lt;module&gt;
    from utilities import Utilities
E   ImportError: cannot import name 'Utilities' from 'utilities' (/Users/georgelevis/Projects/Smart-Home-P2P-Energy-Trading-RL/utilities/__init__.py)]]></message><stack-trace><![CDATA[/Users/georgelevis/Projects/Smart-Home-P2P-Energy-Trading-RL/environment/environment.py:9: ImportError: cannot import name 'Utilities' from 'utilities' (/Users/georgelevis/Projects/Smart-Home-P2P-Energy-Trading-RL/utilities/__init__.py)]]></stack-trace></failure><reason><message><![CDATA[]]></message></reason><output><![CDATA[]]></output></test-case><test-case id="155" name="tests/test_environment.py::TestEnergyEnvIntegration::test_real_scenario_solar_dropout" fullname="tests/test_environment.py::TestEnergyEnvIntegration::test_real_scenario_solar_dropout" methodname="test_real_scenario_solar_dropout" classname="TestEnergyEnvIntegration" runstate="Runnable" seed="1" result="Failed" label="Solar dropout scenario should not crash on step." start-time="2026-03-13 20:32:39.733943" end-time="2026-03-13 20:32:39.746030" duration="0.012087" asserts="0"><properties><property name="python-version" value="3.12.7 | packaged by Anaconda, Inc. | (main, Oct  4 2024, 08:22:19) [Clang 14.0.6 ]" /><property name="fspath" value="tests/test_environment.py" /></properties><environment framework-version="3.6.2" clr-version="3.12.7 | packaged by Anaconda, Inc. | (main, Oct  4 2024, 08:22:19) [Clang 14.0.6 ]" os-version="25.2.0" platform="Darwin" cwd="/Users/georgelevis/Projects/Smart-Home-P2P-Energy-Trading-RL" machine-name="arm64" user="" user-domain="" culture="en_US" uiculture="en_US" os-architecture="64bit" /><failure><message><![CDATA[tests/test_environment.py:371: in test_real_scenario_solar_dropout
    env = EnergyEnv(EnvConfig(), MarketConfig(), scenario=SCENARIOS["solar_dropout"])
src/environment/energy_env.py:37: in __init__
    from environment.environment import Environment  # noqa: PLC0415
environment/__init__.py:1: in &lt;module&gt;
    from .environment import Environment as Environment
environment/environment.py:9: in &lt;module&gt;
    from utilities import Utilities
E   ImportError: cannot import name 'Utilities' from 'utilities' (/Users/georgelevis/Projects/Smart-Home-P2P-Energy-Trading-RL/utilities/__init__.py)]]></message><stack-trace><![CDATA[/Users/georgelevis/Projects/Smart-Home-P2P-Energy-Trading-RL/environment/environment.py:9: ImportError: cannot import name 'Utilities' from 'utilities' (/Users/georgelevis/Projects/Smart-Home-P2P-Energy-Trading-RL/utilities/__init__.py)]]></stack-trace></failure><reason><message><![CDATA[]]></message></reason><output><![CDATA[]]></output></test-case><environment framework-version="3.6.2" clr-version="3.12.7 | packaged by Anaconda, Inc. | (main, Oct  4 2024, 08:22:19) [Clang 14.0.6 ]" os-version="25.2.0" platform="Darwin" cwd="/Users/georgelevis/Projects/Smart-Home-P2P-Energy-Trading-RL" machine-name="arm64" user="" user-domain="" culture="en_US" uiculture="en_US" os-architecture="64bit" /></test-suite><test-suite id="tests/test_config.py" name="tests/test_config.py" fullname="tests/test_config.py" methodname="" classname="" runstate="Runnable" type="Assembly" testcasecount="8" result="Passed" label="Tests for Pydantic config system." start-time="2026-03-13 20:32:39.605325" end-time="2026-03-13 20:32:39.612293" duration="0.006968" asserts="0" total="8" passed="8" failed="0" warnings="0" inconclusive="0" skipped="0"><properties><property name="python_version" value="3.12.7 | packaged by Anaconda, Inc. | (main, Oct  4 2024, 08:22:19) [Clang 14.0.6 ]" /></properties><test-case id="111" name="tests/test_config.py::test_env_config_defaults" fullname="tests/test_config.py::test_env_config_defaults" methodname="test_env_config_defaults" classname="tests/test_config.py" runstate="Runnable" seed="1" result="Passed" label="" start-time="2026-03-13 20:32:39.605325" end-time="2026-03-13 20:32:39.605498" duration="0.000173" asserts="0"><properties><property name="python-version" value="3.12.7 | packaged by Anaconda, Inc. | (main, Oct  4 2024, 08:22:19) [Clang 14.0.6 ]" /><property name="fspath" value="tests/test_config.py" /></properties><environment framework-version="3.6.2" clr-version="3.12.7 | packaged by Anaconda, Inc. | (main, Oct  4 2024, 08:22:19) [Clang 14.0.6 ]" os-version="25.2.0" platform="Darwin" cwd="/Users/georgelevis/Projects/Smart-Home-P2P-Energy-Trading-RL" machine-name="arm64" user="" user-domain="" culture="en_US" uiculture="en_US" os-architecture="64bit" /><failure><message><![CDATA[]]></message><stack-trace><![CDATA[None]]></stack-trace></failure><reason><message><![CDATA[]]></message></reason><output><![CDATA[]]></output></test-case><test-case id="112" name="tests/test_config.py::test_market_config_frozen" fullname="tests/test_config.py::test_market_config_frozen" methodname="test_market_config_frozen" classname="tests/test_config.py" runstate="Runnable" seed="1" result="Passed" label="" start-time="2026-03-13 20:32:39.605628" end-time="2026-03-13 20:32:39.605844" duration="0.000216" asserts="0"><properties><property name="python-version" value="3.12.7 | packaged by Anaconda, Inc. | (main, Oct  4 2024, 08:22:19) [Clang 14.0.6 ]" /><property name="fspath" value="tests/test_config.py" /></properties><environment framework-version="3.6.2" clr-version="3.12.7 | packaged by Anaconda, Inc. | (main, Oct  4 2024, 08:22:19) [Clang 14.0.6 ]" os-version="25.2.0" platform="Darwin" cwd="/Users/georgelevis/Projects/Smart-Home-P2P-Energy-Trading-RL" machine-name="arm64" user="" user-domain="" culture="en_US" uiculture="en_US" os-architecture="64bit" /><failure><message><![CDATA[]]></message><stack-trace><![CDATA[None]]></stack-trace></failure><reason><message><![CDATA[]]></message></reason><output><![CDATA[]]></output></test-case><test-case id="113" name="tests/test_config.py::test_ddpg_config" fullname="tests/test_config.py::test_ddpg_config" methodname="test_ddpg_config" classname="tests/test_config.py" runstate="Runnable" seed="1" result="Passed" label="" start-time="2026-03-13 20:32:39.605961" end-time="2026-03-13 20:32:39.606105" duration="0.000144" asserts="0"><properties><property name="python-version" value="3.12.7 | packaged by Anaconda, Inc. | (main, Oct  4 2024, 08:22:19) [Clang 14.0.6 ]" /><property name="fspath" value="tests/test_config.py" /></properties><environment framework-version="3.6.2" clr-version="3.12.7 | packaged by Anaconda, Inc. | (main, Oct  4 2024, 08:22:19) [Clang 14.0.6 ]" os-version="25.2.0" platform="Darwin" cwd="/Users/georgelevis/Projects/Smart-Home-P2P-Energy-Trading-RL" machine-name="arm64" user="" user-domain="" culture="en_US" uiculture="en_US" os-architecture="64bit" /><failure><message><![CDATA[]]></message><stack-trace><![CDATA[None]]></stack-trace></failure><reason><message><![CDATA[]]></message></reason><output><![CDATA[]]></output></test-case><test-case id="114" name="tests/test_config.py::test_sac_config" fullname="tests/test_config.py::test_sac_config" methodname="test_sac_config" classname="tests/test_config.py" runstate="Runnable" seed="1" result="Passed" label="" start-time="2026-03-13 20:32:39.606215" end-time="2026-03-13 20:32:39.606356" duration="0.000141" asserts="0"><properties><property name="python-version" value="3.12.7 | packaged by Anaconda, Inc. | (main, Oct  4 2024, 08:22:19) [Clang 14.0.6 ]" /><property name="fspath" value="tests/test_config.py" /></properties><environment framework-version="3.6.2" clr-version="3.12.7 | packaged by Anaconda, Inc. | (main, Oct  4 2024, 08:22:19) [Clang 14.0.6 ]" os-version="25.2.0" platform="Darwin" cwd="/Users/georgelevis/Projects/Smart-Home-P2P-Energy-Trading-RL" machine-name="arm64" user="" user-domain="" culture="en_US" uiculture="en_US" os-architecture="64bit" /><failure><message><![CDATA[]]></message><stack-trace><![CDATA[None]]></stack-trace></failure><reason><message><![CDATA[]]></message></reason><output><![CDATA[]]></output></test-case><test-case id="115" name="tests/test_config.py::test_td3_config" fullname="tests/test_config.py::test_td3_config" methodname="test_td3_config" classname="tests/test_config.py" runstate="Runnable" seed="1" result="Passed" label="" start-time="2026-03-13 20:32:39.606466" end-time="2026-03-13 20:32:39.606605" duration="0.000139" asserts="0"><properties><property name="python-version" value="3.12.7 | packaged by Anaconda, Inc. | (main, Oct  4 2024, 08:22:19) [Clang 14.0.6 ]" /><property name="fspath" value="tests/test_config.py" /></properties><environment framework-version="3.6.2" clr-version="3.12.7 | packaged by Anaconda, Inc. | (main, Oct  4 2024, 08:22:19) [Clang 14.0.6 ]" os-version="25.2.0" platform="Darwin" cwd="/Users/georgelevis/Projects/Smart-Home-P2P-Energy-Trading-RL" machine-name="arm64" user="" user-domain="" culture="en_US" uiculture="en_US" os-architecture="64bit" /><failure><message><![CDATA[]]></message><stack-trace><![CDATA[None]]></stack-trace></failure><reason><message><![CDATA[]]></message></reason><output><![CDATA[]]></output></test-case><test-case id="116" name="tests/test_config.py::test_ppo_config" fullname="tests/test_config.py::test_ppo_config" methodname="test_ppo_config" classname="tests/test_config.py" runstate="Runnable" seed="1" result="Passed" label="" start-time="2026-03-13 20:32:39.606713" end-time="2026-03-13 20:32:39.606855" duration="0.000142" asserts="0"><properties><property name="python-version" value="3.12.7 | packaged by Anaconda, Inc. | (main, Oct  4 2024, 08:22:19) [Clang 14.0.6 ]" /><property name="fspath" value="tests/test_config.py" /></properties><environment framework-version="3.6.2" clr-version="3.12.7 | packaged by Anaconda, Inc. | (main, Oct  4 2024, 08:22:19) [Clang 14.0.6 ]" os-version="25.2.0" platform="Darwin" cwd="/Users/georgelevis/Projects/Smart-Home-P2P-Energy-Trading-RL" machine-name="arm64" user="" user-domain="" culture="en_US" uiculture="en_US" os-architecture="64bit" /><failure><message><![CDATA[]]></message><stack-trace><![CDATA[None]]></stack-trace></failure><reason><message><![CDATA[]]></message></reason><output><![CDATA[]]></output></test-case><test-case id="117" name="tests/test_config.py::test_experiment_config_agent_dispatch" fullname="tests/test_config.py::test_experiment_config_agent_dispatch" methodname="test_experiment_config_agent_dispatch" classname="tests/test_config.py" runstate="Runnable" seed="1" result="Passed" label="" start-time="2026-03-13 20:32:39.606960" end-time="2026-03-13 20:32:39.607156" duration="0.000196" asserts="0"><properties><property name="python-version" value="3.12.7 | packaged by Anaconda, Inc. | (main, Oct  4 2024, 08:22:19) [Clang 14.0.6 ]" /><property name="fspath" value="tests/test_config.py" /></properties><environment framework-version="3.6.2" clr-version="3.12.7 | packaged by Anaconda, Inc. | (main, Oct  4 2024, 08:22:19) [Clang 14.0.6 ]" os-version="25.2.0" platform="Darwin" cwd="/Users/georgelevis/Projects/Smart-Home-P2P-Energy-Trading-RL" machine-name="arm64" user="" user-domain="" culture="en_US" uiculture="en_US" os-architecture="64bit" /><failure><message><![CDATA[]]></message><stack-trace><![CDATA[None]]></stack-trace></failure><reason><message><![CDATA[]]></message></reason><output><![CDATA[]]></output></test-case><test-case id="118" name="tests/test_config.py::test_experiment_config_yaml_roundtrip" fullname="tests/test_config.py::test_experiment_config_yaml_roundtrip" methodname="test_experiment_config_yaml_roundtrip" classname="tests/test_config.py" runstate="Runnable" seed="1" result="Passed" label="" start-time="2026-03-13 20:32:39.607648" end-time="2026-03-13 20:32:39.612293" duration="0.004645" asserts="0"><properties><property name="python-version" value="3.12.7 | packaged by Anaconda, Inc. | (main, Oct  4 2024, 08:22:19) [Clang 14.0.6 ]" /><property name="fspath" value="tests/test_config.py" /></properties><environment framework-version="3.6.2" clr-version="3.12.7 | packaged by Anaconda, Inc. | (main, Oct  4 2024, 08:22:19) [Clang 14.0.6 ]" os-version="25.2.0" platform="Darwin" cwd="/Users/georgelevis/Projects/Smart-Home-P2P-Energy-Trading-RL" machine-name="arm64" user="" user-domain="" culture="en_US" uiculture="en_US" os-architecture="64bit" /><failure><message><![CDATA[]]></message><stack-trace><![CDATA[None]]></stack-trace></failure><reason><message><![CDATA[]]></message></reason><output><![CDATA[]]></output></test-case><environment framework-version="3.6.2" clr-version="3.12.7 | packaged by Anaconda, Inc. | (main, Oct  4 2024, 08:22:19) [Clang 14.0.6 ]" os-version="25.2.0" platform="Darwin" cwd="/Users/georgelevis/Projects/Smart-Home-P2P-Energy-Trading-RL" machine-name="arm64" user="" user-domain="" culture="en_US" uiculture="en_US" os-architecture="64bit" /></test-suite><test-suite id="tests/test_scenarios.py" name="tests/test_scenarios.py" fullname="tests/test_scenarios.py" methodname="" classname="" runstate="Runnable" type="Assembly" testcasecount="5" result="Passed" label="Tests for stress scenarios." start-time="2026-03-13 20:32:40.314181" end-time="2026-03-13 20:32:40.315417" duration="0.001236" asserts="0" total="5" passed="5" failed="0" warnings="0" inconclusive="0" skipped="0"><properties><property name="python_version" value="3.12.7 | packaged by Anaconda, Inc. | (main, Oct  4 2024, 08:22:19) [Clang 14.0.6 ]" /></properties><test-case id="202" name="tests/test_scenarios.py::test_scenarios_dict_keys" fullname="tests/test_scenarios.py::test_scenarios_dict_keys" methodname="test_scenarios_dict_keys" classname="tests/test_scenarios.py" runstate="Runnable" seed="1" result="Passed" label="" start-time="2026-03-13 20:32:40.314181" end-time="2026-03-13 20:32:40.314355" duration="0.000174" asserts="0"><properties><property name="python-version" value="3.12.7 | packaged by Anaconda, Inc. | (main, Oct  4 2024, 08:22:19) [Clang 14.0.6 ]" /><property name="fspath" value="tests/test_scenarios.py" /></properties><environment framework-version="3.6.2" clr-version="3.12.7 | packaged by Anaconda, Inc. | (main, Oct  4 2024, 08:22:19) [Clang 14.0.6 ]" os-version="25.2.0" platform="Darwin" cwd="/Users/georgelevis/Projects/Smart-Home-P2P-Energy-Trading-RL" machine-name="arm64" user="" user-domain="" culture="en_US" uiculture="en_US" os-architecture="64bit" /><failure><message><![CDATA[]]></message><stack-trace><![CDATA[None]]></stack-trace></failure><reason><message><![CDATA[]]></message></reason><output><![CDATA[]]></output></test-case><test-case id="203" name="tests/test_scenarios.py::test_normal_scenario_no_modifiers" fullname="tests/test_scenarios.py::test_normal_scenario_no_modifiers" methodname="test_normal_scenario_no_modifiers" classname="tests/test_scenarios.py" runstate="Runnable" seed="1" result="Passed" label="" start-time="2026-03-13 20:32:40.314490" end-time="2026-03-13 20:32:40.314637" duration="0.000147" asserts="0"><properties><property name="python-version" value="3.12.7 | packaged by Anaconda, Inc. | (main, Oct  4 2024, 08:22:19) [Clang 14.0.6 ]" /><property name="fspath" value="tests/test_scenarios.py" /></properties><environment framework-version="3.6.2" clr-version="3.12.7 | packaged by Anaconda, Inc. | (main, Oct  4 2024, 08:22:19) [Clang 14.0.6 ]" os-version="25.2.0" platform="Darwin" cwd="/Users/georgelevis/Projects/Smart-Home-P2P-Energy-Trading-RL" machine-name="arm64" user="" user-domain="" culture="en_US" uiculture="en_US" os-architecture="64bit" /><failure><message><![CDATA[]]></message><stack-trace><![CDATA[None]]></stack-trace></failure><reason><message><![CDATA[]]></message></reason><output><![CDATA[]]></output></test-case><test-case id="204" name="tests/test_scenarios.py::test_combined_crisis_all_active" fullname="tests/test_scenarios.py::test_combined_crisis_all_active" methodname="test_combined_crisis_all_active" classname="tests/test_scenarios.py" runstate="Runnable" seed="1" result="Passed" label="" start-time="2026-03-13 20:32:40.314754" end-time="2026-03-13 20:32:40.314903" duration="0.000149" asserts="0"><properties><property name="python-version" value="3.12.7 | packaged by Anaconda, Inc. | (main, Oct  4 2024, 08:22:19) [Clang 14.0.6 ]" /><property name="fspath" value="tests/test_scenarios.py" /></properties><environment framework-version="3.6.2" clr-version="3.12.7 | packaged by Anaconda, Inc. | (main, Oct  4 2024, 08:22:19) [Clang 14.0.6 ]" os-version="25.2.0" platform="Darwin" cwd="/Users/georgelevis/Projects/Smart-Home-P2P-Energy-Trading-RL" machine-name="arm64" user="" user-domain="" culture="en_US" uiculture="en_US" os-architecture="64bit" /><failure><message><![CDATA[]]></message><stack-trace><![CDATA[None]]></stack-trace></failure><reason><message><![CDATA[]]></message></reason><output><![CDATA[]]></output></test-case><test-case id="205" name="tests/test_scenarios.py::test_scenario_frozen" fullname="tests/test_scenarios.py::test_scenario_frozen" methodname="test_scenario_frozen" classname="tests/test_scenarios.py" runstate="Runnable" seed="1" result="Passed" label="" start-time="2026-03-13 20:32:40.315017" end-time="2026-03-13 20:32:40.315175" duration="0.000158" asserts="0"><properties><property name="python-version" value="3.12.7 | packaged by Anaconda, Inc. | (main, Oct  4 2024, 08:22:19) [Clang 14.0.6 ]" /><property name="fspath" value="tests/test_scenarios.py" /></properties><environment framework-version="3.6.2" clr-version="3.12.7 | packaged by Anaconda, Inc. | (main, Oct  4 2024, 08:22:19) [Clang 14.0.6 ]" os-version="25.2.0" platform="Darwin" cwd="/Users/georgelevis/Projects/Smart-Home-P2P-Energy-Trading-RL" machine-name="arm64" user="" user-domain="" culture="en_US" uiculture="en_US" os-architecture="64bit" /><failure><message><![CDATA[]]></message><stack-trace><![CDATA[None]]></stack-trace></failure><reason><message><![CDATA[]]></message></reason><output><![CDATA[]]></output></test-case><test-case id="206" name="tests/test_scenarios.py::test_scenario_custom" fullname="tests/test_scenarios.py::test_scenario_custom" methodname="test_scenario_custom" classname="tests/test_scenarios.py" runstate="Runnable" seed="1" result="Passed" label="" start-time="2026-03-13 20:32:40.315282" end-time="2026-03-13 20:32:40.315417" duration="0.000135" asserts="0"><properties><property name="python-version" value="3.12.7 | packaged by Anaconda, Inc. | (main, Oct  4 2024, 08:22:19) [Clang 14.0.6 ]" /><property name="fspath" value="tests/test_scenarios.py" /></properties><environment framework-version="3.6.2" clr-version="3.12.7 | packaged by Anaconda, Inc. | (main, Oct  4 2024, 08:22:19) [Clang 14.0.6 ]" os-version="25.2.0" platform="Darwin" cwd="/Users/georgelevis/Projects/Smart-Home-P2P-Energy-Trading-RL" machine-name="arm64" user="" user-domain="" culture="en_US" uiculture="en_US" os-architecture="64bit" /><failure><message><![CDATA[]]></message><stack-trace><![CDATA[None]]></stack-trace></failure><reason><message><![CDATA[]]></message></reason><output><![CDATA[]]></output></test-case><environment framework-version="3.6.2" clr-version="3.12.7 | packaged by Anaconda, Inc. | (main, Oct  4 2024, 08:22:19) [Clang 14.0.6 ]" os-version="25.2.0" platform="Darwin" cwd="/Users/georgelevis/Projects/Smart-Home-P2P-Energy-Trading-RL" machine-name="arm64" user="" user-domain="" culture="en_US" uiculture="en_US" os-architecture="64bit" /></test-suite></test-run>